<?xml version="1.0" encoding="UTF-8"?>
<TestRun id="3417bc19-d6c2-4ce1-b595-10d0157fdba2" name="vanderkorn@VANDERKORN-PC 2012-07-01 20:34:44" runUser="vanderkorn-PC\vanderkorn" xmlns="http://microsoft.com/schemas/VisualStudio/TeamTest/2010">
  <TestSettings name="Локальные" id="35777131-df4e-4c2a-9d13-f634c7f90450">
    <Description>Это - параметры по умолчанию для локального тестового запуска.</Description>
    <Deployment enabled="false" runDeploymentRoot="vanderkorn_VANDERKORN-PC 2012-07-01 20_34_44">
      <DeploymentItem filename="C:\Users\vanderkorn\Documents\Visual Studio 2010\Projects\Vanderkorn\Vanderkorn\bin\Debug\Vanderkorn.dll" />
    </Deployment>
    <Execution>
      <TestTypeSpecific />
      <AgentRule name="Execution Agents">
      </AgentRule>
    </Execution>
  </TestSettings>
  <Times creation="2012-07-01T20:34:44.2477967+05:00" queuing="2012-07-01T20:34:52.8460425+05:00" start="2012-07-01T20:34:53.1910440+05:00" finish="2012-07-01T20:36:19.2487426+05:00" />
  <ResultSummary outcome="Error">
    <Counters total="101" executed="1" error="0" failed="0" timeout="0" aborted="1" inconclusive="0" passedButRunAborted="0" notRunnable="0" notExecuted="100" disconnected="0" warning="0" passed="0" completed="0" inProgress="0" pending="0" />
    <RunInfos>
      <RunInfo computerName="VANDERKORN-PC" outcome="Warning" timestamp="2012-07-01T20:34:45.6598405+05:00">
        <Text>Развертывание в данный момент запрещено. Элемент развертывания "Vanderkorn.dll" для теста "TestProject1.MatrixTest.PascalElementTest" не был развернут.</Text>
      </RunInfo>
      <RunInfo computerName="VANDERKORN-PC" outcome="Error" timestamp="2012-07-01T20:36:19.1987410+05:00">
        <Text>Неожиданный выход из тестового хост-процесса.</Text>
      </RunInfo>
    </RunInfos>
  </ResultSummary>
  <TestDefinitions>
    <UnitTest name="PascalElementTest" storage="c:\users\vanderkorn\documents\visual studio 2010\projects\vanderkorn\testproject1\bin\debug\testproject1.dll" id="f4674a73-6199-18af-abf4-680a87bb0808">
      <DeploymentItems>
        <DeploymentItem filename="Vanderkorn.dll" />
      </DeploymentItems>
      <Execution id="a5cc1290-0b39-49d4-8f27-944296aeeec9" />
      <TestMethod codeBase="C:/Users/vanderkorn/Documents/Visual Studio 2010/Projects/Vanderkorn/TestProject1/bin/Debug/TestProject1.DLL" adapterTypeName="Microsoft.VisualStudio.TestTools.TestTypes.Unit.UnitTestAdapter, Microsoft.VisualStudio.QualityTools.Tips.UnitTest.Adapter, Version=10.0.0.0, Culture=neutral, PublicKeyToken=b03f5f7f11d50a3a" className="TestProject1.MatrixTest, TestProject1, Version=1.0.0.0, Culture=neutral, PublicKeyToken=null" name="PascalElementTest" />
    </UnitTest>
    <UnitTest name="OnesTest" storage="c:\users\vanderkorn\documents\visual studio 2010\projects\vanderkorn\testproject1\bin\debug\testproject1.dll" id="e3bf8c3e-900b-f9f0-9023-d4e8e39bb1a2">
      <Execution id="c2626684-3557-4103-99ad-ef4e43b2ccdc" />
      <TestMethod codeBase="C:/Users/vanderkorn/Documents/Visual Studio 2010/Projects/Vanderkorn/TestProject1/bin/Debug/TestProject1.DLL" adapterTypeName="Microsoft.VisualStudio.TestTools.TestTypes.Unit.UnitTestAdapter, Microsoft.VisualStudio.QualityTools.Tips.UnitTest.Adapter, Version=10.0.0.0, Culture=neutral, PublicKeyToken=b03f5f7f11d50a3a" className="TestProject1.MatrixTest, TestProject1, Version=1.0.0.0, Culture=neutral, PublicKeyToken=null" name="OnesTest" />
    </UnitTest>
    <UnitTest name="op_InequalityTest" storage="c:\users\vanderkorn\documents\visual studio 2010\projects\vanderkorn\testproject1\bin\debug\testproject1.dll" id="fba700a0-d91b-19f6-8cc0-357e3b96ea62">
      <Execution id="90d94471-baa4-4afb-a28b-e6d60fe0478c" />
      <TestMethod codeBase="C:/Users/vanderkorn/Documents/Visual Studio 2010/Projects/Vanderkorn/TestProject1/bin/Debug/TestProject1.DLL" adapterTypeName="Microsoft.VisualStudio.TestTools.TestTypes.Unit.UnitTestAdapter, Microsoft.VisualStudio.QualityTools.Tips.UnitTest.Adapter, Version=10.0.0.0, Culture=neutral, PublicKeyToken=b03f5f7f11d50a3a" className="TestProject1.MatrixTest, TestProject1, Version=1.0.0.0, Culture=neutral, PublicKeyToken=null" name="op_InequalityTest" />
    </UnitTest>
    <UnitTest name="ZeroTest" storage="c:\users\vanderkorn\documents\visual studio 2010\projects\vanderkorn\testproject1\bin\debug\testproject1.dll" id="464ffb12-7bc5-d3f2-19ef-bccc5efc6724">
      <Execution id="75ad1fa9-3883-4b07-a1c0-d44faf733a07" />
      <TestMethod codeBase="C:/Users/vanderkorn/Documents/Visual Studio 2010/Projects/Vanderkorn/TestProject1/bin/Debug/TestProject1.DLL" adapterTypeName="Microsoft.VisualStudio.TestTools.TestTypes.Unit.UnitTestAdapter, Microsoft.VisualStudio.QualityTools.Tips.UnitTest.Adapter, Version=10.0.0.0, Culture=neutral, PublicKeyToken=b03f5f7f11d50a3a" className="TestProject1.MatrixTest, TestProject1, Version=1.0.0.0, Culture=neutral, PublicKeyToken=null" name="ZeroTest" />
    </UnitTest>
    <UnitTest name="IsDiagonalTest" storage="c:\users\vanderkorn\documents\visual studio 2010\projects\vanderkorn\testproject1\bin\debug\testproject1.dll" id="8a5ecf5c-5004-ad3a-013c-dec5ed0fbdd9">
      <Execution id="16163158-9316-4932-9751-832928f0ada8" />
      <TestMethod codeBase="C:/Users/vanderkorn/Documents/Visual Studio 2010/Projects/Vanderkorn/TestProject1/bin/Debug/TestProject1.DLL" adapterTypeName="Microsoft.VisualStudio.TestTools.TestTypes.Unit.UnitTestAdapter, Microsoft.VisualStudio.QualityTools.Tips.UnitTest.Adapter, Version=10.0.0.0, Culture=neutral, PublicKeyToken=b03f5f7f11d50a3a" className="TestProject1.MatrixTest, TestProject1, Version=1.0.0.0, Culture=neutral, PublicKeyToken=null" name="IsDiagonalTest" />
    </UnitTest>
    <UnitTest name="op_SubtractionTest2" storage="c:\users\vanderkorn\documents\visual studio 2010\projects\vanderkorn\testproject1\bin\debug\testproject1.dll" id="8a076334-ed9b-9218-85c9-3dfa9f1fabd7">
      <Execution id="bef07048-9c13-4a9d-b7a4-747499be7354" />
      <TestMethod codeBase="C:/Users/vanderkorn/Documents/Visual Studio 2010/Projects/Vanderkorn/TestProject1/bin/Debug/TestProject1.DLL" adapterTypeName="Microsoft.VisualStudio.TestTools.TestTypes.Unit.UnitTestAdapter, Microsoft.VisualStudio.QualityTools.Tips.UnitTest.Adapter, Version=10.0.0.0, Culture=neutral, PublicKeyToken=b03f5f7f11d50a3a" className="TestProject1.MatrixTest, TestProject1, Version=1.0.0.0, Culture=neutral, PublicKeyToken=null" name="op_SubtractionTest2" />
    </UnitTest>
    <UnitTest name="op_AdditionTest1" storage="c:\users\vanderkorn\documents\visual studio 2010\projects\vanderkorn\testproject1\bin\debug\testproject1.dll" id="db16b0da-9929-eff7-0958-07b2076eaf4f">
      <Execution id="f8a454d8-d0a0-41ac-aaea-2e1f7e9a9e35" />
      <TestMethod codeBase="C:/Users/vanderkorn/Documents/Visual Studio 2010/Projects/Vanderkorn/TestProject1/bin/Debug/TestProject1.DLL" adapterTypeName="Microsoft.VisualStudio.TestTools.TestTypes.Unit.UnitTestAdapter, Microsoft.VisualStudio.QualityTools.Tips.UnitTest.Adapter, Version=10.0.0.0, Culture=neutral, PublicKeyToken=b03f5f7f11d50a3a" className="TestProject1.MatrixTest, TestProject1, Version=1.0.0.0, Culture=neutral, PublicKeyToken=null" name="op_AdditionTest1" />
    </UnitTest>
    <UnitTest name="op_AdditionTest3" storage="c:\users\vanderkorn\documents\visual studio 2010\projects\vanderkorn\testproject1\bin\debug\testproject1.dll" id="22721632-6b44-068a-5dfb-07b05b326cf4">
      <Execution id="7f350494-1f92-4286-826c-3d8e5338b20e" />
      <TestMethod codeBase="C:/Users/vanderkorn/Documents/Visual Studio 2010/Projects/Vanderkorn/TestProject1/bin/Debug/TestProject1.DLL" adapterTypeName="Microsoft.VisualStudio.TestTools.TestTypes.Unit.UnitTestAdapter, Microsoft.VisualStudio.QualityTools.Tips.UnitTest.Adapter, Version=10.0.0.0, Culture=neutral, PublicKeyToken=b03f5f7f11d50a3a" className="TestProject1.MatrixTest, TestProject1, Version=1.0.0.0, Culture=neutral, PublicKeyToken=null" name="op_AdditionTest3" />
    </UnitTest>
    <UnitTest name="TTest" storage="c:\users\vanderkorn\documents\visual studio 2010\projects\vanderkorn\testproject1\bin\debug\testproject1.dll" id="099d434e-81cd-2916-3744-b5bd585b4b8a">
      <Execution id="d8078d8d-c059-4ba9-9e98-50653e2e06c3" />
      <TestMethod codeBase="C:/Users/vanderkorn/Documents/Visual Studio 2010/Projects/Vanderkorn/TestProject1/bin/Debug/TestProject1.DLL" adapterTypeName="Microsoft.VisualStudio.TestTools.TestTypes.Unit.UnitTestAdapter, Microsoft.VisualStudio.QualityTools.Tips.UnitTest.Adapter, Version=10.0.0.0, Culture=neutral, PublicKeyToken=b03f5f7f11d50a3a" className="TestProject1.MatrixTest, TestProject1, Version=1.0.0.0, Culture=neutral, PublicKeyToken=null" name="TTest" />
    </UnitTest>
    <UnitTest name="RowMultiplicationTest" storage="c:\users\vanderkorn\documents\visual studio 2010\projects\vanderkorn\testproject1\bin\debug\testproject1.dll" id="e3f9a2b1-d282-72db-e07c-ed612981e2ba">
      <Execution id="abd6bc20-30a8-41ea-b17f-b67bf14cab4e" />
      <TestMethod codeBase="C:/Users/vanderkorn/Documents/Visual Studio 2010/Projects/Vanderkorn/TestProject1/bin/Debug/TestProject1.DLL" adapterTypeName="Microsoft.VisualStudio.TestTools.TestTypes.Unit.UnitTestAdapter, Microsoft.VisualStudio.QualityTools.Tips.UnitTest.Adapter, Version=10.0.0.0, Culture=neutral, PublicKeyToken=b03f5f7f11d50a3a" className="TestProject1.MatrixTest, TestProject1, Version=1.0.0.0, Culture=neutral, PublicKeyToken=null" name="RowMultiplicationTest" />
    </UnitTest>
    <UnitTest name="AbsTest1" storage="c:\users\vanderkorn\documents\visual studio 2010\projects\vanderkorn\testproject1\bin\debug\testproject1.dll" id="9bc2a3b1-a16f-60be-cad1-0bc661a1e754">
      <Execution id="6a893ab0-44e3-45c0-8305-e00620a854f7" />
      <TestMethod codeBase="C:/Users/vanderkorn/Documents/Visual Studio 2010/Projects/Vanderkorn/TestProject1/bin/Debug/TestProject1.DLL" adapterTypeName="Microsoft.VisualStudio.TestTools.TestTypes.Unit.UnitTestAdapter, Microsoft.VisualStudio.QualityTools.Tips.UnitTest.Adapter, Version=10.0.0.0, Culture=neutral, PublicKeyToken=b03f5f7f11d50a3a" className="TestProject1.MatrixTest, TestProject1, Version=1.0.0.0, Culture=neutral, PublicKeyToken=null" name="AbsTest1" />
    </UnitTest>
    <UnitTest name="IsSymmetricTest" storage="c:\users\vanderkorn\documents\visual studio 2010\projects\vanderkorn\testproject1\bin\debug\testproject1.dll" id="d76f033e-3080-e631-0c04-ca1b2c7d8a2b">
      <Execution id="89e97262-4a0a-4766-b240-3b5bcbf2c15d" />
      <TestMethod codeBase="C:/Users/vanderkorn/Documents/Visual Studio 2010/Projects/Vanderkorn/TestProject1/bin/Debug/TestProject1.DLL" adapterTypeName="Microsoft.VisualStudio.TestTools.TestTypes.Unit.UnitTestAdapter, Microsoft.VisualStudio.QualityTools.Tips.UnitTest.Adapter, Version=10.0.0.0, Culture=neutral, PublicKeyToken=b03f5f7f11d50a3a" className="TestProject1.MatrixTest, TestProject1, Version=1.0.0.0, Culture=neutral, PublicKeyToken=null" name="IsSymmetricTest" />
    </UnitTest>
    <UnitTest name="op_SubtractionTest6" storage="c:\users\vanderkorn\documents\visual studio 2010\projects\vanderkorn\testproject1\bin\debug\testproject1.dll" id="127441cb-db47-5efd-6576-0d0437ac74dc">
      <Execution id="0bb4b538-7243-47fa-9828-2ef37acfcc1e" />
      <TestMethod codeBase="C:/Users/vanderkorn/Documents/Visual Studio 2010/Projects/Vanderkorn/TestProject1/bin/Debug/TestProject1.DLL" adapterTypeName="Microsoft.VisualStudio.TestTools.TestTypes.Unit.UnitTestAdapter, Microsoft.VisualStudio.QualityTools.Tips.UnitTest.Adapter, Version=10.0.0.0, Culture=neutral, PublicKeyToken=b03f5f7f11d50a3a" className="TestProject1.MatrixTest, TestProject1, Version=1.0.0.0, Culture=neutral, PublicKeyToken=null" name="op_SubtractionTest6" />
    </UnitTest>
    <UnitTest name="op_DivisionTest2" storage="c:\users\vanderkorn\documents\visual studio 2010\projects\vanderkorn\testproject1\bin\debug\testproject1.dll" id="c4d5632a-eeb4-5983-3216-fb7d9f2e72ee">
      <Execution id="36820108-8035-4cf4-bc50-0f7ef1c3150e" />
      <TestMethod codeBase="C:/Users/vanderkorn/Documents/Visual Studio 2010/Projects/Vanderkorn/TestProject1/bin/Debug/TestProject1.DLL" adapterTypeName="Microsoft.VisualStudio.TestTools.TestTypes.Unit.UnitTestAdapter, Microsoft.VisualStudio.QualityTools.Tips.UnitTest.Adapter, Version=10.0.0.0, Culture=neutral, PublicKeyToken=b03f5f7f11d50a3a" className="TestProject1.MatrixTest, TestProject1, Version=1.0.0.0, Culture=neutral, PublicKeyToken=null" name="op_DivisionTest2" />
    </UnitTest>
    <UnitTest name="ItemTest" storage="c:\users\vanderkorn\documents\visual studio 2010\projects\vanderkorn\testproject1\bin\debug\testproject1.dll" id="b437f308-1b2f-8f11-8319-96e81579612c">
      <Execution id="8981c159-b1ca-4c12-98ed-843b3a86e215" />
      <TestMethod codeBase="C:/Users/vanderkorn/Documents/Visual Studio 2010/Projects/Vanderkorn/TestProject1/bin/Debug/TestProject1.DLL" adapterTypeName="Microsoft.VisualStudio.TestTools.TestTypes.Unit.UnitTestAdapter, Microsoft.VisualStudio.QualityTools.Tips.UnitTest.Adapter, Version=10.0.0.0, Culture=neutral, PublicKeyToken=b03f5f7f11d50a3a" className="TestProject1.MatrixTest, TestProject1, Version=1.0.0.0, Culture=neutral, PublicKeyToken=null" name="ItemTest" />
    </UnitTest>
    <UnitTest name="NormTest" storage="c:\users\vanderkorn\documents\visual studio 2010\projects\vanderkorn\testproject1\bin\debug\testproject1.dll" id="49a61d8d-8fea-3f26-72f4-abc8ff4cd029">
      <Execution id="a1cbe904-2897-4279-92f8-c67afc50855b" />
      <TestMethod codeBase="C:/Users/vanderkorn/Documents/Visual Studio 2010/Projects/Vanderkorn/TestProject1/bin/Debug/TestProject1.DLL" adapterTypeName="Microsoft.VisualStudio.TestTools.TestTypes.Unit.UnitTestAdapter, Microsoft.VisualStudio.QualityTools.Tips.UnitTest.Adapter, Version=10.0.0.0, Culture=neutral, PublicKeyToken=b03f5f7f11d50a3a" className="TestProject1.MatrixTest, TestProject1, Version=1.0.0.0, Culture=neutral, PublicKeyToken=null" name="NormTest" />
    </UnitTest>
    <UnitTest name="RankTest1" storage="c:\users\vanderkorn\documents\visual studio 2010\projects\vanderkorn\testproject1\bin\debug\testproject1.dll" id="9a386c76-e6c7-8a1d-e8a3-6fb5ac116ba9">
      <Execution id="ce6b8cf3-84c9-4069-8064-e24a49478a07" />
      <TestMethod codeBase="C:/Users/vanderkorn/Documents/Visual Studio 2010/Projects/Vanderkorn/TestProject1/bin/Debug/TestProject1.DLL" adapterTypeName="Microsoft.VisualStudio.TestTools.TestTypes.Unit.UnitTestAdapter, Microsoft.VisualStudio.QualityTools.Tips.UnitTest.Adapter, Version=10.0.0.0, Culture=neutral, PublicKeyToken=b03f5f7f11d50a3a" className="TestProject1.MatrixTest, TestProject1, Version=1.0.0.0, Culture=neutral, PublicKeyToken=null" name="RankTest1" />
    </UnitTest>
    <UnitTest name="MoveIfNeedTest1" storage="c:\users\vanderkorn\documents\visual studio 2010\projects\vanderkorn\testproject1\bin\debug\testproject1.dll" id="7ae7dd1f-e66b-8e07-df53-9271c8f3e0e5">
      <DeploymentItems>
        <DeploymentItem filename="Vanderkorn.dll" />
      </DeploymentItems>
      <Execution id="658226d1-9e9d-4684-9442-24b7e2ac7c9a" />
      <TestMethod codeBase="C:/Users/vanderkorn/Documents/Visual Studio 2010/Projects/Vanderkorn/TestProject1/bin/Debug/TestProject1.DLL" adapterTypeName="Microsoft.VisualStudio.TestTools.TestTypes.Unit.UnitTestAdapter, Microsoft.VisualStudio.QualityTools.Tips.UnitTest.Adapter, Version=10.0.0.0, Culture=neutral, PublicKeyToken=b03f5f7f11d50a3a" className="TestProject1.MatrixTest, TestProject1, Version=1.0.0.0, Culture=neutral, PublicKeyToken=null" name="MoveIfNeedTest1" />
    </UnitTest>
    <UnitTest name="op_MultiplyTest4" storage="c:\users\vanderkorn\documents\visual studio 2010\projects\vanderkorn\testproject1\bin\debug\testproject1.dll" id="5698e536-8acd-0422-c98c-9be1583f9994">
      <Execution id="e1e0889b-5506-455f-ab4f-7e1ac6b63092" />
      <TestMethod codeBase="C:/Users/vanderkorn/Documents/Visual Studio 2010/Projects/Vanderkorn/TestProject1/bin/Debug/TestProject1.DLL" adapterTypeName="Microsoft.VisualStudio.TestTools.TestTypes.Unit.UnitTestAdapter, Microsoft.VisualStudio.QualityTools.Tips.UnitTest.Adapter, Version=10.0.0.0, Culture=neutral, PublicKeyToken=b03f5f7f11d50a3a" className="TestProject1.MatrixTest, TestProject1, Version=1.0.0.0, Culture=neutral, PublicKeyToken=null" name="op_MultiplyTest4" />
    </UnitTest>
    <UnitTest name="TransposeTest" storage="c:\users\vanderkorn\documents\visual studio 2010\projects\vanderkorn\testproject1\bin\debug\testproject1.dll" id="1106e1d5-f387-bbad-aa94-e8c0753c45a1">
      <Execution id="68ecca51-3301-4450-a5a8-51ead076193e" />
      <TestMethod codeBase="C:/Users/vanderkorn/Documents/Visual Studio 2010/Projects/Vanderkorn/TestProject1/bin/Debug/TestProject1.DLL" adapterTypeName="Microsoft.VisualStudio.TestTools.TestTypes.Unit.UnitTestAdapter, Microsoft.VisualStudio.QualityTools.Tips.UnitTest.Adapter, Version=10.0.0.0, Culture=neutral, PublicKeyToken=b03f5f7f11d50a3a" className="TestProject1.MatrixTest, TestProject1, Version=1.0.0.0, Culture=neutral, PublicKeyToken=null" name="TransposeTest" />
    </UnitTest>
    <UnitTest name="op_SubtractionTest3" storage="c:\users\vanderkorn\documents\visual studio 2010\projects\vanderkorn\testproject1\bin\debug\testproject1.dll" id="c2b7293c-fe40-c76c-2ee5-006e5ef5209d">
      <Execution id="7d245ef3-1e27-4fd6-949b-454c5e9aa45d" />
      <TestMethod codeBase="C:/Users/vanderkorn/Documents/Visual Studio 2010/Projects/Vanderkorn/TestProject1/bin/Debug/TestProject1.DLL" adapterTypeName="Microsoft.VisualStudio.TestTools.TestTypes.Unit.UnitTestAdapter, Microsoft.VisualStudio.QualityTools.Tips.UnitTest.Adapter, Version=10.0.0.0, Culture=neutral, PublicKeyToken=b03f5f7f11d50a3a" className="TestProject1.MatrixTest, TestProject1, Version=1.0.0.0, Culture=neutral, PublicKeyToken=null" name="op_SubtractionTest3" />
    </UnitTest>
    <UnitTest name="op_MultiplyTest1" storage="c:\users\vanderkorn\documents\visual studio 2010\projects\vanderkorn\testproject1\bin\debug\testproject1.dll" id="5c662302-4227-0896-c7e6-498123301155">
      <Execution id="1495f6c2-9b85-42bb-b195-b89e74b13a18" />
      <TestMethod codeBase="C:/Users/vanderkorn/Documents/Visual Studio 2010/Projects/Vanderkorn/TestProject1/bin/Debug/TestProject1.DLL" adapterTypeName="Microsoft.VisualStudio.TestTools.TestTypes.Unit.UnitTestAdapter, Microsoft.VisualStudio.QualityTools.Tips.UnitTest.Adapter, Version=10.0.0.0, Culture=neutral, PublicKeyToken=b03f5f7f11d50a3a" className="TestProject1.MatrixTest, TestProject1, Version=1.0.0.0, Culture=neutral, PublicKeyToken=null" name="op_MultiplyTest1" />
    </UnitTest>
    <UnitTest name="op_MultiplyTest3" storage="c:\users\vanderkorn\documents\visual studio 2010\projects\vanderkorn\testproject1\bin\debug\testproject1.dll" id="ff4c34aa-9de0-39c3-7aa9-a2b584f9b90e">
      <Execution id="b7410acb-b222-4e89-a62e-4ad24395ad18" />
      <TestMethod codeBase="C:/Users/vanderkorn/Documents/Visual Studio 2010/Projects/Vanderkorn/TestProject1/bin/Debug/TestProject1.DLL" adapterTypeName="Microsoft.VisualStudio.TestTools.TestTypes.Unit.UnitTestAdapter, Microsoft.VisualStudio.QualityTools.Tips.UnitTest.Adapter, Version=10.0.0.0, Culture=neutral, PublicKeyToken=b03f5f7f11d50a3a" className="TestProject1.MatrixTest, TestProject1, Version=1.0.0.0, Culture=neutral, PublicKeyToken=null" name="op_MultiplyTest3" />
    </UnitTest>
    <UnitTest name="MatrixConstructorTest2" storage="c:\users\vanderkorn\documents\visual studio 2010\projects\vanderkorn\testproject1\bin\debug\testproject1.dll" id="69b5b108-097a-9df5-2a8e-49b6e3459666">
      <Execution id="a10404ab-ebbc-4a96-b82e-c94b0d50fc6c" />
      <TestMethod codeBase="C:/Users/vanderkorn/Documents/Visual Studio 2010/Projects/Vanderkorn/TestProject1/bin/Debug/TestProject1.DLL" adapterTypeName="Microsoft.VisualStudio.TestTools.TestTypes.Unit.UnitTestAdapter, Microsoft.VisualStudio.QualityTools.Tips.UnitTest.Adapter, Version=10.0.0.0, Culture=neutral, PublicKeyToken=b03f5f7f11d50a3a" className="TestProject1.MatrixTest, TestProject1, Version=1.0.0.0, Culture=neutral, PublicKeyToken=null" name="MatrixConstructorTest2" />
    </UnitTest>
    <UnitTest name="ExchangeTest" storage="c:\users\vanderkorn\documents\visual studio 2010\projects\vanderkorn\testproject1\bin\debug\testproject1.dll" id="f789ebd6-7671-3f6b-02db-7fc026478904">
      <Execution id="112ebbf2-b682-4cb6-88be-38f72d3ecd43" />
      <TestMethod codeBase="C:/Users/vanderkorn/Documents/Visual Studio 2010/Projects/Vanderkorn/TestProject1/bin/Debug/TestProject1.DLL" adapterTypeName="Microsoft.VisualStudio.TestTools.TestTypes.Unit.UnitTestAdapter, Microsoft.VisualStudio.QualityTools.Tips.UnitTest.Adapter, Version=10.0.0.0, Culture=neutral, PublicKeyToken=b03f5f7f11d50a3a" className="TestProject1.MatrixTest, TestProject1, Version=1.0.0.0, Culture=neutral, PublicKeyToken=null" name="ExchangeTest" />
    </UnitTest>
    <UnitTest name="op_MultiplyTest5" storage="c:\users\vanderkorn\documents\visual studio 2010\projects\vanderkorn\testproject1\bin\debug\testproject1.dll" id="8a203234-fee1-1ccf-1a44-abee672be7fe">
      <Execution id="5b60c440-5091-4eb4-bdea-c0fe667446f2" />
      <TestMethod codeBase="C:/Users/vanderkorn/Documents/Visual Studio 2010/Projects/Vanderkorn/TestProject1/bin/Debug/TestProject1.DLL" adapterTypeName="Microsoft.VisualStudio.TestTools.TestTypes.Unit.UnitTestAdapter, Microsoft.VisualStudio.QualityTools.Tips.UnitTest.Adapter, Version=10.0.0.0, Culture=neutral, PublicKeyToken=b03f5f7f11d50a3a" className="TestProject1.MatrixTest, TestProject1, Version=1.0.0.0, Culture=neutral, PublicKeyToken=null" name="op_MultiplyTest5" />
    </UnitTest>
    <UnitTest name="TTest1" storage="c:\users\vanderkorn\documents\visual studio 2010\projects\vanderkorn\testproject1\bin\debug\testproject1.dll" id="7cc639b2-5246-5b3a-4777-4f8e909f3902">
      <Execution id="8ac30ef3-e079-468b-a540-79aa86060453" />
      <TestMethod codeBase="C:/Users/vanderkorn/Documents/Visual Studio 2010/Projects/Vanderkorn/TestProject1/bin/Debug/TestProject1.DLL" adapterTypeName="Microsoft.VisualStudio.TestTools.TestTypes.Unit.UnitTestAdapter, Microsoft.VisualStudio.QualityTools.Tips.UnitTest.Adapter, Version=10.0.0.0, Culture=neutral, PublicKeyToken=b03f5f7f11d50a3a" className="TestProject1.MatrixTest, TestProject1, Version=1.0.0.0, Culture=neutral, PublicKeyToken=null" name="TTest1" />
    </UnitTest>
    <UnitTest name="CloneTest" storage="c:\users\vanderkorn\documents\visual studio 2010\projects\vanderkorn\testproject1\bin\debug\testproject1.dll" id="b54f6477-0234-3ebd-6564-204d52e593bd">
      <Execution id="ff4eaf01-4379-4b3a-b33a-e7ebe024aa04" />
      <TestMethod codeBase="C:/Users/vanderkorn/Documents/Visual Studio 2010/Projects/Vanderkorn/TestProject1/bin/Debug/TestProject1.DLL" adapterTypeName="Microsoft.VisualStudio.TestTools.TestTypes.Unit.UnitTestAdapter, Microsoft.VisualStudio.QualityTools.Tips.UnitTest.Adapter, Version=10.0.0.0, Culture=neutral, PublicKeyToken=b03f5f7f11d50a3a" className="TestProject1.MatrixTest, TestProject1, Version=1.0.0.0, Culture=neutral, PublicKeyToken=null" name="CloneTest" />
    </UnitTest>
    <UnitTest name="LowerShiftTest" storage="c:\users\vanderkorn\documents\visual studio 2010\projects\vanderkorn\testproject1\bin\debug\testproject1.dll" id="13662682-b8a8-1500-58bf-32234df94494">
      <Execution id="7d58f193-1b74-489e-9cf1-787172d2c772" />
      <TestMethod codeBase="C:/Users/vanderkorn/Documents/Visual Studio 2010/Projects/Vanderkorn/TestProject1/bin/Debug/TestProject1.DLL" adapterTypeName="Microsoft.VisualStudio.TestTools.TestTypes.Unit.UnitTestAdapter, Microsoft.VisualStudio.QualityTools.Tips.UnitTest.Adapter, Version=10.0.0.0, Culture=neutral, PublicKeyToken=b03f5f7f11d50a3a" className="TestProject1.MatrixTest, TestProject1, Version=1.0.0.0, Culture=neutral, PublicKeyToken=null" name="LowerShiftTest" />
    </UnitTest>
    <UnitTest name="DeterminantTest1" storage="c:\users\vanderkorn\documents\visual studio 2010\projects\vanderkorn\testproject1\bin\debug\testproject1.dll" id="29b9b635-a9d8-6772-9f6f-cc129737a93b">
      <Execution id="57005e74-5c2a-44c9-acb6-1fd54de177f4" />
      <TestMethod codeBase="C:/Users/vanderkorn/Documents/Visual Studio 2010/Projects/Vanderkorn/TestProject1/bin/Debug/TestProject1.DLL" adapterTypeName="Microsoft.VisualStudio.TestTools.TestTypes.Unit.UnitTestAdapter, Microsoft.VisualStudio.QualityTools.Tips.UnitTest.Adapter, Version=10.0.0.0, Culture=neutral, PublicKeyToken=b03f5f7f11d50a3a" className="TestProject1.MatrixTest, TestProject1, Version=1.0.0.0, Culture=neutral, PublicKeyToken=null" name="DeterminantTest1" />
    </UnitTest>
    <UnitTest name="RowsCountTest" storage="c:\users\vanderkorn\documents\visual studio 2010\projects\vanderkorn\testproject1\bin\debug\testproject1.dll" id="85cc9ffd-8b0a-c0b7-bdeb-664a482027ac">
      <Execution id="a9a3e20a-99ac-4b50-9684-f5adbc0c56bb" />
      <TestMethod codeBase="C:/Users/vanderkorn/Documents/Visual Studio 2010/Projects/Vanderkorn/TestProject1/bin/Debug/TestProject1.DLL" adapterTypeName="Microsoft.VisualStudio.TestTools.TestTypes.Unit.UnitTestAdapter, Microsoft.VisualStudio.QualityTools.Tips.UnitTest.Adapter, Version=10.0.0.0, Culture=neutral, PublicKeyToken=b03f5f7f11d50a3a" className="TestProject1.MatrixTest, TestProject1, Version=1.0.0.0, Culture=neutral, PublicKeyToken=null" name="RowsCountTest" />
    </UnitTest>
    <UnitTest name="MoveIfNeedTest" storage="c:\users\vanderkorn\documents\visual studio 2010\projects\vanderkorn\testproject1\bin\debug\testproject1.dll" id="15b8a582-65ef-8a94-ebb4-77ca9868956f">
      <DeploymentItems>
        <DeploymentItem filename="Vanderkorn.dll" />
      </DeploymentItems>
      <Execution id="bbb47f77-7c1e-4101-baa8-ccc2c07383ec" />
      <TestMethod codeBase="C:/Users/vanderkorn/Documents/Visual Studio 2010/Projects/Vanderkorn/TestProject1/bin/Debug/TestProject1.DLL" adapterTypeName="Microsoft.VisualStudio.TestTools.TestTypes.Unit.UnitTestAdapter, Microsoft.VisualStudio.QualityTools.Tips.UnitTest.Adapter, Version=10.0.0.0, Culture=neutral, PublicKeyToken=b03f5f7f11d50a3a" className="TestProject1.MatrixTest, TestProject1, Version=1.0.0.0, Culture=neutral, PublicKeyToken=null" name="MoveIfNeedTest" />
    </UnitTest>
    <UnitTest name="GetHashCodeTest" storage="c:\users\vanderkorn\documents\visual studio 2010\projects\vanderkorn\testproject1\bin\debug\testproject1.dll" id="f0d972d0-2946-39e7-d376-2160f9b265a3">
      <Execution id="df0b96f1-c0b2-4891-8294-5fbef964bdd9" />
      <TestMethod codeBase="C:/Users/vanderkorn/Documents/Visual Studio 2010/Projects/Vanderkorn/TestProject1/bin/Debug/TestProject1.DLL" adapterTypeName="Microsoft.VisualStudio.TestTools.TestTypes.Unit.UnitTestAdapter, Microsoft.VisualStudio.QualityTools.Tips.UnitTest.Adapter, Version=10.0.0.0, Culture=neutral, PublicKeyToken=b03f5f7f11d50a3a" className="TestProject1.MatrixTest, TestProject1, Version=1.0.0.0, Culture=neutral, PublicKeyToken=null" name="GetHashCodeTest" />
    </UnitTest>
    <UnitTest name="EqualsTest" storage="c:\users\vanderkorn\documents\visual studio 2010\projects\vanderkorn\testproject1\bin\debug\testproject1.dll" id="39b395ac-a538-34cc-7241-883c4bd4d7cc">
      <Execution id="bc04cd6d-d942-426e-9ff9-ef425427ec9a" />
      <TestMethod codeBase="C:/Users/vanderkorn/Documents/Visual Studio 2010/Projects/Vanderkorn/TestProject1/bin/Debug/TestProject1.DLL" adapterTypeName="Microsoft.VisualStudio.TestTools.TestTypes.Unit.UnitTestAdapter, Microsoft.VisualStudio.QualityTools.Tips.UnitTest.Adapter, Version=10.0.0.0, Culture=neutral, PublicKeyToken=b03f5f7f11d50a3a" className="TestProject1.MatrixTest, TestProject1, Version=1.0.0.0, Culture=neutral, PublicKeyToken=null" name="EqualsTest" />
    </UnitTest>
    <UnitTest name="op_AdditionTest4" storage="c:\users\vanderkorn\documents\visual studio 2010\projects\vanderkorn\testproject1\bin\debug\testproject1.dll" id="dc4bbeaf-270d-fab3-f8fa-c27aca4d9d18">
      <Execution id="c25dd2a7-6e5a-450b-be5c-12fa0a4aac42" />
      <TestMethod codeBase="C:/Users/vanderkorn/Documents/Visual Studio 2010/Projects/Vanderkorn/TestProject1/bin/Debug/TestProject1.DLL" adapterTypeName="Microsoft.VisualStudio.TestTools.TestTypes.Unit.UnitTestAdapter, Microsoft.VisualStudio.QualityTools.Tips.UnitTest.Adapter, Version=10.0.0.0, Culture=neutral, PublicKeyToken=b03f5f7f11d50a3a" className="TestProject1.MatrixTest, TestProject1, Version=1.0.0.0, Culture=neutral, PublicKeyToken=null" name="op_AdditionTest4" />
    </UnitTest>
    <UnitTest name="op_EqualityTest" storage="c:\users\vanderkorn\documents\visual studio 2010\projects\vanderkorn\testproject1\bin\debug\testproject1.dll" id="a495c45f-f14c-0aa1-5314-a88886572447">
      <Execution id="b390b8e7-71cd-41aa-8190-c5e57b86083c" />
      <TestMethod codeBase="C:/Users/vanderkorn/Documents/Visual Studio 2010/Projects/Vanderkorn/TestProject1/bin/Debug/TestProject1.DLL" adapterTypeName="Microsoft.VisualStudio.TestTools.TestTypes.Unit.UnitTestAdapter, Microsoft.VisualStudio.QualityTools.Tips.UnitTest.Adapter, Version=10.0.0.0, Culture=neutral, PublicKeyToken=b03f5f7f11d50a3a" className="TestProject1.MatrixTest, TestProject1, Version=1.0.0.0, Culture=neutral, PublicKeyToken=null" name="op_EqualityTest" />
    </UnitTest>
    <UnitTest name="EyeTest" storage="c:\users\vanderkorn\documents\visual studio 2010\projects\vanderkorn\testproject1\bin\debug\testproject1.dll" id="ccf9122f-266a-bad8-442b-07d1ab013364">
      <Execution id="0b066710-25bd-4e33-8914-96ff0f41b637" />
      <TestMethod codeBase="C:/Users/vanderkorn/Documents/Visual Studio 2010/Projects/Vanderkorn/TestProject1/bin/Debug/TestProject1.DLL" adapterTypeName="Microsoft.VisualStudio.TestTools.TestTypes.Unit.UnitTestAdapter, Microsoft.VisualStudio.QualityTools.Tips.UnitTest.Adapter, Version=10.0.0.0, Culture=neutral, PublicKeyToken=b03f5f7f11d50a3a" className="TestProject1.MatrixTest, TestProject1, Version=1.0.0.0, Culture=neutral, PublicKeyToken=null" name="EyeTest" />
    </UnitTest>
    <UnitTest name="MinorTest" storage="c:\users\vanderkorn\documents\visual studio 2010\projects\vanderkorn\testproject1\bin\debug\testproject1.dll" id="516cc571-d727-8d1e-d3eb-fcaf880951f0">
      <Execution id="d607fe3c-0d9c-4877-b0fd-d46770e107eb" />
      <TestMethod codeBase="C:/Users/vanderkorn/Documents/Visual Studio 2010/Projects/Vanderkorn/TestProject1/bin/Debug/TestProject1.DLL" adapterTypeName="Microsoft.VisualStudio.TestTools.TestTypes.Unit.UnitTestAdapter, Microsoft.VisualStudio.QualityTools.Tips.UnitTest.Adapter, Version=10.0.0.0, Culture=neutral, PublicKeyToken=b03f5f7f11d50a3a" className="TestProject1.MatrixTest, TestProject1, Version=1.0.0.0, Culture=neutral, PublicKeyToken=null" name="MinorTest" />
    </UnitTest>
    <UnitTest name="RedhefferTest" storage="c:\users\vanderkorn\documents\visual studio 2010\projects\vanderkorn\testproject1\bin\debug\testproject1.dll" id="20c1d519-b61a-07d2-7337-9f0063246924">
      <Execution id="0a385a7d-7ab7-44cf-ae08-d99988cf6aea" />
      <TestMethod codeBase="C:/Users/vanderkorn/Documents/Visual Studio 2010/Projects/Vanderkorn/TestProject1/bin/Debug/TestProject1.DLL" adapterTypeName="Microsoft.VisualStudio.TestTools.TestTypes.Unit.UnitTestAdapter, Microsoft.VisualStudio.QualityTools.Tips.UnitTest.Adapter, Version=10.0.0.0, Culture=neutral, PublicKeyToken=b03f5f7f11d50a3a" className="TestProject1.MatrixTest, TestProject1, Version=1.0.0.0, Culture=neutral, PublicKeyToken=null" name="RedhefferTest" />
    </UnitTest>
    <UnitTest name="LehmerElementTest" storage="c:\users\vanderkorn\documents\visual studio 2010\projects\vanderkorn\testproject1\bin\debug\testproject1.dll" id="f9c3c492-a711-1b56-31c6-5024acfce441">
      <DeploymentItems>
        <DeploymentItem filename="Vanderkorn.dll" />
      </DeploymentItems>
      <Execution id="4e1902d4-49aa-4b9c-8d26-0c92e8f70484" />
      <TestMethod codeBase="C:/Users/vanderkorn/Documents/Visual Studio 2010/Projects/Vanderkorn/TestProject1/bin/Debug/TestProject1.DLL" adapterTypeName="Microsoft.VisualStudio.TestTools.TestTypes.Unit.UnitTestAdapter, Microsoft.VisualStudio.QualityTools.Tips.UnitTest.Adapter, Version=10.0.0.0, Culture=neutral, PublicKeyToken=b03f5f7f11d50a3a" className="TestProject1.MatrixTest, TestProject1, Version=1.0.0.0, Culture=neutral, PublicKeyToken=null" name="LehmerElementTest" />
    </UnitTest>
    <UnitTest name="NormingTest" storage="c:\users\vanderkorn\documents\visual studio 2010\projects\vanderkorn\testproject1\bin\debug\testproject1.dll" id="343cf50b-a605-f5f4-a06b-e2cff348966d">
      <Execution id="7cc6ed37-030d-43aa-a634-cd6b4419b5fb" />
      <TestMethod codeBase="C:/Users/vanderkorn/Documents/Visual Studio 2010/Projects/Vanderkorn/TestProject1/bin/Debug/TestProject1.DLL" adapterTypeName="Microsoft.VisualStudio.TestTools.TestTypes.Unit.UnitTestAdapter, Microsoft.VisualStudio.QualityTools.Tips.UnitTest.Adapter, Version=10.0.0.0, Culture=neutral, PublicKeyToken=b03f5f7f11d50a3a" className="TestProject1.MatrixTest, TestProject1, Version=1.0.0.0, Culture=neutral, PublicKeyToken=null" name="NormingTest" />
    </UnitTest>
    <UnitTest name="DetTest1" storage="c:\users\vanderkorn\documents\visual studio 2010\projects\vanderkorn\testproject1\bin\debug\testproject1.dll" id="9fc94bba-4eeb-f8fa-ca9f-5cc295e26e7c">
      <Execution id="62cb9113-0139-4a59-a41a-07c31985f74d" />
      <TestMethod codeBase="C:/Users/vanderkorn/Documents/Visual Studio 2010/Projects/Vanderkorn/TestProject1/bin/Debug/TestProject1.DLL" adapterTypeName="Microsoft.VisualStudio.TestTools.TestTypes.Unit.UnitTestAdapter, Microsoft.VisualStudio.QualityTools.Tips.UnitTest.Adapter, Version=10.0.0.0, Culture=neutral, PublicKeyToken=b03f5f7f11d50a3a" className="TestProject1.MatrixTest, TestProject1, Version=1.0.0.0, Culture=neutral, PublicKeyToken=null" name="DetTest1" />
    </UnitTest>
    <UnitTest name="IsElementOnSubDiagonalTest" storage="c:\users\vanderkorn\documents\visual studio 2010\projects\vanderkorn\testproject1\bin\debug\testproject1.dll" id="8144ebb7-5808-ce78-44b3-b3a8276ae913">
      <Execution id="1206890f-130f-45ca-b56d-40b20fc384d6" />
      <TestMethod codeBase="C:/Users/vanderkorn/Documents/Visual Studio 2010/Projects/Vanderkorn/TestProject1/bin/Debug/TestProject1.DLL" adapterTypeName="Microsoft.VisualStudio.TestTools.TestTypes.Unit.UnitTestAdapter, Microsoft.VisualStudio.QualityTools.Tips.UnitTest.Adapter, Version=10.0.0.0, Culture=neutral, PublicKeyToken=b03f5f7f11d50a3a" className="TestProject1.MatrixTest, TestProject1, Version=1.0.0.0, Culture=neutral, PublicKeyToken=null" name="IsElementOnSubDiagonalTest" />
    </UnitTest>
    <UnitTest name="op_AdditionTest6" storage="c:\users\vanderkorn\documents\visual studio 2010\projects\vanderkorn\testproject1\bin\debug\testproject1.dll" id="1d795ad3-1884-4dde-7cf2-60beb0811a4a">
      <Execution id="16b4cae1-01ee-47bd-9148-07411c895238" />
      <TestMethod codeBase="C:/Users/vanderkorn/Documents/Visual Studio 2010/Projects/Vanderkorn/TestProject1/bin/Debug/TestProject1.DLL" adapterTypeName="Microsoft.VisualStudio.TestTools.TestTypes.Unit.UnitTestAdapter, Microsoft.VisualStudio.QualityTools.Tips.UnitTest.Adapter, Version=10.0.0.0, Culture=neutral, PublicKeyToken=b03f5f7f11d50a3a" className="TestProject1.MatrixTest, TestProject1, Version=1.0.0.0, Culture=neutral, PublicKeyToken=null" name="op_AdditionTest6" />
    </UnitTest>
    <UnitTest name="RowsSubtractionTest1" storage="c:\users\vanderkorn\documents\visual studio 2010\projects\vanderkorn\testproject1\bin\debug\testproject1.dll" id="555bbc82-3e5b-415e-72fe-f77026a03170">
      <DeploymentItems>
        <DeploymentItem filename="Vanderkorn.dll" />
      </DeploymentItems>
      <Execution id="7a60958b-83f8-42e2-8747-dca3de493ac1" />
      <TestMethod codeBase="C:/Users/vanderkorn/Documents/Visual Studio 2010/Projects/Vanderkorn/TestProject1/bin/Debug/TestProject1.DLL" adapterTypeName="Microsoft.VisualStudio.TestTools.TestTypes.Unit.UnitTestAdapter, Microsoft.VisualStudio.QualityTools.Tips.UnitTest.Adapter, Version=10.0.0.0, Culture=neutral, PublicKeyToken=b03f5f7f11d50a3a" className="TestProject1.MatrixTest, TestProject1, Version=1.0.0.0, Culture=neutral, PublicKeyToken=null" name="RowsSubtractionTest1" />
    </UnitTest>
    <UnitTest name="op_MultiplyTest6" storage="c:\users\vanderkorn\documents\visual studio 2010\projects\vanderkorn\testproject1\bin\debug\testproject1.dll" id="8055da9e-6417-633f-8dbb-a89cbda2b8f2">
      <Execution id="b6d94d95-a5bf-43b1-b21b-eeba1ac3e0f2" />
      <TestMethod codeBase="C:/Users/vanderkorn/Documents/Visual Studio 2010/Projects/Vanderkorn/TestProject1/bin/Debug/TestProject1.DLL" adapterTypeName="Microsoft.VisualStudio.TestTools.TestTypes.Unit.UnitTestAdapter, Microsoft.VisualStudio.QualityTools.Tips.UnitTest.Adapter, Version=10.0.0.0, Culture=neutral, PublicKeyToken=b03f5f7f11d50a3a" className="TestProject1.MatrixTest, TestProject1, Version=1.0.0.0, Culture=neutral, PublicKeyToken=null" name="op_MultiplyTest6" />
    </UnitTest>
    <UnitTest name="op_DivisionTest5" storage="c:\users\vanderkorn\documents\visual studio 2010\projects\vanderkorn\testproject1\bin\debug\testproject1.dll" id="797a4359-3202-2d38-5939-bcd3becebef7">
      <Execution id="cbc1f0a8-6aa1-4dbc-8dba-04cd8e66bc63" />
      <TestMethod codeBase="C:/Users/vanderkorn/Documents/Visual Studio 2010/Projects/Vanderkorn/TestProject1/bin/Debug/TestProject1.DLL" adapterTypeName="Microsoft.VisualStudio.TestTools.TestTypes.Unit.UnitTestAdapter, Microsoft.VisualStudio.QualityTools.Tips.UnitTest.Adapter, Version=10.0.0.0, Culture=neutral, PublicKeyToken=b03f5f7f11d50a3a" className="TestProject1.MatrixTest, TestProject1, Version=1.0.0.0, Culture=neutral, PublicKeyToken=null" name="op_DivisionTest5" />
    </UnitTest>
    <UnitTest name="IsElementOnAntiDiagonalTest" storage="c:\users\vanderkorn\documents\visual studio 2010\projects\vanderkorn\testproject1\bin\debug\testproject1.dll" id="4c705b9c-1e09-a9f4-0e1e-3629abe5d9ee">
      <Execution id="0fc777f0-6aa7-48a6-8570-23796f15e0a6" />
      <TestMethod codeBase="C:/Users/vanderkorn/Documents/Visual Studio 2010/Projects/Vanderkorn/TestProject1/bin/Debug/TestProject1.DLL" adapterTypeName="Microsoft.VisualStudio.TestTools.TestTypes.Unit.UnitTestAdapter, Microsoft.VisualStudio.QualityTools.Tips.UnitTest.Adapter, Version=10.0.0.0, Culture=neutral, PublicKeyToken=b03f5f7f11d50a3a" className="TestProject1.MatrixTest, TestProject1, Version=1.0.0.0, Culture=neutral, PublicKeyToken=null" name="IsElementOnAntiDiagonalTest" />
    </UnitTest>
    <UnitTest name="MatrixConstructorTest" storage="c:\users\vanderkorn\documents\visual studio 2010\projects\vanderkorn\testproject1\bin\debug\testproject1.dll" id="729a178a-6527-bb4f-7f24-485ff980a0ba">
      <Execution id="8a29d6e8-8da8-4a91-9f02-67b305c9c616" />
      <TestMethod codeBase="C:/Users/vanderkorn/Documents/Visual Studio 2010/Projects/Vanderkorn/TestProject1/bin/Debug/TestProject1.DLL" adapterTypeName="Microsoft.VisualStudio.TestTools.TestTypes.Unit.UnitTestAdapter, Microsoft.VisualStudio.QualityTools.Tips.UnitTest.Adapter, Version=10.0.0.0, Culture=neutral, PublicKeyToken=b03f5f7f11d50a3a" className="TestProject1.MatrixTest, TestProject1, Version=1.0.0.0, Culture=neutral, PublicKeyToken=null" name="MatrixConstructorTest" />
    </UnitTest>
    <UnitTest name="DetTest" storage="c:\users\vanderkorn\documents\visual studio 2010\projects\vanderkorn\testproject1\bin\debug\testproject1.dll" id="6bf3aab2-2e82-6ad5-5194-054098665004">
      <Execution id="657919f7-42be-4a5b-8000-48f22c75fc13" />
      <TestMethod codeBase="C:/Users/vanderkorn/Documents/Visual Studio 2010/Projects/Vanderkorn/TestProject1/bin/Debug/TestProject1.DLL" adapterTypeName="Microsoft.VisualStudio.TestTools.TestTypes.Unit.UnitTestAdapter, Microsoft.VisualStudio.QualityTools.Tips.UnitTest.Adapter, Version=10.0.0.0, Culture=neutral, PublicKeyToken=b03f5f7f11d50a3a" className="TestProject1.MatrixTest, TestProject1, Version=1.0.0.0, Culture=neutral, PublicKeyToken=null" name="DetTest" />
    </UnitTest>
    <UnitTest name="HilbertElementTest" storage="c:\users\vanderkorn\documents\visual studio 2010\projects\vanderkorn\testproject1\bin\debug\testproject1.dll" id="3f9cf068-34dc-9368-3d4a-4c3ffbcffa16">
      <DeploymentItems>
        <DeploymentItem filename="Vanderkorn.dll" />
      </DeploymentItems>
      <Execution id="2f9c9bf6-7204-4471-8a68-405c39584c97" />
      <TestMethod codeBase="C:/Users/vanderkorn/Documents/Visual Studio 2010/Projects/Vanderkorn/TestProject1/bin/Debug/TestProject1.DLL" adapterTypeName="Microsoft.VisualStudio.TestTools.TestTypes.Unit.UnitTestAdapter, Microsoft.VisualStudio.QualityTools.Tips.UnitTest.Adapter, Version=10.0.0.0, Culture=neutral, PublicKeyToken=b03f5f7f11d50a3a" className="TestProject1.MatrixTest, TestProject1, Version=1.0.0.0, Culture=neutral, PublicKeyToken=null" name="HilbertElementTest" />
    </UnitTest>
    <UnitTest name="IsElementOnSuperDiagonalTest" storage="c:\users\vanderkorn\documents\visual studio 2010\projects\vanderkorn\testproject1\bin\debug\testproject1.dll" id="568beef0-0f7d-5971-6034-32929121e11e">
      <Execution id="90c55bf6-eec9-4ba8-a3cd-dae084ae3f9a" />
      <TestMethod codeBase="C:/Users/vanderkorn/Documents/Visual Studio 2010/Projects/Vanderkorn/TestProject1/bin/Debug/TestProject1.DLL" adapterTypeName="Microsoft.VisualStudio.TestTools.TestTypes.Unit.UnitTestAdapter, Microsoft.VisualStudio.QualityTools.Tips.UnitTest.Adapter, Version=10.0.0.0, Culture=neutral, PublicKeyToken=b03f5f7f11d50a3a" className="TestProject1.MatrixTest, TestProject1, Version=1.0.0.0, Culture=neutral, PublicKeyToken=null" name="IsElementOnSuperDiagonalTest" />
    </UnitTest>
    <UnitTest name="NormingTest1" storage="c:\users\vanderkorn\documents\visual studio 2010\projects\vanderkorn\testproject1\bin\debug\testproject1.dll" id="d9122ccb-696a-4243-918e-9bf5e27ddc63">
      <Execution id="77d97442-c9e6-4609-9db6-8b722298afa1" />
      <TestMethod codeBase="C:/Users/vanderkorn/Documents/Visual Studio 2010/Projects/Vanderkorn/TestProject1/bin/Debug/TestProject1.DLL" adapterTypeName="Microsoft.VisualStudio.TestTools.TestTypes.Unit.UnitTestAdapter, Microsoft.VisualStudio.QualityTools.Tips.UnitTest.Adapter, Version=10.0.0.0, Culture=neutral, PublicKeyToken=b03f5f7f11d50a3a" className="TestProject1.MatrixTest, TestProject1, Version=1.0.0.0, Culture=neutral, PublicKeyToken=null" name="NormingTest1" />
    </UnitTest>
    <UnitTest name="NormTest1" storage="c:\users\vanderkorn\documents\visual studio 2010\projects\vanderkorn\testproject1\bin\debug\testproject1.dll" id="67d8b59d-feb7-2463-acb4-367e2f952e88">
      <Execution id="bf20792d-1e65-4efb-aeb6-fb471ea1b225" />
      <TestMethod codeBase="C:/Users/vanderkorn/Documents/Visual Studio 2010/Projects/Vanderkorn/TestProject1/bin/Debug/TestProject1.DLL" adapterTypeName="Microsoft.VisualStudio.TestTools.TestTypes.Unit.UnitTestAdapter, Microsoft.VisualStudio.QualityTools.Tips.UnitTest.Adapter, Version=10.0.0.0, Culture=neutral, PublicKeyToken=b03f5f7f11d50a3a" className="TestProject1.MatrixTest, TestProject1, Version=1.0.0.0, Culture=neutral, PublicKeyToken=null" name="NormTest1" />
    </UnitTest>
    <UnitTest name="op_SubtractionTest5" storage="c:\users\vanderkorn\documents\visual studio 2010\projects\vanderkorn\testproject1\bin\debug\testproject1.dll" id="95035bfb-baf9-22f1-c701-934402669b80">
      <Execution id="fa94992f-8362-4227-97ff-766286af01ab" />
      <TestMethod codeBase="C:/Users/vanderkorn/Documents/Visual Studio 2010/Projects/Vanderkorn/TestProject1/bin/Debug/TestProject1.DLL" adapterTypeName="Microsoft.VisualStudio.TestTools.TestTypes.Unit.UnitTestAdapter, Microsoft.VisualStudio.QualityTools.Tips.UnitTest.Adapter, Version=10.0.0.0, Culture=neutral, PublicKeyToken=b03f5f7f11d50a3a" className="TestProject1.MatrixTest, TestProject1, Version=1.0.0.0, Culture=neutral, PublicKeyToken=null" name="op_SubtractionTest5" />
    </UnitTest>
    <UnitTest name="DeterminantTest" storage="c:\users\vanderkorn\documents\visual studio 2010\projects\vanderkorn\testproject1\bin\debug\testproject1.dll" id="a6bb198b-d05d-96c9-e563-317fad132654">
      <Execution id="238ea5fe-fc79-4864-be85-20d5b4da0b88" />
      <TestMethod codeBase="C:/Users/vanderkorn/Documents/Visual Studio 2010/Projects/Vanderkorn/TestProject1/bin/Debug/TestProject1.DLL" adapterTypeName="Microsoft.VisualStudio.TestTools.TestTypes.Unit.UnitTestAdapter, Microsoft.VisualStudio.QualityTools.Tips.UnitTest.Adapter, Version=10.0.0.0, Culture=neutral, PublicKeyToken=b03f5f7f11d50a3a" className="TestProject1.MatrixTest, TestProject1, Version=1.0.0.0, Culture=neutral, PublicKeyToken=null" name="DeterminantTest" />
    </UnitTest>
    <UnitTest name="IdentityTest" storage="c:\users\vanderkorn\documents\visual studio 2010\projects\vanderkorn\testproject1\bin\debug\testproject1.dll" id="43becc7c-704e-9e06-b5f9-d026d4c3eb81">
      <Execution id="1874a06c-0319-4ba3-a9d1-d76ee6bca5a5" />
      <TestMethod codeBase="C:/Users/vanderkorn/Documents/Visual Studio 2010/Projects/Vanderkorn/TestProject1/bin/Debug/TestProject1.DLL" adapterTypeName="Microsoft.VisualStudio.TestTools.TestTypes.Unit.UnitTestAdapter, Microsoft.VisualStudio.QualityTools.Tips.UnitTest.Adapter, Version=10.0.0.0, Culture=neutral, PublicKeyToken=b03f5f7f11d50a3a" className="TestProject1.MatrixTest, TestProject1, Version=1.0.0.0, Culture=neutral, PublicKeyToken=null" name="IdentityTest" />
    </UnitTest>
    <UnitTest name="AbsTest" storage="c:\users\vanderkorn\documents\visual studio 2010\projects\vanderkorn\testproject1\bin\debug\testproject1.dll" id="d47775c4-4ec8-41db-807e-42d17a02b2a4">
      <Execution id="06ac3618-95d8-4d11-b780-acbb328ef521" />
      <TestMethod codeBase="C:/Users/vanderkorn/Documents/Visual Studio 2010/Projects/Vanderkorn/TestProject1/bin/Debug/TestProject1.DLL" adapterTypeName="Microsoft.VisualStudio.TestTools.TestTypes.Unit.UnitTestAdapter, Microsoft.VisualStudio.QualityTools.Tips.UnitTest.Adapter, Version=10.0.0.0, Culture=neutral, PublicKeyToken=b03f5f7f11d50a3a" className="TestProject1.MatrixTest, TestProject1, Version=1.0.0.0, Culture=neutral, PublicKeyToken=null" name="AbsTest" />
    </UnitTest>
    <UnitTest name="IsAntiDiagonalTest" storage="c:\users\vanderkorn\documents\visual studio 2010\projects\vanderkorn\testproject1\bin\debug\testproject1.dll" id="7574ba8b-b94b-e425-d423-6591648e3a8c">
      <Execution id="65bfc53a-727e-433a-a137-cfed40b32319" />
      <TestMethod codeBase="C:/Users/vanderkorn/Documents/Visual Studio 2010/Projects/Vanderkorn/TestProject1/bin/Debug/TestProject1.DLL" adapterTypeName="Microsoft.VisualStudio.TestTools.TestTypes.Unit.UnitTestAdapter, Microsoft.VisualStudio.QualityTools.Tips.UnitTest.Adapter, Version=10.0.0.0, Culture=neutral, PublicKeyToken=b03f5f7f11d50a3a" className="TestProject1.MatrixTest, TestProject1, Version=1.0.0.0, Culture=neutral, PublicKeyToken=null" name="IsAntiDiagonalTest" />
    </UnitTest>
    <UnitTest name="ToArrayTest" storage="c:\users\vanderkorn\documents\visual studio 2010\projects\vanderkorn\testproject1\bin\debug\testproject1.dll" id="e3352cf3-f505-e212-a487-2a019ecebf10">
      <Execution id="712b7694-13d1-4238-9e95-4b7748ba6312" />
      <TestMethod codeBase="C:/Users/vanderkorn/Documents/Visual Studio 2010/Projects/Vanderkorn/TestProject1/bin/Debug/TestProject1.DLL" adapterTypeName="Microsoft.VisualStudio.TestTools.TestTypes.Unit.UnitTestAdapter, Microsoft.VisualStudio.QualityTools.Tips.UnitTest.Adapter, Version=10.0.0.0, Culture=neutral, PublicKeyToken=b03f5f7f11d50a3a" className="TestProject1.MatrixTest, TestProject1, Version=1.0.0.0, Culture=neutral, PublicKeyToken=null" name="ToArrayTest" />
    </UnitTest>
    <UnitTest name="op_MultiplyTest2" storage="c:\users\vanderkorn\documents\visual studio 2010\projects\vanderkorn\testproject1\bin\debug\testproject1.dll" id="b5345954-f142-cf87-9c21-451006d9e57b">
      <Execution id="d4f5a929-057d-4474-b6ae-bdda60816ebe" />
      <TestMethod codeBase="C:/Users/vanderkorn/Documents/Visual Studio 2010/Projects/Vanderkorn/TestProject1/bin/Debug/TestProject1.DLL" adapterTypeName="Microsoft.VisualStudio.TestTools.TestTypes.Unit.UnitTestAdapter, Microsoft.VisualStudio.QualityTools.Tips.UnitTest.Adapter, Version=10.0.0.0, Culture=neutral, PublicKeyToken=b03f5f7f11d50a3a" className="TestProject1.MatrixTest, TestProject1, Version=1.0.0.0, Culture=neutral, PublicKeyToken=null" name="op_MultiplyTest2" />
    </UnitTest>
    <UnitTest name="op_DivisionTest" storage="c:\users\vanderkorn\documents\visual studio 2010\projects\vanderkorn\testproject1\bin\debug\testproject1.dll" id="fbd64c98-ba51-03ae-2f34-4bc2ac313480">
      <Execution id="5d0661ed-b377-47c1-9998-f6f0af616034" />
      <TestMethod codeBase="C:/Users/vanderkorn/Documents/Visual Studio 2010/Projects/Vanderkorn/TestProject1/bin/Debug/TestProject1.DLL" adapterTypeName="Microsoft.VisualStudio.TestTools.TestTypes.Unit.UnitTestAdapter, Microsoft.VisualStudio.QualityTools.Tips.UnitTest.Adapter, Version=10.0.0.0, Culture=neutral, PublicKeyToken=b03f5f7f11d50a3a" className="TestProject1.MatrixTest, TestProject1, Version=1.0.0.0, Culture=neutral, PublicKeyToken=null" name="op_DivisionTest" />
    </UnitTest>
    <UnitTest name="RowsTranspositionTest" storage="c:\users\vanderkorn\documents\visual studio 2010\projects\vanderkorn\testproject1\bin\debug\testproject1.dll" id="39f223aa-d3a9-66e8-a350-a93613838541">
      <Execution id="0f452617-a7ea-479e-8141-b47e2129ac8b" />
      <TestMethod codeBase="C:/Users/vanderkorn/Documents/Visual Studio 2010/Projects/Vanderkorn/TestProject1/bin/Debug/TestProject1.DLL" adapterTypeName="Microsoft.VisualStudio.TestTools.TestTypes.Unit.UnitTestAdapter, Microsoft.VisualStudio.QualityTools.Tips.UnitTest.Adapter, Version=10.0.0.0, Culture=neutral, PublicKeyToken=b03f5f7f11d50a3a" className="TestProject1.MatrixTest, TestProject1, Version=1.0.0.0, Culture=neutral, PublicKeyToken=null" name="RowsTranspositionTest" />
    </UnitTest>
    <UnitTest name="IsElementOnMainDiagonalTest" storage="c:\users\vanderkorn\documents\visual studio 2010\projects\vanderkorn\testproject1\bin\debug\testproject1.dll" id="5c18a0d9-76e2-db5d-9d52-903be4cd9297">
      <Execution id="4e7e4df3-4c7d-487c-b265-ce0eaf9d66a9" />
      <TestMethod codeBase="C:/Users/vanderkorn/Documents/Visual Studio 2010/Projects/Vanderkorn/TestProject1/bin/Debug/TestProject1.DLL" adapterTypeName="Microsoft.VisualStudio.TestTools.TestTypes.Unit.UnitTestAdapter, Microsoft.VisualStudio.QualityTools.Tips.UnitTest.Adapter, Version=10.0.0.0, Culture=neutral, PublicKeyToken=b03f5f7f11d50a3a" className="TestProject1.MatrixTest, TestProject1, Version=1.0.0.0, Culture=neutral, PublicKeyToken=null" name="IsElementOnMainDiagonalTest" />
    </UnitTest>
    <UnitTest name="TraceTest" storage="c:\users\vanderkorn\documents\visual studio 2010\projects\vanderkorn\testproject1\bin\debug\testproject1.dll" id="2ccbb0bc-a647-a36c-66e8-ee0ebf18cd12">
      <Execution id="ed232175-7ca1-49e7-8a8a-720af82f63c5" />
      <TestMethod codeBase="C:/Users/vanderkorn/Documents/Visual Studio 2010/Projects/Vanderkorn/TestProject1/bin/Debug/TestProject1.DLL" adapterTypeName="Microsoft.VisualStudio.TestTools.TestTypes.Unit.UnitTestAdapter, Microsoft.VisualStudio.QualityTools.Tips.UnitTest.Adapter, Version=10.0.0.0, Culture=neutral, PublicKeyToken=b03f5f7f11d50a3a" className="TestProject1.MatrixTest, TestProject1, Version=1.0.0.0, Culture=neutral, PublicKeyToken=null" name="TraceTest" />
    </UnitTest>
    <UnitTest name="op_AdditionTest2" storage="c:\users\vanderkorn\documents\visual studio 2010\projects\vanderkorn\testproject1\bin\debug\testproject1.dll" id="85952276-fb35-079e-ed9e-cd32d07cf640">
      <Execution id="8c4727ea-bc97-484a-80bd-a8a1cdb15270" />
      <TestMethod codeBase="C:/Users/vanderkorn/Documents/Visual Studio 2010/Projects/Vanderkorn/TestProject1/bin/Debug/TestProject1.DLL" adapterTypeName="Microsoft.VisualStudio.TestTools.TestTypes.Unit.UnitTestAdapter, Microsoft.VisualStudio.QualityTools.Tips.UnitTest.Adapter, Version=10.0.0.0, Culture=neutral, PublicKeyToken=b03f5f7f11d50a3a" className="TestProject1.MatrixTest, TestProject1, Version=1.0.0.0, Culture=neutral, PublicKeyToken=null" name="op_AdditionTest2" />
    </UnitTest>
    <UnitTest name="IsLowerBiDiagonalTest" storage="c:\users\vanderkorn\documents\visual studio 2010\projects\vanderkorn\testproject1\bin\debug\testproject1.dll" id="f813f20e-f674-cf38-17e3-64e31960345c">
      <Execution id="92d7b0fb-8c36-409d-aed3-1081d25d72ef" />
      <TestMethod codeBase="C:/Users/vanderkorn/Documents/Visual Studio 2010/Projects/Vanderkorn/TestProject1/bin/Debug/TestProject1.DLL" adapterTypeName="Microsoft.VisualStudio.TestTools.TestTypes.Unit.UnitTestAdapter, Microsoft.VisualStudio.QualityTools.Tips.UnitTest.Adapter, Version=10.0.0.0, Culture=neutral, PublicKeyToken=b03f5f7f11d50a3a" className="TestProject1.MatrixTest, TestProject1, Version=1.0.0.0, Culture=neutral, PublicKeyToken=null" name="IsLowerBiDiagonalTest" />
    </UnitTest>
    <UnitTest name="op_DivisionTest3" storage="c:\users\vanderkorn\documents\visual studio 2010\projects\vanderkorn\testproject1\bin\debug\testproject1.dll" id="6dd00cea-5026-16d9-dea1-25c83e13b882">
      <Execution id="dd6769d2-1c29-4e34-b4d9-20da9db0bd06" />
      <TestMethod codeBase="C:/Users/vanderkorn/Documents/Visual Studio 2010/Projects/Vanderkorn/TestProject1/bin/Debug/TestProject1.DLL" adapterTypeName="Microsoft.VisualStudio.TestTools.TestTypes.Unit.UnitTestAdapter, Microsoft.VisualStudio.QualityTools.Tips.UnitTest.Adapter, Version=10.0.0.0, Culture=neutral, PublicKeyToken=b03f5f7f11d50a3a" className="TestProject1.MatrixTest, TestProject1, Version=1.0.0.0, Culture=neutral, PublicKeyToken=null" name="op_DivisionTest3" />
    </UnitTest>
    <UnitTest name="RankTest" storage="c:\users\vanderkorn\documents\visual studio 2010\projects\vanderkorn\testproject1\bin\debug\testproject1.dll" id="43ad0cf5-616c-82fa-9bcb-1f85c1671cb5">
      <Execution id="ddd25a7a-1846-4f7d-8c32-3f37e3b08146" />
      <TestMethod codeBase="C:/Users/vanderkorn/Documents/Visual Studio 2010/Projects/Vanderkorn/TestProject1/bin/Debug/TestProject1.DLL" adapterTypeName="Microsoft.VisualStudio.TestTools.TestTypes.Unit.UnitTestAdapter, Microsoft.VisualStudio.QualityTools.Tips.UnitTest.Adapter, Version=10.0.0.0, Culture=neutral, PublicKeyToken=b03f5f7f11d50a3a" className="TestProject1.MatrixTest, TestProject1, Version=1.0.0.0, Culture=neutral, PublicKeyToken=null" name="RankTest" />
    </UnitTest>
    <UnitTest name="RowDivisionTest" storage="c:\users\vanderkorn\documents\visual studio 2010\projects\vanderkorn\testproject1\bin\debug\testproject1.dll" id="2af2e75d-2feb-439d-2733-ebba6b83b65e">
      <Execution id="e3b1bbc6-fa50-41c5-a682-6a9b93e91322" />
      <TestMethod codeBase="C:/Users/vanderkorn/Documents/Visual Studio 2010/Projects/Vanderkorn/TestProject1/bin/Debug/TestProject1.DLL" adapterTypeName="Microsoft.VisualStudio.TestTools.TestTypes.Unit.UnitTestAdapter, Microsoft.VisualStudio.QualityTools.Tips.UnitTest.Adapter, Version=10.0.0.0, Culture=neutral, PublicKeyToken=b03f5f7f11d50a3a" className="TestProject1.MatrixTest, TestProject1, Version=1.0.0.0, Culture=neutral, PublicKeyToken=null" name="RowDivisionTest" />
    </UnitTest>
    <UnitTest name="MinorTest1" storage="c:\users\vanderkorn\documents\visual studio 2010\projects\vanderkorn\testproject1\bin\debug\testproject1.dll" id="8ae4a461-40ff-e5df-52b8-92f096277bea">
      <Execution id="d2616402-448d-43e6-9d99-c2472e08b108" />
      <TestMethod codeBase="C:/Users/vanderkorn/Documents/Visual Studio 2010/Projects/Vanderkorn/TestProject1/bin/Debug/TestProject1.DLL" adapterTypeName="Microsoft.VisualStudio.TestTools.TestTypes.Unit.UnitTestAdapter, Microsoft.VisualStudio.QualityTools.Tips.UnitTest.Adapter, Version=10.0.0.0, Culture=neutral, PublicKeyToken=b03f5f7f11d50a3a" className="TestProject1.MatrixTest, TestProject1, Version=1.0.0.0, Culture=neutral, PublicKeyToken=null" name="MinorTest1" />
    </UnitTest>
    <UnitTest name="IsDiagonallyDominantTest" storage="c:\users\vanderkorn\documents\visual studio 2010\projects\vanderkorn\testproject1\bin\debug\testproject1.dll" id="bc4ec530-58d1-7c29-f0dc-1a557baf16f1">
      <Execution id="c380b8d4-c91c-4783-a87a-14ec6bd06a10" />
      <TestMethod codeBase="C:/Users/vanderkorn/Documents/Visual Studio 2010/Projects/Vanderkorn/TestProject1/bin/Debug/TestProject1.DLL" adapterTypeName="Microsoft.VisualStudio.TestTools.TestTypes.Unit.UnitTestAdapter, Microsoft.VisualStudio.QualityTools.Tips.UnitTest.Adapter, Version=10.0.0.0, Culture=neutral, PublicKeyToken=b03f5f7f11d50a3a" className="TestProject1.MatrixTest, TestProject1, Version=1.0.0.0, Culture=neutral, PublicKeyToken=null" name="IsDiagonallyDominantTest" />
    </UnitTest>
    <UnitTest name="op_SubtractionTest4" storage="c:\users\vanderkorn\documents\visual studio 2010\projects\vanderkorn\testproject1\bin\debug\testproject1.dll" id="4990595f-872e-762a-cf7a-6c2521bd99e2">
      <Execution id="3b838817-4d99-45df-8185-b84f2e7135b0" />
      <TestMethod codeBase="C:/Users/vanderkorn/Documents/Visual Studio 2010/Projects/Vanderkorn/TestProject1/bin/Debug/TestProject1.DLL" adapterTypeName="Microsoft.VisualStudio.TestTools.TestTypes.Unit.UnitTestAdapter, Microsoft.VisualStudio.QualityTools.Tips.UnitTest.Adapter, Version=10.0.0.0, Culture=neutral, PublicKeyToken=b03f5f7f11d50a3a" className="TestProject1.MatrixTest, TestProject1, Version=1.0.0.0, Culture=neutral, PublicKeyToken=null" name="op_SubtractionTest4" />
    </UnitTest>
    <UnitTest name="op_DivisionTest1" storage="c:\users\vanderkorn\documents\visual studio 2010\projects\vanderkorn\testproject1\bin\debug\testproject1.dll" id="f98d0c38-682e-c60a-1593-15001c66f71e">
      <Execution id="bae498c3-560b-4433-acf8-bf2a85559ae8" />
      <TestMethod codeBase="C:/Users/vanderkorn/Documents/Visual Studio 2010/Projects/Vanderkorn/TestProject1/bin/Debug/TestProject1.DLL" adapterTypeName="Microsoft.VisualStudio.TestTools.TestTypes.Unit.UnitTestAdapter, Microsoft.VisualStudio.QualityTools.Tips.UnitTest.Adapter, Version=10.0.0.0, Culture=neutral, PublicKeyToken=b03f5f7f11d50a3a" className="TestProject1.MatrixTest, TestProject1, Version=1.0.0.0, Culture=neutral, PublicKeyToken=null" name="op_DivisionTest1" />
    </UnitTest>
    <UnitTest name="UpperShiftTest" storage="c:\users\vanderkorn\documents\visual studio 2010\projects\vanderkorn\testproject1\bin\debug\testproject1.dll" id="a066935b-946f-6396-2bcb-16d51af82164">
      <Execution id="20bc2165-39db-411c-b29c-11d000840992" />
      <TestMethod codeBase="C:/Users/vanderkorn/Documents/Visual Studio 2010/Projects/Vanderkorn/TestProject1/bin/Debug/TestProject1.DLL" adapterTypeName="Microsoft.VisualStudio.TestTools.TestTypes.Unit.UnitTestAdapter, Microsoft.VisualStudio.QualityTools.Tips.UnitTest.Adapter, Version=10.0.0.0, Culture=neutral, PublicKeyToken=b03f5f7f11d50a3a" className="TestProject1.MatrixTest, TestProject1, Version=1.0.0.0, Culture=neutral, PublicKeyToken=null" name="UpperShiftTest" />
    </UnitTest>
    <UnitTest name="InvertibleTest1" storage="c:\users\vanderkorn\documents\visual studio 2010\projects\vanderkorn\testproject1\bin\debug\testproject1.dll" id="6e18c476-cc0a-8bc9-b672-0b42cea4a53d">
      <Execution id="a825e9b9-01c4-473a-bb7c-42701477c459" />
      <TestMethod codeBase="C:/Users/vanderkorn/Documents/Visual Studio 2010/Projects/Vanderkorn/TestProject1/bin/Debug/TestProject1.DLL" adapterTypeName="Microsoft.VisualStudio.TestTools.TestTypes.Unit.UnitTestAdapter, Microsoft.VisualStudio.QualityTools.Tips.UnitTest.Adapter, Version=10.0.0.0, Culture=neutral, PublicKeyToken=b03f5f7f11d50a3a" className="TestProject1.MatrixTest, TestProject1, Version=1.0.0.0, Culture=neutral, PublicKeyToken=null" name="InvertibleTest1" />
    </UnitTest>
    <UnitTest name="IsSquareTest" storage="c:\users\vanderkorn\documents\visual studio 2010\projects\vanderkorn\testproject1\bin\debug\testproject1.dll" id="14810a38-2fce-3c22-4dea-4063539ace75">
      <Execution id="3d30babd-5749-43ac-836c-0c41965bd359" />
      <TestMethod codeBase="C:/Users/vanderkorn/Documents/Visual Studio 2010/Projects/Vanderkorn/TestProject1/bin/Debug/TestProject1.DLL" adapterTypeName="Microsoft.VisualStudio.TestTools.TestTypes.Unit.UnitTestAdapter, Microsoft.VisualStudio.QualityTools.Tips.UnitTest.Adapter, Version=10.0.0.0, Culture=neutral, PublicKeyToken=b03f5f7f11d50a3a" className="TestProject1.MatrixTest, TestProject1, Version=1.0.0.0, Culture=neutral, PublicKeyToken=null" name="IsSquareTest" />
    </UnitTest>
    <UnitTest name="op_MultiplyTest" storage="c:\users\vanderkorn\documents\visual studio 2010\projects\vanderkorn\testproject1\bin\debug\testproject1.dll" id="ff33e67c-6225-2ccf-e101-1116c9d85fc7">
      <Execution id="734e83d0-952d-42cc-be51-4ce065321d14" />
      <TestMethod codeBase="C:/Users/vanderkorn/Documents/Visual Studio 2010/Projects/Vanderkorn/TestProject1/bin/Debug/TestProject1.DLL" adapterTypeName="Microsoft.VisualStudio.TestTools.TestTypes.Unit.UnitTestAdapter, Microsoft.VisualStudio.QualityTools.Tips.UnitTest.Adapter, Version=10.0.0.0, Culture=neutral, PublicKeyToken=b03f5f7f11d50a3a" className="TestProject1.MatrixTest, TestProject1, Version=1.0.0.0, Culture=neutral, PublicKeyToken=null" name="op_MultiplyTest" />
    </UnitTest>
    <UnitTest name="ColumnsCountTest" storage="c:\users\vanderkorn\documents\visual studio 2010\projects\vanderkorn\testproject1\bin\debug\testproject1.dll" id="36413123-38dc-82e4-6cd7-4b68d5f72cce">
      <Execution id="6f8c57f3-d4f1-4878-a5e1-d62ad252d3ce" />
      <TestMethod codeBase="C:/Users/vanderkorn/Documents/Visual Studio 2010/Projects/Vanderkorn/TestProject1/bin/Debug/TestProject1.DLL" adapterTypeName="Microsoft.VisualStudio.TestTools.TestTypes.Unit.UnitTestAdapter, Microsoft.VisualStudio.QualityTools.Tips.UnitTest.Adapter, Version=10.0.0.0, Culture=neutral, PublicKeyToken=b03f5f7f11d50a3a" className="TestProject1.MatrixTest, TestProject1, Version=1.0.0.0, Culture=neutral, PublicKeyToken=null" name="ColumnsCountTest" />
    </UnitTest>
    <UnitTest name="TransposeTest1" storage="c:\users\vanderkorn\documents\visual studio 2010\projects\vanderkorn\testproject1\bin\debug\testproject1.dll" id="b0080fb5-25dc-25cd-2706-8a554d872a72">
      <Execution id="7dee462a-5601-4c9a-acb0-20878ea80337" />
      <TestMethod codeBase="C:/Users/vanderkorn/Documents/Visual Studio 2010/Projects/Vanderkorn/TestProject1/bin/Debug/TestProject1.DLL" adapterTypeName="Microsoft.VisualStudio.TestTools.TestTypes.Unit.UnitTestAdapter, Microsoft.VisualStudio.QualityTools.Tips.UnitTest.Adapter, Version=10.0.0.0, Culture=neutral, PublicKeyToken=b03f5f7f11d50a3a" className="TestProject1.MatrixTest, TestProject1, Version=1.0.0.0, Culture=neutral, PublicKeyToken=null" name="TransposeTest1" />
    </UnitTest>
    <UnitTest name="IsUpperBiDiagonalTest" storage="c:\users\vanderkorn\documents\visual studio 2010\projects\vanderkorn\testproject1\bin\debug\testproject1.dll" id="a9f0fdff-9fb7-6604-fdec-fdce090da3d7">
      <Execution id="45b83d3d-37e5-4ff7-9dd9-512df465105d" />
      <TestMethod codeBase="C:/Users/vanderkorn/Documents/Visual Studio 2010/Projects/Vanderkorn/TestProject1/bin/Debug/TestProject1.DLL" adapterTypeName="Microsoft.VisualStudio.TestTools.TestTypes.Unit.UnitTestAdapter, Microsoft.VisualStudio.QualityTools.Tips.UnitTest.Adapter, Version=10.0.0.0, Culture=neutral, PublicKeyToken=b03f5f7f11d50a3a" className="TestProject1.MatrixTest, TestProject1, Version=1.0.0.0, Culture=neutral, PublicKeyToken=null" name="IsUpperBiDiagonalTest" />
    </UnitTest>
    <UnitTest name="op_SubtractionTest1" storage="c:\users\vanderkorn\documents\visual studio 2010\projects\vanderkorn\testproject1\bin\debug\testproject1.dll" id="6c63ad41-13d4-9ec5-c7c9-87587954cad7">
      <Execution id="48650c16-5c78-4cbb-a59e-9ecefd473ac5" />
      <TestMethod codeBase="C:/Users/vanderkorn/Documents/Visual Studio 2010/Projects/Vanderkorn/TestProject1/bin/Debug/TestProject1.DLL" adapterTypeName="Microsoft.VisualStudio.TestTools.TestTypes.Unit.UnitTestAdapter, Microsoft.VisualStudio.QualityTools.Tips.UnitTest.Adapter, Version=10.0.0.0, Culture=neutral, PublicKeyToken=b03f5f7f11d50a3a" className="TestProject1.MatrixTest, TestProject1, Version=1.0.0.0, Culture=neutral, PublicKeyToken=null" name="op_SubtractionTest1" />
    </UnitTest>
    <UnitTest name="ScalarTest" storage="c:\users\vanderkorn\documents\visual studio 2010\projects\vanderkorn\testproject1\bin\debug\testproject1.dll" id="818de38b-2e4a-a9ad-a429-5816126321fd">
      <Execution id="53829871-e9af-4a3a-a635-7995513d5060" />
      <TestMethod codeBase="C:/Users/vanderkorn/Documents/Visual Studio 2010/Projects/Vanderkorn/TestProject1/bin/Debug/TestProject1.DLL" adapterTypeName="Microsoft.VisualStudio.TestTools.TestTypes.Unit.UnitTestAdapter, Microsoft.VisualStudio.QualityTools.Tips.UnitTest.Adapter, Version=10.0.0.0, Culture=neutral, PublicKeyToken=b03f5f7f11d50a3a" className="TestProject1.MatrixTest, TestProject1, Version=1.0.0.0, Culture=neutral, PublicKeyToken=null" name="ScalarTest" />
    </UnitTest>
    <UnitTest name="HilbertTest" storage="c:\users\vanderkorn\documents\visual studio 2010\projects\vanderkorn\testproject1\bin\debug\testproject1.dll" id="767a3daa-d366-7555-25f9-6cd649205c49">
      <Execution id="37c51d27-c495-4c21-a42f-c30e9dd6c2e6" />
      <TestMethod codeBase="C:/Users/vanderkorn/Documents/Visual Studio 2010/Projects/Vanderkorn/TestProject1/bin/Debug/TestProject1.DLL" adapterTypeName="Microsoft.VisualStudio.TestTools.TestTypes.Unit.UnitTestAdapter, Microsoft.VisualStudio.QualityTools.Tips.UnitTest.Adapter, Version=10.0.0.0, Culture=neutral, PublicKeyToken=b03f5f7f11d50a3a" className="TestProject1.MatrixTest, TestProject1, Version=1.0.0.0, Culture=neutral, PublicKeyToken=null" name="HilbertTest" />
    </UnitTest>
    <UnitTest name="op_AdditionTest" storage="c:\users\vanderkorn\documents\visual studio 2010\projects\vanderkorn\testproject1\bin\debug\testproject1.dll" id="6bce6069-5b5d-c93f-553b-dcb95e67e7b4">
      <Execution id="0a259a57-ff84-4c2f-a6ee-3f46caf868fe" />
      <TestMethod codeBase="C:/Users/vanderkorn/Documents/Visual Studio 2010/Projects/Vanderkorn/TestProject1/bin/Debug/TestProject1.DLL" adapterTypeName="Microsoft.VisualStudio.TestTools.TestTypes.Unit.UnitTestAdapter, Microsoft.VisualStudio.QualityTools.Tips.UnitTest.Adapter, Version=10.0.0.0, Culture=neutral, PublicKeyToken=b03f5f7f11d50a3a" className="TestProject1.MatrixTest, TestProject1, Version=1.0.0.0, Culture=neutral, PublicKeyToken=null" name="op_AdditionTest" />
    </UnitTest>
    <UnitTest name="RowsAdditionTest" storage="c:\users\vanderkorn\documents\visual studio 2010\projects\vanderkorn\testproject1\bin\debug\testproject1.dll" id="87ff32f2-01cf-5ffd-3d95-32fb2da95d79">
      <Execution id="065fc37d-70f9-4837-b016-9055c38bcde2" />
      <TestMethod codeBase="C:/Users/vanderkorn/Documents/Visual Studio 2010/Projects/Vanderkorn/TestProject1/bin/Debug/TestProject1.DLL" adapterTypeName="Microsoft.VisualStudio.TestTools.TestTypes.Unit.UnitTestAdapter, Microsoft.VisualStudio.QualityTools.Tips.UnitTest.Adapter, Version=10.0.0.0, Culture=neutral, PublicKeyToken=b03f5f7f11d50a3a" className="TestProject1.MatrixTest, TestProject1, Version=1.0.0.0, Culture=neutral, PublicKeyToken=null" name="RowsAdditionTest" />
    </UnitTest>
    <UnitTest name="op_DivisionTest4" storage="c:\users\vanderkorn\documents\visual studio 2010\projects\vanderkorn\testproject1\bin\debug\testproject1.dll" id="d2ccba49-e90e-557d-2fdb-c52d3660c619">
      <Execution id="91598a40-f7bc-4047-86ff-90769115c34e" />
      <TestMethod codeBase="C:/Users/vanderkorn/Documents/Visual Studio 2010/Projects/Vanderkorn/TestProject1/bin/Debug/TestProject1.DLL" adapterTypeName="Microsoft.VisualStudio.TestTools.TestTypes.Unit.UnitTestAdapter, Microsoft.VisualStudio.QualityTools.Tips.UnitTest.Adapter, Version=10.0.0.0, Culture=neutral, PublicKeyToken=b03f5f7f11d50a3a" className="TestProject1.MatrixTest, TestProject1, Version=1.0.0.0, Culture=neutral, PublicKeyToken=null" name="op_DivisionTest4" />
    </UnitTest>
    <UnitTest name="IsStrictDiagonallyDominantTest" storage="c:\users\vanderkorn\documents\visual studio 2010\projects\vanderkorn\testproject1\bin\debug\testproject1.dll" id="2a4a2d25-e813-c56d-ac99-617e68b74e08">
      <Execution id="04f00ed7-b498-4665-8521-c43be4f7d029" />
      <TestMethod codeBase="C:/Users/vanderkorn/Documents/Visual Studio 2010/Projects/Vanderkorn/TestProject1/bin/Debug/TestProject1.DLL" adapterTypeName="Microsoft.VisualStudio.TestTools.TestTypes.Unit.UnitTestAdapter, Microsoft.VisualStudio.QualityTools.Tips.UnitTest.Adapter, Version=10.0.0.0, Culture=neutral, PublicKeyToken=b03f5f7f11d50a3a" className="TestProject1.MatrixTest, TestProject1, Version=1.0.0.0, Culture=neutral, PublicKeyToken=null" name="IsStrictDiagonallyDominantTest" />
    </UnitTest>
    <UnitTest name="IsBiDiagonalTest" storage="c:\users\vanderkorn\documents\visual studio 2010\projects\vanderkorn\testproject1\bin\debug\testproject1.dll" id="4579bc99-0e24-c782-228c-576c3b8fd5d3">
      <Execution id="a1128503-5f0c-4c67-91d1-de7ba326b625" />
      <TestMethod codeBase="C:/Users/vanderkorn/Documents/Visual Studio 2010/Projects/Vanderkorn/TestProject1/bin/Debug/TestProject1.DLL" adapterTypeName="Microsoft.VisualStudio.TestTools.TestTypes.Unit.UnitTestAdapter, Microsoft.VisualStudio.QualityTools.Tips.UnitTest.Adapter, Version=10.0.0.0, Culture=neutral, PublicKeyToken=b03f5f7f11d50a3a" className="TestProject1.MatrixTest, TestProject1, Version=1.0.0.0, Culture=neutral, PublicKeyToken=null" name="IsBiDiagonalTest" />
    </UnitTest>
    <UnitTest name="op_SubtractionTest" storage="c:\users\vanderkorn\documents\visual studio 2010\projects\vanderkorn\testproject1\bin\debug\testproject1.dll" id="4d363514-f9c8-ed7e-111b-ae6e584c8128">
      <Execution id="367717ac-28b1-421a-a342-0a98e46843bd" />
      <TestMethod codeBase="C:/Users/vanderkorn/Documents/Visual Studio 2010/Projects/Vanderkorn/TestProject1/bin/Debug/TestProject1.DLL" adapterTypeName="Microsoft.VisualStudio.TestTools.TestTypes.Unit.UnitTestAdapter, Microsoft.VisualStudio.QualityTools.Tips.UnitTest.Adapter, Version=10.0.0.0, Culture=neutral, PublicKeyToken=b03f5f7f11d50a3a" className="TestProject1.MatrixTest, TestProject1, Version=1.0.0.0, Culture=neutral, PublicKeyToken=null" name="op_SubtractionTest" />
    </UnitTest>
    <UnitTest name="RowsSubtractionTest" storage="c:\users\vanderkorn\documents\visual studio 2010\projects\vanderkorn\testproject1\bin\debug\testproject1.dll" id="c23278b6-aee6-9901-a23b-e2959c48e495">
      <Execution id="b3556025-f2d5-4c8a-bf41-1661c9b7996c" />
      <TestMethod codeBase="C:/Users/vanderkorn/Documents/Visual Studio 2010/Projects/Vanderkorn/TestProject1/bin/Debug/TestProject1.DLL" adapterTypeName="Microsoft.VisualStudio.TestTools.TestTypes.Unit.UnitTestAdapter, Microsoft.VisualStudio.QualityTools.Tips.UnitTest.Adapter, Version=10.0.0.0, Culture=neutral, PublicKeyToken=b03f5f7f11d50a3a" className="TestProject1.MatrixTest, TestProject1, Version=1.0.0.0, Culture=neutral, PublicKeyToken=null" name="RowsSubtractionTest" />
    </UnitTest>
    <UnitTest name="op_AdditionTest5" storage="c:\users\vanderkorn\documents\visual studio 2010\projects\vanderkorn\testproject1\bin\debug\testproject1.dll" id="ddfa8f98-c484-daf2-13e0-b29a27a36693">
      <Execution id="49321e0f-2f36-4c07-982d-4342e7b6a52d" />
      <TestMethod codeBase="C:/Users/vanderkorn/Documents/Visual Studio 2010/Projects/Vanderkorn/TestProject1/bin/Debug/TestProject1.DLL" adapterTypeName="Microsoft.VisualStudio.TestTools.TestTypes.Unit.UnitTestAdapter, Microsoft.VisualStudio.QualityTools.Tips.UnitTest.Adapter, Version=10.0.0.0, Culture=neutral, PublicKeyToken=b03f5f7f11d50a3a" className="TestProject1.MatrixTest, TestProject1, Version=1.0.0.0, Culture=neutral, PublicKeyToken=null" name="op_AdditionTest5" />
    </UnitTest>
    <UnitTest name="InvertibleTest" storage="c:\users\vanderkorn\documents\visual studio 2010\projects\vanderkorn\testproject1\bin\debug\testproject1.dll" id="5e84da23-651a-9ba7-b319-935e9a609fd4">
      <Execution id="16fb6667-8432-4bcd-9bf6-063131205f14" />
      <TestMethod codeBase="C:/Users/vanderkorn/Documents/Visual Studio 2010/Projects/Vanderkorn/TestProject1/bin/Debug/TestProject1.DLL" adapterTypeName="Microsoft.VisualStudio.TestTools.TestTypes.Unit.UnitTestAdapter, Microsoft.VisualStudio.QualityTools.Tips.UnitTest.Adapter, Version=10.0.0.0, Culture=neutral, PublicKeyToken=b03f5f7f11d50a3a" className="TestProject1.MatrixTest, TestProject1, Version=1.0.0.0, Culture=neutral, PublicKeyToken=null" name="InvertibleTest" />
    </UnitTest>
    <UnitTest name="TraceTest1" storage="c:\users\vanderkorn\documents\visual studio 2010\projects\vanderkorn\testproject1\bin\debug\testproject1.dll" id="73c72c7d-9a1d-c4c5-838c-fa9eec167b29">
      <Execution id="881d6a28-a805-4f67-b3b7-3d6b87e0fcba" />
      <TestMethod codeBase="C:/Users/vanderkorn/Documents/Visual Studio 2010/Projects/Vanderkorn/TestProject1/bin/Debug/TestProject1.DLL" adapterTypeName="Microsoft.VisualStudio.TestTools.TestTypes.Unit.UnitTestAdapter, Microsoft.VisualStudio.QualityTools.Tips.UnitTest.Adapter, Version=10.0.0.0, Culture=neutral, PublicKeyToken=b03f5f7f11d50a3a" className="TestProject1.MatrixTest, TestProject1, Version=1.0.0.0, Culture=neutral, PublicKeyToken=null" name="TraceTest1" />
    </UnitTest>
    <UnitTest name="FactorialTest" storage="c:\users\vanderkorn\documents\visual studio 2010\projects\vanderkorn\testproject1\bin\debug\testproject1.dll" id="34c16369-77b1-9123-bfb3-07e1c80972b7">
      <DeploymentItems>
        <DeploymentItem filename="Vanderkorn.dll" />
      </DeploymentItems>
      <Execution id="2bfd10ec-a0e9-459c-8f8a-3396cff65586" />
      <TestMethod codeBase="C:/Users/vanderkorn/Documents/Visual Studio 2010/Projects/Vanderkorn/TestProject1/bin/Debug/TestProject1.DLL" adapterTypeName="Microsoft.VisualStudio.TestTools.TestTypes.Unit.UnitTestAdapter, Microsoft.VisualStudio.QualityTools.Tips.UnitTest.Adapter, Version=10.0.0.0, Culture=neutral, PublicKeyToken=b03f5f7f11d50a3a" className="TestProject1.MatrixTest, TestProject1, Version=1.0.0.0, Culture=neutral, PublicKeyToken=null" name="FactorialTest" />
    </UnitTest>
    <UnitTest name="PascalTest" storage="c:\users\vanderkorn\documents\visual studio 2010\projects\vanderkorn\testproject1\bin\debug\testproject1.dll" id="60964020-d2ec-0d2e-4def-9c2b4a089380">
      <Execution id="fe77506f-35a9-488d-a69d-2d2337b07a9a" />
      <TestMethod codeBase="C:/Users/vanderkorn/Documents/Visual Studio 2010/Projects/Vanderkorn/TestProject1/bin/Debug/TestProject1.DLL" adapterTypeName="Microsoft.VisualStudio.TestTools.TestTypes.Unit.UnitTestAdapter, Microsoft.VisualStudio.QualityTools.Tips.UnitTest.Adapter, Version=10.0.0.0, Culture=neutral, PublicKeyToken=b03f5f7f11d50a3a" className="TestProject1.MatrixTest, TestProject1, Version=1.0.0.0, Culture=neutral, PublicKeyToken=null" name="PascalTest" />
    </UnitTest>
    <UnitTest name="LehmerTest" storage="c:\users\vanderkorn\documents\visual studio 2010\projects\vanderkorn\testproject1\bin\debug\testproject1.dll" id="41d14748-27fe-3cbc-5d96-c8abd62202d2">
      <Execution id="72e135ab-6a55-4f4b-aebc-b6647c468c40" />
      <TestMethod codeBase="C:/Users/vanderkorn/Documents/Visual Studio 2010/Projects/Vanderkorn/TestProject1/bin/Debug/TestProject1.DLL" adapterTypeName="Microsoft.VisualStudio.TestTools.TestTypes.Unit.UnitTestAdapter, Microsoft.VisualStudio.QualityTools.Tips.UnitTest.Adapter, Version=10.0.0.0, Culture=neutral, PublicKeyToken=b03f5f7f11d50a3a" className="TestProject1.MatrixTest, TestProject1, Version=1.0.0.0, Culture=neutral, PublicKeyToken=null" name="LehmerTest" />
    </UnitTest>
    <UnitTest name="RedhefferElementTest" storage="c:\users\vanderkorn\documents\visual studio 2010\projects\vanderkorn\testproject1\bin\debug\testproject1.dll" id="eb54bf00-75a2-592b-df7d-fc90e7deb1f8">
      <DeploymentItems>
        <DeploymentItem filename="Vanderkorn.dll" />
      </DeploymentItems>
      <Execution id="5aa57025-7dcd-4ebd-b079-1d688b0c9d7b" />
      <TestMethod codeBase="C:/Users/vanderkorn/Documents/Visual Studio 2010/Projects/Vanderkorn/TestProject1/bin/Debug/TestProject1.DLL" adapterTypeName="Microsoft.VisualStudio.TestTools.TestTypes.Unit.UnitTestAdapter, Microsoft.VisualStudio.QualityTools.Tips.UnitTest.Adapter, Version=10.0.0.0, Culture=neutral, PublicKeyToken=b03f5f7f11d50a3a" className="TestProject1.MatrixTest, TestProject1, Version=1.0.0.0, Culture=neutral, PublicKeyToken=null" name="RedhefferElementTest" />
    </UnitTest>
    <UnitTest name="MatrixConstructorTest1" storage="c:\users\vanderkorn\documents\visual studio 2010\projects\vanderkorn\testproject1\bin\debug\testproject1.dll" id="71a33cf9-6d86-b402-bd3c-eda3d9099cfa">
      <Execution id="56e58c33-1652-4556-87ff-9a3bd569238c" />
      <TestMethod codeBase="C:/Users/vanderkorn/Documents/Visual Studio 2010/Projects/Vanderkorn/TestProject1/bin/Debug/TestProject1.DLL" adapterTypeName="Microsoft.VisualStudio.TestTools.TestTypes.Unit.UnitTestAdapter, Microsoft.VisualStudio.QualityTools.Tips.UnitTest.Adapter, Version=10.0.0.0, Culture=neutral, PublicKeyToken=b03f5f7f11d50a3a" className="TestProject1.MatrixTest, TestProject1, Version=1.0.0.0, Culture=neutral, PublicKeyToken=null" name="MatrixConstructorTest1" />
    </UnitTest>
    <UnitTest name="ZeroTest1" storage="c:\users\vanderkorn\documents\visual studio 2010\projects\vanderkorn\testproject1\bin\debug\testproject1.dll" id="df13f748-ead8-9367-11cd-50a4449eb6f2">
      <Execution id="a83fd1cb-6a7a-4876-9967-6c8b8a0e5371" />
      <TestMethod codeBase="C:/Users/vanderkorn/Documents/Visual Studio 2010/Projects/Vanderkorn/TestProject1/bin/Debug/TestProject1.DLL" adapterTypeName="Microsoft.VisualStudio.TestTools.TestTypes.Unit.UnitTestAdapter, Microsoft.VisualStudio.QualityTools.Tips.UnitTest.Adapter, Version=10.0.0.0, Culture=neutral, PublicKeyToken=b03f5f7f11d50a3a" className="TestProject1.MatrixTest, TestProject1, Version=1.0.0.0, Culture=neutral, PublicKeyToken=null" name="ZeroTest1" />
    </UnitTest>
    <UnitTest name="IsZeroTest" storage="c:\users\vanderkorn\documents\visual studio 2010\projects\vanderkorn\testproject1\bin\debug\testproject1.dll" id="311ffe7b-addd-a213-ff2e-a135d7a001d2">
      <Execution id="16809287-d6a4-4618-bd02-79ea2986676e" />
      <TestMethod codeBase="C:/Users/vanderkorn/Documents/Visual Studio 2010/Projects/Vanderkorn/TestProject1/bin/Debug/TestProject1.DLL" adapterTypeName="Microsoft.VisualStudio.TestTools.TestTypes.Unit.UnitTestAdapter, Microsoft.VisualStudio.QualityTools.Tips.UnitTest.Adapter, Version=10.0.0.0, Culture=neutral, PublicKeyToken=b03f5f7f11d50a3a" className="TestProject1.MatrixTest, TestProject1, Version=1.0.0.0, Culture=neutral, PublicKeyToken=null" name="IsZeroTest" />
    </UnitTest>
  </TestDefinitions>
  <TestLists>
    <TestList name="Отсутствующие в списке результаты" id="8c84fa94-04c1-424b-9868-57a2d4851a1d" />
    <TestList name="Все загруженные результаты" id="19431567-8539-422a-85d7-44ee4e166bda" />
  </TestLists>
  <TestEntries>
    <TestEntry testId="fba700a0-d91b-19f6-8cc0-357e3b96ea62" executionId="90d94471-baa4-4afb-a28b-e6d60fe0478c" testListId="8c84fa94-04c1-424b-9868-57a2d4851a1d" />
    <TestEntry testId="ff33e67c-6225-2ccf-e101-1116c9d85fc7" executionId="734e83d0-952d-42cc-be51-4ce065321d14" testListId="8c84fa94-04c1-424b-9868-57a2d4851a1d" />
    <TestEntry testId="5c662302-4227-0896-c7e6-498123301155" executionId="1495f6c2-9b85-42bb-b195-b89e74b13a18" testListId="8c84fa94-04c1-424b-9868-57a2d4851a1d" />
    <TestEntry testId="b5345954-f142-cf87-9c21-451006d9e57b" executionId="d4f5a929-057d-4474-b6ae-bdda60816ebe" testListId="8c84fa94-04c1-424b-9868-57a2d4851a1d" />
    <TestEntry testId="ff4c34aa-9de0-39c3-7aa9-a2b584f9b90e" executionId="b7410acb-b222-4e89-a62e-4ad24395ad18" testListId="8c84fa94-04c1-424b-9868-57a2d4851a1d" />
[...]
    </UnitTestResult>
    <UnitTestResult executionId="89e97262-4a0a-4766-b240-3b5bcbf2c15d" testId="d76f033e-3080-e631-0c04-ca1b2c7d8a2b" testName="IsSymmetricTest" computerName="VANDERKORN-PC" testType="13cdc9d9-ddb5-4fa4-a97d-d965ccfc6d4b" outcome="NotExecuted" testListId="8c84fa94-04c1-424b-9868-57a2d4851a1d" relativeResultsDirectory="89e97262-4a0a-4766-b240-3b5bcbf2c15d">
    </UnitTestResult>
    <UnitTestResult executionId="45b83d3d-37e5-4ff7-9dd9-512df465105d" testId="a9f0fdff-9fb7-6604-fdec-fdce090da3d7" testName="IsUpperBiDiagonalTest" computerName="VANDERKORN-PC" testType="13cdc9d9-ddb5-4fa4-a97d-d965ccfc6d4b" outcome="NotExecuted" testListId="8c84fa94-04c1-424b-9868-57a2d4851a1d" relativeResultsDirectory="45b83d3d-37e5-4ff7-9dd9-512df465105d">
    </UnitTestResult>
    <UnitTestResult executionId="16809287-d6a4-4618-bd02-79ea2986676e" testId="311ffe7b-addd-a213-ff2e-a135d7a001d2" testName="IsZeroTest" computerName="VANDERKORN-PC" testType="13cdc9d9-ddb5-4fa4-a97d-d965ccfc6d4b" outcome="NotExecuted" testListId="8c84fa94-04c1-424b-9868-57a2d4851a1d" relativeResultsDirectory="16809287-d6a4-4618-bd02-79ea2986676e">
    </UnitTestResult>
    <UnitTestResult executionId="72e135ab-6a55-4f4b-aebc-b6647c468c40" testId="41d14748-27fe-3cbc-5d96-c8abd62202d2" testName="LehmerTest" computerName="VANDERKORN-PC" testType="13cdc9d9-ddb5-4fa4-a97d-d965ccfc6d4b" outcome="NotExecuted" testListId="8c84fa94-04c1-424b-9868-57a2d4851a1d" relativeResultsDirectory="72e135ab-6a55-4f4b-aebc-b6647c468c40">
    </UnitTestResult>
    <UnitTestResult executionId="4e1902d4-49aa-4b9c-8d26-0c92e8f70484" testId="f9c3c492-a711-1b56-31c6-5024acfce441" testName="LehmerElementTest" computerName="VANDERKORN-PC" testType="13cdc9d9-ddb5-4fa4-a97d-d965ccfc6d4b" outcome="NotExecuted" testListId="8c84fa94-04c1-424b-9868-57a2d4851a1d" relativeResultsDirectory="4e1902d4-49aa-4b9c-8d26-0c92e8f70484">
    </UnitTestResult>
    <UnitTestResult executionId="7d58f193-1b74-489e-9cf1-787172d2c772" testId="13662682-b8a8-1500-58bf-32234df94494" testName="LowerShiftTest" computerName="VANDERKORN-PC" testType="13cdc9d9-ddb5-4fa4-a97d-d965ccfc6d4b" outcome="NotExecuted" testListId="8c84fa94-04c1-424b-9868-57a2d4851a1d" relativeResultsDirectory="7d58f193-1b74-489e-9cf1-787172d2c772">
    </UnitTestResult>
    <UnitTestResult executionId="d607fe3c-0d9c-4877-b0fd-d46770e107eb" testId="516cc571-d727-8d1e-d3eb-fcaf880951f0" testName="MinorTest" computerName="VANDERKORN-PC" testType="13cdc9d9-ddb5-4fa4-a97d-d965ccfc6d4b" outcome="NotExecuted" testListId="8c84fa94-04c1-424b-9868-57a2d4851a1d" relativeResultsDirectory="d607fe3c-0d9c-4877-b0fd-d46770e107eb">
    </UnitTestResult>
    <UnitTestResult executionId="d2616402-448d-43e6-9d99-c2472e08b108" testId="8ae4a461-40ff-e5df-52b8-92f096277bea" testName="MinorTest1" computerName="VANDERKORN-PC" testType="13cdc9d9-ddb5-4fa4-a97d-d965ccfc6d4b" outcome="NotExecuted" testListId="8c84fa94-04c1-424b-9868-57a2d4851a1d" relativeResultsDirectory="d2616402-448d-43e6-9d99-c2472e08b108">
    </UnitTestResult>
    <UnitTestResult executionId="bbb47f77-7c1e-4101-baa8-ccc2c07383ec" testId="15b8a582-65ef-8a94-ebb4-77ca9868956f" testName="MoveIfNeedTest" computerName="VANDERKORN-PC" testType="13cdc9d9-ddb5-4fa4-a97d-d965ccfc6d4b" outcome="NotExecuted" testListId="8c84fa94-04c1-424b-9868-57a2d4851a1d" relativeResultsDirectory="bbb47f77-7c1e-4101-baa8-ccc2c07383ec">
    </UnitTestResult>
    <UnitTestResult executionId="658226d1-9e9d-4684-9442-24b7e2ac7c9a" testId="7ae7dd1f-e66b-8e07-df53-9271c8f3e0e5" testName="MoveIfNeedTest1" computerName="VANDERKORN-PC" testType="13cdc9d9-ddb5-4fa4-a97d-d965ccfc6d4b" outcome="NotExecuted" testListId="8c84fa94-04c1-424b-9868-57a2d4851a1d" relativeResultsDirectory="658226d1-9e9d-4684-9442-24b7e2ac7c9a">
    </UnitTestResult>
    <UnitTestResult executionId="a1cbe904-2897-4279-92f8-c67afc50855b" testId="49a61d8d-8fea-3f26-72f4-abc8ff4cd029" testName="NormTest" computerName="VANDERKORN-PC" testType="13cdc9d9-ddb5-4fa4-a97d-d965ccfc6d4b" outcome="NotExecuted" testListId="8c84fa94-04c1-424b-9868-57a2d4851a1d" relativeResultsDirectory="a1cbe904-2897-4279-92f8-c67afc50855b">
    </UnitTestResult>
    <UnitTestResult executionId="bf20792d-1e65-4efb-aeb6-fb471ea1b225" testId="67d8b59d-feb7-2463-acb4-367e2f952e88" testName="NormTest1" computerName="VANDERKORN-PC" testType="13cdc9d9-ddb5-4fa4-a97d-d965ccfc6d4b" outcome="NotExecuted" testListId="8c84fa94-04c1-424b-9868-57a2d4851a1d" relativeResultsDirectory="bf20792d-1e65-4efb-aeb6-fb471ea1b225">
    </UnitTestResult>
    <UnitTestResult executionId="7cc6ed37-030d-43aa-a634-cd6b4419b5fb" testId="343cf50b-a605-f5f4-a06b-e2cff348966d" testName="NormingTest" computerName="VANDERKORN-PC" testType="13cdc9d9-ddb5-4fa4-a97d-d965ccfc6d4b" outcome="NotExecuted" testListId="8c84fa94-04c1-424b-9868-57a2d4851a1d" relativeResultsDirectory="7cc6ed37-030d-43aa-a634-cd6b4419b5fb">
    </UnitTestResult>
    <UnitTestResult executionId="77d97442-c9e6-4609-9db6-8b722298afa1" testId="d9122ccb-696a-4243-918e-9bf5e27ddc63" testName="NormingTest1" computerName="VANDERKORN-PC" testType="13cdc9d9-ddb5-4fa4-a97d-d965ccfc6d4b" outcome="NotExecuted" testListId="8c84fa94-04c1-424b-9868-57a2d4851a1d" relativeResultsDirectory="77d97442-c9e6-4609-9db6-8b722298afa1">
    </UnitTestResult>
    <UnitTestResult executionId="c2626684-3557-4103-99ad-ef4e43b2ccdc" testId="e3bf8c3e-900b-f9f0-9023-d4e8e39bb1a2" testName="OnesTest" computerName="VANDERKORN-PC" testType="13cdc9d9-ddb5-4fa4-a97d-d965ccfc6d4b" outcome="NotExecuted" testListId="8c84fa94-04c1-424b-9868-57a2d4851a1d" relativeResultsDirectory="c2626684-3557-4103-99ad-ef4e43b2ccdc">
    </UnitTestResult>
    <UnitTestResult executionId="fe77506f-35a9-488d-a69d-2d2337b07a9a" testId="60964020-d2ec-0d2e-4def-9c2b4a089380" testName="PascalTest" computerName="VANDERKORN-PC" testType="13cdc9d9-ddb5-4fa4-a97d-d965ccfc6d4b" outcome="NotExecuted" testListId="8c84fa94-04c1-424b-9868-57a2d4851a1d" relativeResultsDirectory="fe77506f-35a9-488d-a69d-2d2337b07a9a">
    </UnitTestResult>
    <UnitTestResult executionId="a5cc1290-0b39-49d4-8f27-944296aeeec9" testId="f4674a73-6199-18af-abf4-680a87bb0808" testName="PascalElementTest" computerName="VANDERKORN-PC" testType="13cdc9d9-ddb5-4fa4-a97d-d965ccfc6d4b" outcome="NotExecuted" testListId="8c84fa94-04c1-424b-9868-57a2d4851a1d" relativeResultsDirectory="a5cc1290-0b39-49d4-8f27-944296aeeec9">
    </UnitTestResult>
    <UnitTestResult executionId="ddd25a7a-1846-4f7d-8c32-3f37e3b08146" testId="43ad0cf5-616c-82fa-9bcb-1f85c1671cb5" testName="RankTest" computerName="VANDERKORN-PC" testType="13cdc9d9-ddb5-4fa4-a97d-d965ccfc6d4b" outcome="NotExecuted" testListId="8c84fa94-04c1-424b-9868-57a2d4851a1d" relativeResultsDirectory="ddd25a7a-1846-4f7d-8c32-3f37e3b08146">
    </UnitTestResult>
    <UnitTestResult executionId="ce6b8cf3-84c9-4069-8064-e24a49478a07" testId="9a386c76-e6c7-8a1d-e8a3-6fb5ac116ba9" testName="RankTest1" computerName="VANDERKORN-PC" testType="13cdc9d9-ddb5-4fa4-a97d-d965ccfc6d4b" outcome="NotExecuted" testListId="8c84fa94-04c1-424b-9868-57a2d4851a1d" relativeResultsDirectory="ce6b8cf3-84c9-4069-8064-e24a49478a07">
    </UnitTestResult>
    <UnitTestResult executionId="0a385a7d-7ab7-44cf-ae08-d99988cf6aea" testId="20c1d519-b61a-07d2-7337-9f0063246924" testName="RedhefferTest" computerName="VANDERKORN-PC" testType="13cdc9d9-ddb5-4fa4-a97d-d965ccfc6d4b" outcome="NotExecuted" testListId="8c84fa94-04c1-424b-9868-57a2d4851a1d" relativeResultsDirectory="0a385a7d-7ab7-44cf-ae08-d99988cf6aea">
    </UnitTestResult>
    <UnitTestResult executionId="5aa57025-7dcd-4ebd-b079-1d688b0c9d7b" testId="eb54bf00-75a2-592b-df7d-fc90e7deb1f8" testName="RedhefferElementTest" computerName="VANDERKORN-PC" testType="13cdc9d9-ddb5-4fa4-a97d-d965ccfc6d4b" outcome="NotExecuted" testListId="8c84fa94-04c1-424b-9868-57a2d4851a1d" relativeResultsDirectory="5aa57025-7dcd-4ebd-b079-1d688b0c9d7b">
    </UnitTestResult>
    <UnitTestResult executionId="e3b1bbc6-fa50-41c5-a682-6a9b93e91322" testId="2af2e75d-2feb-439d-2733-ebba6b83b65e" testName="RowDivisionTest" computerName="VANDERKORN-PC" testType="13cdc9d9-ddb5-4fa4-a97d-d965ccfc6d4b" outcome="NotExecuted" testListId="8c84fa94-04c1-424b-9868-57a2d4851a1d" relativeResultsDirectory="e3b1bbc6-fa50-41c5-a682-6a9b93e91322">
    </UnitTestResult>
    <UnitTestResult executionId="abd6bc20-30a8-41ea-b17f-b67bf14cab4e" testId="e3f9a2b1-d282-72db-e07c-ed612981e2ba" testName="RowMultiplicationTest" computerName="VANDERKORN-PC" testType="13cdc9d9-ddb5-4fa4-a97d-d965ccfc6d4b" outcome="NotExecuted" testListId="8c84fa94-04c1-424b-9868-57a2d4851a1d" relativeResultsDirectory="abd6bc20-30a8-41ea-b17f-b67bf14cab4e">
    </UnitTestResult>
    <UnitTestResult executionId="065fc37d-70f9-4837-b016-9055c38bcde2" testId="87ff32f2-01cf-5ffd-3d95-32fb2da95d79" testName="RowsAdditionTest" computerName="VANDERKORN-PC" testType="13cdc9d9-ddb5-4fa4-a97d-d965ccfc6d4b" outcome="NotExecuted" testListId="8c84fa94-04c1-424b-9868-57a2d4851a1d" relativeResultsDirectory="065fc37d-70f9-4837-b016-9055c38bcde2">
    </UnitTestResult>
    <UnitTestResult executionId="b3556025-f2d5-4c8a-bf41-1661c9b7996c" testId="c23278b6-aee6-9901-a23b-e2959c48e495" testName="RowsSubtractionTest" computerName="VANDERKORN-PC" testType="13cdc9d9-ddb5-4fa4-a97d-d965ccfc6d4b" outcome="NotExecuted" testListId="8c84fa94-04c1-424b-9868-57a2d4851a1d" relativeResultsDirectory="b3556025-f2d5-4c8a-bf41-1661c9b7996c">
    </UnitTestResult>
    <UnitTestResult executionId="7a60958b-83f8-42e2-8747-dca3de493ac1" testId="555bbc82-3e5b-415e-72fe-f77026a03170" testName="RowsSubtractionTest1" computerName="VANDERKORN-PC" testType="13cdc9d9-ddb5-4fa4-a97d-d965ccfc6d4b" outcome="NotExecuted" testListId="8c84fa94-04c1-424b-9868-57a2d4851a1d" relativeResultsDirectory="7a60958b-83f8-42e2-8747-dca3de493ac1">
    </UnitTestResult>
    <UnitTestResult executionId="0f452617-a7ea-479e-8141-b47e2129ac8b" testId="39f223aa-d3a9-66e8-a350-a93613838541" testName="RowsTranspositionTest" computerName="VANDERKORN-PC" testType="13cdc9d9-ddb5-4fa4-a97d-d965ccfc6d4b" outcome="NotExecuted" testListId="8c84fa94-04c1-424b-9868-57a2d4851a1d" relativeResultsDirectory="0f452617-a7ea-479e-8141-b47e2129ac8b">
    </UnitTestResult>
    <UnitTestResult executionId="53829871-e9af-4a3a-a635-7995513d5060" testId="818de38b-2e4a-a9ad-a429-5816126321fd" testName="ScalarTest" computerName="VANDERKORN-PC" testType="13cdc9d9-ddb5-4fa4-a97d-d965ccfc6d4b" outcome="NotExecuted" testListId="8c84fa94-04c1-424b-9868-57a2d4851a1d" relativeResultsDirectory="53829871-e9af-4a3a-a635-7995513d5060">
    </UnitTestResult>
    <UnitTestResult executionId="d8078d8d-c059-4ba9-9e98-50653e2e06c3" testId="099d434e-81cd-2916-3744-b5bd585b4b8a" testName="TTest" computerName="VANDERKORN-PC" testType="13cdc9d9-ddb5-4fa4-a97d-d965ccfc6d4b" outcome="NotExecuted" testListId="8c84fa94-04c1-424b-9868-57a2d4851a1d" relativeResultsDirectory="d8078d8d-c059-4ba9-9e98-50653e2e06c3">
    </UnitTestResult>
    <UnitTestResult executionId="8ac30ef3-e079-468b-a540-79aa86060453" testId="7cc639b2-5246-5b3a-4777-4f8e909f3902" testName="TTest1" computerName="VANDERKORN-PC" testType="13cdc9d9-ddb5-4fa4-a97d-d965ccfc6d4b" outcome="NotExecuted" testListId="8c84fa94-04c1-424b-9868-57a2d4851a1d" relativeResultsDirectory="8ac30ef3-e079-468b-a540-79aa86060453">
    </UnitTestResult>
    <UnitTestResult executionId="712b7694-13d1-4238-9e95-4b7748ba6312" testId="e3352cf3-f505-e212-a487-2a019ecebf10" testName="ToArrayTest" computerName="VANDERKORN-PC" testType="13cdc9d9-ddb5-4fa4-a97d-d965ccfc6d4b" outcome="NotExecuted" testListId="8c84fa94-04c1-424b-9868-57a2d4851a1d" relativeResultsDirectory="712b7694-13d1-4238-9e95-4b7748ba6312">
    </UnitTestResult>
    <UnitTestResult executionId="ed232175-7ca1-49e7-8a8a-720af82f63c5" testId="2ccbb0bc-a647-a36c-66e8-ee0ebf18cd12" testName="TraceTest" computerName="VANDERKORN-PC" testType="13cdc9d9-ddb5-4fa4-a97d-d965ccfc6d4b" outcome="NotExecuted" testListId="8c84fa94-04c1-424b-9868-57a2d4851a1d" relativeResultsDirectory="ed232175-7ca1-49e7-8a8a-720af82f63c5">
    </UnitTestResult>
    <UnitTestResult executionId="881d6a28-a805-4f67-b3b7-3d6b87e0fcba" testId="73c72c7d-9a1d-c4c5-838c-fa9eec167b29" testName="TraceTest1" computerName="VANDERKORN-PC" testType="13cdc9d9-ddb5-4fa4-a97d-d965ccfc6d4b" outcome="NotExecuted" testListId="8c84fa94-04c1-424b-9868-57a2d4851a1d" relativeResultsDirectory="881d6a28-a805-4f67-b3b7-3d6b87e0fcba">
    </UnitTestResult>
    <UnitTestResult executionId="68ecca51-3301-4450-a5a8-51ead076193e" testId="1106e1d5-f387-bbad-aa94-e8c0753c45a1" testName="TransposeTest" computerName="VANDERKORN-PC" testType="13cdc9d9-ddb5-4fa4-a97d-d965ccfc6d4b" outcome="NotExecuted" testListId="8c84fa94-04c1-424b-9868-57a2d4851a1d" relativeResultsDirectory="68ecca51-3301-4450-a5a8-51ead076193e">
    </UnitTestResult>
    <UnitTestResult executionId="7dee462a-5601-4c9a-acb0-20878ea80337" testId="b0080fb5-25dc-25cd-2706-8a554d872a72" testName="TransposeTest1" computerName="VANDERKORN-PC" testType="13cdc9d9-ddb5-4fa4-a97d-d965ccfc6d4b" outcome="NotExecuted" testListId="8c84fa94-04c1-424b-9868-57a2d4851a1d" relativeResultsDirectory="7dee462a-5601-4c9a-acb0-20878ea80337">
    </UnitTestResult>
    <UnitTestResult executionId="20bc2165-39db-411c-b29c-11d000840992" testId="a066935b-946f-6396-2bcb-16d51af82164" testName="UpperShiftTest" computerName="VANDERKORN-PC" testType="13cdc9d9-ddb5-4fa4-a97d-d965ccfc6d4b" outcome="NotExecuted" testListId="8c84fa94-04c1-424b-9868-57a2d4851a1d" relativeResultsDirectory="20bc2165-39db-411c-b29c-11d000840992">
    </UnitTestResult>
    <UnitTestResult executionId="75ad1fa9-3883-4b07-a1c0-d44faf733a07" testId="464ffb12-7bc5-d3f2-19ef-bccc5efc6724" testName="ZeroTest" computerName="VANDERKORN-PC" testType="13cdc9d9-ddb5-4fa4-a97d-d965ccfc6d4b" outcome="NotExecuted" testListId="8c84fa94-04c1-424b-9868-57a2d4851a1d" relativeResultsDirectory="75ad1fa9-3883-4b07-a1c0-d44faf733a07">
    </UnitTestResult>
    <UnitTestResult executionId="a83fd1cb-6a7a-4876-9967-6c8b8a0e5371" testId="df13f748-ead8-9367-11cd-50a4449eb6f2" testName="ZeroTest1" computerName="VANDERKORN-PC" testType="13cdc9d9-ddb5-4fa4-a97d-d965ccfc6d4b" outcome="NotExecuted" testListId="8c84fa94-04c1-424b-9868-57a2d4851a1d" relativeResultsDirectory="a83fd1cb-6a7a-4876-9967-6c8b8a0e5371">
    </UnitTestResult>
    <UnitTestResult executionId="0a259a57-ff84-4c2f-a6ee-3f46caf868fe" testId="6bce6069-5b5d-c93f-553b-dcb95e67e7b4" testName="op_AdditionTest" computerName="VANDERKORN-PC" testType="13cdc9d9-ddb5-4fa4-a97d-d965ccfc6d4b" outcome="NotExecuted" testListId="8c84fa94-04c1-424b-9868-57a2d4851a1d" relativeResultsDirectory="0a259a57-ff84-4c2f-a6ee-3f46caf868fe">
    </UnitTestResult>
    <UnitTestResult executionId="f8a454d8-d0a0-41ac-aaea-2e1f7e9a9e35" testId="db16b0da-9929-eff7-0958-07b2076eaf4f" testName="op_AdditionTest1" computerName="VANDERKORN-PC" testType="13cdc9d9-ddb5-4fa4-a97d-d965ccfc6d4b" outcome="NotExecuted" testListId="8c84fa94-04c1-424b-9868-57a2d4851a1d" relativeResultsDirectory="f8a454d8-d0a0-41ac-aaea-2e1f7e9a9e35">
    </UnitTestResult>
    <UnitTestResult executionId="8c4727ea-bc97-484a-80bd-a8a1cdb15270" testId="85952276-fb35-079e-ed9e-cd32d07cf640" testName="op_AdditionTest2" computerName="VANDERKORN-PC" testType="13cdc9d9-ddb5-4fa4-a97d-d965ccfc6d4b" outcome="NotExecuted" testListId="8c84fa94-04c1-424b-9868-57a2d4851a1d" relativeResultsDirectory="8c4727ea-bc97-484a-80bd-a8a1cdb15270">
    </UnitTestResult>
    <UnitTestResult executionId="7f350494-1f92-4286-826c-3d8e5338b20e" testId="22721632-6b44-068a-5dfb-07b05b326cf4" testName="op_AdditionTest3" computerName="VANDERKORN-PC" testType="13cdc9d9-ddb5-4fa4-a97d-d965ccfc6d4b" outcome="NotExecuted" testListId="8c84fa94-04c1-424b-9868-57a2d4851a1d" relativeResultsDirectory="7f350494-1f92-4286-826c-3d8e5338b20e">
    </UnitTestResult>
    <UnitTestResult executionId="c25dd2a7-6e5a-450b-be5c-12fa0a4aac42" testId="dc4bbeaf-270d-fab3-f8fa-c27aca4d9d18" testName="op_AdditionTest4" computerName="VANDERKORN-PC" testType="13cdc9d9-ddb5-4fa4-a97d-d965ccfc6d4b" outcome="NotExecuted" testListId="8c84fa94-04c1-424b-9868-57a2d4851a1d" relativeResultsDirectory="c25dd2a7-6e5a-450b-be5c-12fa0a4aac42">
    </UnitTestResult>
    <UnitTestResult executionId="49321e0f-2f36-4c07-982d-4342e7b6a52d" testId="ddfa8f98-c484-daf2-13e0-b29a27a36693" testName="op_AdditionTest5" computerName="VANDERKORN-PC" testType="13cdc9d9-ddb5-4fa4-a97d-d965ccfc6d4b" outcome="NotExecuted" testListId="8c84fa94-04c1-424b-9868-57a2d4851a1d" relativeResultsDirectory="49321e0f-2f36-4c07-982d-4342e7b6a52d">
    </UnitTestResult>
    <UnitTestResult executionId="16b4cae1-01ee-47bd-9148-07411c895238" testId="1d795ad3-1884-4dde-7cf2-60beb0811a4a" testName="op_AdditionTest6" computerName="VANDERKORN-PC" testType="13cdc9d9-ddb5-4fa4-a97d-d965ccfc6d4b" outcome="NotExecuted" testListId="8c84fa94-04c1-424b-9868-57a2d4851a1d" relativeResultsDirectory="16b4cae1-01ee-47bd-9148-07411c895238">
    </UnitTestResult>
    <UnitTestResult executionId="5d0661ed-b377-47c1-9998-f6f0af616034" testId="fbd64c98-ba51-03ae-2f34-4bc2ac313480" testName="op_DivisionTest" computerName="VANDERKORN-PC" testType="13cdc9d9-ddb5-4fa4-a97d-d965ccfc6d4b" outcome="NotExecuted" testListId="8c84fa94-04c1-424b-9868-57a2d4851a1d" relativeResultsDirectory="5d0661ed-b377-47c1-9998-f6f0af616034">
    </UnitTestResult>
    <UnitTestResult executionId="bae498c3-560b-4433-acf8-bf2a85559ae8" testId="f98d0c38-682e-c60a-1593-15001c66f71e" testName="op_DivisionTest1" computerName="VANDERKORN-PC" testType="13cdc9d9-ddb5-4fa4-a97d-d965ccfc6d4b" outcome="NotExecuted" testListId="8c84fa94-04c1-424b-9868-57a2d4851a1d" relativeResultsDirectory="bae498c3-560b-4433-acf8-bf2a85559ae8">
    </UnitTestResult>
    <UnitTestResult executionId="36820108-8035-4cf4-bc50-0f7ef1c3150e" testId="c4d5632a-eeb4-5983-3216-fb7d9f2e72ee" testName="op_DivisionTest2" computerName="VANDERKORN-PC" testType="13cdc9d9-ddb5-4fa4-a97d-d965ccfc6d4b" outcome="NotExecuted" testListId="8c84fa94-04c1-424b-9868-57a2d4851a1d" relativeResultsDirectory="36820108-8035-4cf4-bc50-0f7ef1c3150e">
    </UnitTestResult>
    <UnitTestResult executionId="dd6769d2-1c29-4e34-b4d9-20da9db0bd06" testId="6dd00cea-5026-16d9-dea1-25c83e13b882" testName="op_DivisionTest3" computerName="VANDERKORN-PC" testType="13cdc9d9-ddb5-4fa4-a97d-d965ccfc6d4b" outcome="NotExecuted" testListId="8c84fa94-04c1-424b-9868-57a2d4851a1d" relativeResultsDirectory="dd6769d2-1c29-4e34-b4d9-20da9db0bd06">
    </UnitTestResult>
    <UnitTestResult executionId="91598a40-f7bc-4047-86ff-90769115c34e" testId="d2ccba49-e90e-557d-2fdb-c52d3660c619" testName="op_DivisionTest4" computerName="VANDERKORN-PC" testType="13cdc9d9-ddb5-4fa4-a97d-d965ccfc6d4b" outcome="NotExecuted" testListId="8c84fa94-04c1-424b-9868-57a2d4851a1d" relativeResultsDirectory="91598a40-f7bc-4047-86ff-90769115c34e">
    </UnitTestResult>
    <UnitTestResult executionId="cbc1f0a8-6aa1-4dbc-8dba-04cd8e66bc63" testId="797a4359-3202-2d38-5939-bcd3becebef7" testName="op_DivisionTest5" computerName="VANDERKORN-PC" testType="13cdc9d9-ddb5-4fa4-a97d-d965ccfc6d4b" outcome="NotExecuted" testListId="8c84fa94-04c1-424b-9868-57a2d4851a1d" relativeResultsDirectory="cbc1f0a8-6aa1-4dbc-8dba-04cd8e66bc63">
    </UnitTestResult>
    <UnitTestResult executionId="b390b8e7-71cd-41aa-8190-c5e57b86083c" testId="a495c45f-f14c-0aa1-5314-a88886572447" testName="op_EqualityTest" computerName="VANDERKORN-PC" testType="13cdc9d9-ddb5-4fa4-a97d-d965ccfc6d4b" outcome="NotExecuted" testListId="8c84fa94-04c1-424b-9868-57a2d4851a1d" relativeResultsDirectory="b390b8e7-71cd-41aa-8190-c5e57b86083c">
    </UnitTestResult>
  </Results>
</TestRun>