<?xml version="1.0" encoding="UTF-8"?>
<TestRun id="aa03d518-7a70-43d9-a7a8-ee7c39dc2ace" name="vanderkorn@VANDERKORN-PC 2012-07-01 20:37:49" runUser="vanderkorn-PC\vanderkorn" xmlns="http://microsoft.com/schemas/VisualStudio/TeamTest/2010">
  <TestSettings name="Локальные" id="35777131-df4e-4c2a-9d13-f634c7f90450">
    <Description>Это - параметры по умолчанию для локального тестового запуска.</Description>
    <Deployment userDeploymentRoot="C:\Users\vanderkorn\Documents\Visual Studio 2010\Projects\Vanderkorn\TestResults" useDefaultDeploymentRoot="false" enabled="false" runDeploymentRoot="vanderkorn_VANDERKORN-PC 2012-07-01 20_37_49">
      <DeploymentItem filename="C:\Users\vanderkorn\Documents\Visual Studio 2010\Projects\Vanderkorn\Vanderkorn\bin\Debug\Vanderkorn.dll" />
    </Deployment>
    <Execution>
      <TestTypeSpecific />
      <AgentRule name="Execution Agents">
      </AgentRule>
    </Execution>
  </TestSettings>
  <Times creation="2012-07-01T20:37:49.3435272+05:00" queuing="2012-07-01T20:37:50.0135489+05:00" start="2012-07-01T20:37:50.1425530+05:00" finish="2012-07-01T20:38:14.1092332+05:00" />
  <ResultSummary outcome="Error">
    <Counters total="101" executed="101" error="4" failed="97" timeout="0" aborted="0" inconclusive="0" passedButRunAborted="0" notRunnable="0" notExecuted="0" disconnected="0" warning="0" passed="0" completed="0" inProgress="0" pending="0" />
  </ResultSummary>
  <TestDefinitions>
    <UnitTest name="OnesTest" storage="c:\users\vanderkorn\documents\visual studio 2010\projects\vanderkorn\testproject1\bin\debug\testproject1.dll" id="e3bf8c3e-900b-f9f0-9023-d4e8e39bb1a2">
      <Execution id="6999c3c5-223e-4c20-a473-b64412f518d7" />
      <TestMethod codeBase="C:/Users/vanderkorn/Documents/Visual Studio 2010/Projects/Vanderkorn/TestProject1/bin/Debug/TestProject1.DLL" adapterTypeName="Microsoft.VisualStudio.TestTools.TestTypes.Unit.UnitTestAdapter, Microsoft.VisualStudio.QualityTools.Tips.UnitTest.Adapter, Version=10.0.0.0, Culture=neutral, PublicKeyToken=b03f5f7f11d50a3a" className="TestProject1.MatrixTest, TestProject1, Version=1.0.0.0, Culture=neutral, PublicKeyToken=null" name="OnesTest" />
    </UnitTest>
    <UnitTest name="op_InequalityTest" storage="c:\users\vanderkorn\documents\visual studio 2010\projects\vanderkorn\testproject1\bin\debug\testproject1.dll" id="fba700a0-d91b-19f6-8cc0-357e3b96ea62">
      <Execution id="dbf00a93-a2c2-4035-a1b4-b06cb2b4b2d7" />
      <TestMethod codeBase="C:/Users/vanderkorn/Documents/Visual Studio 2010/Projects/Vanderkorn/TestProject1/bin/Debug/TestProject1.DLL" adapterTypeName="Microsoft.VisualStudio.TestTools.TestTypes.Unit.UnitTestAdapter, Microsoft.VisualStudio.QualityTools.Tips.UnitTest.Adapter, Version=10.0.0.0, Culture=neutral, PublicKeyToken=b03f5f7f11d50a3a" className="TestProject1.MatrixTest, TestProject1, Version=1.0.0.0, Culture=neutral, PublicKeyToken=null" name="op_InequalityTest" />
    </UnitTest>
    <UnitTest name="ZeroTest" storage="c:\users\vanderkorn\documents\visual studio 2010\projects\vanderkorn\testproject1\bin\debug\testproject1.dll" id="464ffb12-7bc5-d3f2-19ef-bccc5efc6724">
      <Execution id="bbc90f40-bfa3-4c86-8742-bebcc2a8d602" />
      <TestMethod codeBase="C:/Users/vanderkorn/Documents/Visual Studio 2010/Projects/Vanderkorn/TestProject1/bin/Debug/TestProject1.DLL" adapterTypeName="Microsoft.VisualStudio.TestTools.TestTypes.Unit.UnitTestAdapter, Microsoft.VisualStudio.QualityTools.Tips.UnitTest.Adapter, Version=10.0.0.0, Culture=neutral, PublicKeyToken=b03f5f7f11d50a3a" className="TestProject1.MatrixTest, TestProject1, Version=1.0.0.0, Culture=neutral, PublicKeyToken=null" name="ZeroTest" />
    </UnitTest>
    <UnitTest name="op_AdditionTest6" storage="c:\users\vanderkorn\documents\visual studio 2010\projects\vanderkorn\testproject1\bin\debug\testproject1.dll" id="1d795ad3-1884-4dde-7cf2-60beb0811a4a">
      <Execution id="6ecb7b90-372b-4e21-a7a9-25814092451c" />
      <TestMethod codeBase="C:/Users/vanderkorn/Documents/Visual Studio 2010/Projects/Vanderkorn/TestProject1/bin/Debug/TestProject1.DLL" adapterTypeName="Microsoft.VisualStudio.TestTools.TestTypes.Unit.UnitTestAdapter, Microsoft.VisualStudio.QualityTools.Tips.UnitTest.Adapter, Version=10.0.0.0, Culture=neutral, PublicKeyToken=b03f5f7f11d50a3a" className="TestProject1.MatrixTest, TestProject1, Version=1.0.0.0, Culture=neutral, PublicKeyToken=null" name="op_AdditionTest6" />
    </UnitTest>
    <UnitTest name="op_DivisionTest4" storage="c:\users\vanderkorn\documents\visual studio 2010\projects\vanderkorn\testproject1\bin\debug\testproject1.dll" id="d2ccba49-e90e-557d-2fdb-c52d3660c619">
      <Execution id="5a2a9f35-d839-454d-b345-9d35bd195bf2" />
      <TestMethod codeBase="C:/Users/vanderkorn/Documents/Visual Studio 2010/Projects/Vanderkorn/TestProject1/bin/Debug/TestProject1.DLL" adapterTypeName="Microsoft.VisualStudio.TestTools.TestTypes.Unit.UnitTestAdapter, Microsoft.VisualStudio.QualityTools.Tips.UnitTest.Adapter, Version=10.0.0.0, Culture=neutral, PublicKeyToken=b03f5f7f11d50a3a" className="TestProject1.MatrixTest, TestProject1, Version=1.0.0.0, Culture=neutral, PublicKeyToken=null" name="op_DivisionTest4" />
    </UnitTest>
    <UnitTest name="op_SubtractionTest2" storage="c:\users\vanderkorn\documents\visual studio 2010\projects\vanderkorn\testproject1\bin\debug\testproject1.dll" id="8a076334-ed9b-9218-85c9-3dfa9f1fabd7">
      <Execution id="1e5db361-26c7-4330-bfd0-4bd1b9e2b993" />
      <TestMethod codeBase="C:/Users/vanderkorn/Documents/Visual Studio 2010/Projects/Vanderkorn/TestProject1/bin/Debug/TestProject1.DLL" adapterTypeName="Microsoft.VisualStudio.TestTools.TestTypes.Unit.UnitTestAdapter, Microsoft.VisualStudio.QualityTools.Tips.UnitTest.Adapter, Version=10.0.0.0, Culture=neutral, PublicKeyToken=b03f5f7f11d50a3a" className="TestProject1.MatrixTest, TestProject1, Version=1.0.0.0, Culture=neutral, PublicKeyToken=null" name="op_SubtractionTest2" />
    </UnitTest>
    <UnitTest name="op_AdditionTest1" storage="c:\users\vanderkorn\documents\visual studio 2010\projects\vanderkorn\testproject1\bin\debug\testproject1.dll" id="db16b0da-9929-eff7-0958-07b2076eaf4f">
      <Execution id="c1d3f00d-7e0a-4878-940b-78c20b4f0cb0" />
      <TestMethod codeBase="C:/Users/vanderkorn/Documents/Visual Studio 2010/Projects/Vanderkorn/TestProject1/bin/Debug/TestProject1.DLL" adapterTypeName="Microsoft.VisualStudio.TestTools.TestTypes.Unit.UnitTestAdapter, Microsoft.VisualStudio.QualityTools.Tips.UnitTest.Adapter, Version=10.0.0.0, Culture=neutral, PublicKeyToken=b03f5f7f11d50a3a" className="TestProject1.MatrixTest, TestProject1, Version=1.0.0.0, Culture=neutral, PublicKeyToken=null" name="op_AdditionTest1" />
    </UnitTest>
    <UnitTest name="op_SubtractionTest6" storage="c:\users\vanderkorn\documents\visual studio 2010\projects\vanderkorn\testproject1\bin\debug\testproject1.dll" id="127441cb-db47-5efd-6576-0d0437ac74dc">
      <Execution id="a7727bce-72a5-47ce-bfc4-c3e567edc809" />
      <TestMethod codeBase="C:/Users/vanderkorn/Documents/Visual Studio 2010/Projects/Vanderkorn/TestProject1/bin/Debug/TestProject1.DLL" adapterTypeName="Microsoft.VisualStudio.TestTools.TestTypes.Unit.UnitTestAdapter, Microsoft.VisualStudio.QualityTools.Tips.UnitTest.Adapter, Version=10.0.0.0, Culture=neutral, PublicKeyToken=b03f5f7f11d50a3a" className="TestProject1.MatrixTest, TestProject1, Version=1.0.0.0, Culture=neutral, PublicKeyToken=null" name="op_SubtractionTest6" />
    </UnitTest>
    <UnitTest name="TTest" storage="c:\users\vanderkorn\documents\visual studio 2010\projects\vanderkorn\testproject1\bin\debug\testproject1.dll" id="099d434e-81cd-2916-3744-b5bd585b4b8a">
      <Execution id="ce68444c-d7c2-4862-a334-e371ff191385" />
      <TestMethod codeBase="C:/Users/vanderkorn/Documents/Visual Studio 2010/Projects/Vanderkorn/TestProject1/bin/Debug/TestProject1.DLL" adapterTypeName="Microsoft.VisualStudio.TestTools.TestTypes.Unit.UnitTestAdapter, Microsoft.VisualStudio.QualityTools.Tips.UnitTest.Adapter, Version=10.0.0.0, Culture=neutral, PublicKeyToken=b03f5f7f11d50a3a" className="TestProject1.MatrixTest, TestProject1, Version=1.0.0.0, Culture=neutral, PublicKeyToken=null" name="TTest" />
    </UnitTest>
    <UnitTest name="RowMultiplicationTest" storage="c:\users\vanderkorn\documents\visual studio 2010\projects\vanderkorn\testproject1\bin\debug\testproject1.dll" id="e3f9a2b1-d282-72db-e07c-ed612981e2ba">
      <Execution id="62291787-8bba-4e6e-9550-75c119998da8" />
      <TestMethod codeBase="C:/Users/vanderkorn/Documents/Visual Studio 2010/Projects/Vanderkorn/TestProject1/bin/Debug/TestProject1.DLL" adapterTypeName="Microsoft.VisualStudio.TestTools.TestTypes.Unit.UnitTestAdapter, Microsoft.VisualStudio.QualityTools.Tips.UnitTest.Adapter, Version=10.0.0.0, Culture=neutral, PublicKeyToken=b03f5f7f11d50a3a" className="TestProject1.MatrixTest, TestProject1, Version=1.0.0.0, Culture=neutral, PublicKeyToken=null" name="RowMultiplicationTest" />
    </UnitTest>
    <UnitTest name="AbsTest1" storage="c:\users\vanderkorn\documents\visual studio 2010\projects\vanderkorn\testproject1\bin\debug\testproject1.dll" id="9bc2a3b1-a16f-60be-cad1-0bc661a1e754">
      <Execution id="2d4a3c50-aaa5-4647-9381-cf0dc561f5f3" />
      <TestMethod codeBase="C:/Users/vanderkorn/Documents/Visual Studio 2010/Projects/Vanderkorn/TestProject1/bin/Debug/TestProject1.DLL" adapterTypeName="Microsoft.VisualStudio.TestTools.TestTypes.Unit.UnitTestAdapter, Microsoft.VisualStudio.QualityTools.Tips.UnitTest.Adapter, Version=10.0.0.0, Culture=neutral, PublicKeyToken=b03f5f7f11d50a3a" className="TestProject1.MatrixTest, TestProject1, Version=1.0.0.0, Culture=neutral, PublicKeyToken=null" name="AbsTest1" />
    </UnitTest>
    <UnitTest name="DeterminantTest" storage="c:\users\vanderkorn\documents\visual studio 2010\projects\vanderkorn\testproject1\bin\debug\testproject1.dll" id="a6bb198b-d05d-96c9-e563-317fad132654">
      <Execution id="56a2e448-a98e-4711-8728-4bdd81cb7a83" />
      <TestMethod codeBase="C:/Users/vanderkorn/Documents/Visual Studio 2010/Projects/Vanderkorn/TestProject1/bin/Debug/TestProject1.DLL" adapterTypeName="Microsoft.VisualStudio.TestTools.TestTypes.Unit.UnitTestAdapter, Microsoft.VisualStudio.QualityTools.Tips.UnitTest.Adapter, Version=10.0.0.0, Culture=neutral, PublicKeyToken=b03f5f7f11d50a3a" className="TestProject1.MatrixTest, TestProject1, Version=1.0.0.0, Culture=neutral, PublicKeyToken=null" name="DeterminantTest" />
    </UnitTest>
    <UnitTest name="UpperShiftTest" storage="c:\users\vanderkorn\documents\visual studio 2010\projects\vanderkorn\testproject1\bin\debug\testproject1.dll" id="a066935b-946f-6396-2bcb-16d51af82164">
      <Execution id="82f640df-8291-4337-830f-d419e8003f12" />
      <TestMethod codeBase="C:/Users/vanderkorn/Documents/Visual Studio 2010/Projects/Vanderkorn/TestProject1/bin/Debug/TestProject1.DLL" adapterTypeName="Microsoft.VisualStudio.TestTools.TestTypes.Unit.UnitTestAdapter, Microsoft.VisualStudio.QualityTools.Tips.UnitTest.Adapter, Version=10.0.0.0, Culture=neutral, PublicKeyToken=b03f5f7f11d50a3a" className="TestProject1.MatrixTest, TestProject1, Version=1.0.0.0, Culture=neutral, PublicKeyToken=null" name="UpperShiftTest" />
    </UnitTest>
    <UnitTest name="TransposeTest" storage="c:\users\vanderkorn\documents\visual studio 2010\projects\vanderkorn\testproject1\bin\debug\testproject1.dll" id="1106e1d5-f387-bbad-aa94-e8c0753c45a1">
      <Execution id="a6288458-3cd8-4dac-b8fb-dea7df340386" />
      <TestMethod codeBase="C:/Users/vanderkorn/Documents/Visual Studio 2010/Projects/Vanderkorn/TestProject1/bin/Debug/TestProject1.DLL" adapterTypeName="Microsoft.VisualStudio.TestTools.TestTypes.Unit.UnitTestAdapter, Microsoft.VisualStudio.QualityTools.Tips.UnitTest.Adapter, Version=10.0.0.0, Culture=neutral, PublicKeyToken=b03f5f7f11d50a3a" className="TestProject1.MatrixTest, TestProject1, Version=1.0.0.0, Culture=neutral, PublicKeyToken=null" name="TransposeTest" />
    </UnitTest>
    <UnitTest name="op_DivisionTest2" storage="c:\users\vanderkorn\documents\visual studio 2010\projects\vanderkorn\testproject1\bin\debug\testproject1.dll" id="c4d5632a-eeb4-5983-3216-fb7d9f2e72ee">
      <Execution id="64b1250e-49a2-467a-8e92-ee00c5983128" />
      <TestMethod codeBase="C:/Users/vanderkorn/Documents/Visual Studio 2010/Projects/Vanderkorn/TestProject1/bin/Debug/TestProject1.DLL" adapterTypeName="Microsoft.VisualStudio.TestTools.TestTypes.Unit.UnitTestAdapter, Microsoft.VisualStudio.QualityTools.Tips.UnitTest.Adapter, Version=10.0.0.0, Culture=neutral, PublicKeyToken=b03f5f7f11d50a3a" className="TestProject1.MatrixTest, TestProject1, Version=1.0.0.0, Culture=neutral, PublicKeyToken=null" name="op_DivisionTest2" />
    </UnitTest>
    <UnitTest name="ItemTest" storage="c:\users\vanderkorn\documents\visual studio 2010\projects\vanderkorn\testproject1\bin\debug\testproject1.dll" id="b437f308-1b2f-8f11-8319-96e81579612c">
      <Execution id="370de5b0-1c71-4d58-a85b-092452645d5a" />
      <TestMethod codeBase="C:/Users/vanderkorn/Documents/Visual Studio 2010/Projects/Vanderkorn/TestProject1/bin/Debug/TestProject1.DLL" adapterTypeName="Microsoft.VisualStudio.TestTools.TestTypes.Unit.UnitTestAdapter, Microsoft.VisualStudio.QualityTools.Tips.UnitTest.Adapter, Version=10.0.0.0, Culture=neutral, PublicKeyToken=b03f5f7f11d50a3a" className="TestProject1.MatrixTest, TestProject1, Version=1.0.0.0, Culture=neutral, PublicKeyToken=null" name="ItemTest" />
    </UnitTest>
    <UnitTest name="NormTest" storage="c:\users\vanderkorn\documents\visual studio 2010\projects\vanderkorn\testproject1\bin\debug\testproject1.dll" id="49a61d8d-8fea-3f26-72f4-abc8ff4cd029">
      <Execution id="a8774eae-8505-45bb-b98b-b62c313d2208" />
      <TestMethod codeBase="C:/Users/vanderkorn/Documents/Visual Studio 2010/Projects/Vanderkorn/TestProject1/bin/Debug/TestProject1.DLL" adapterTypeName="Microsoft.VisualStudio.TestTools.TestTypes.Unit.UnitTestAdapter, Microsoft.VisualStudio.QualityTools.Tips.UnitTest.Adapter, Version=10.0.0.0, Culture=neutral, PublicKeyToken=b03f5f7f11d50a3a" className="TestProject1.MatrixTest, TestProject1, Version=1.0.0.0, Culture=neutral, PublicKeyToken=null" name="NormTest" />
    </UnitTest>
    <UnitTest name="RankTest1" storage="c:\users\vanderkorn\documents\visual studio 2010\projects\vanderkorn\testproject1\bin\debug\testproject1.dll" id="9a386c76-e6c7-8a1d-e8a3-6fb5ac116ba9">
      <Execution id="fb4671e2-f9f1-40ff-a493-97727a31d0e9" />
      <TestMethod codeBase="C:/Users/vanderkorn/Documents/Visual Studio 2010/Projects/Vanderkorn/TestProject1/bin/Debug/TestProject1.DLL" adapterTypeName="Microsoft.VisualStudio.TestTools.TestTypes.Unit.UnitTestAdapter, Microsoft.VisualStudio.QualityTools.Tips.UnitTest.Adapter, Version=10.0.0.0, Culture=neutral, PublicKeyToken=b03f5f7f11d50a3a" className="TestProject1.MatrixTest, TestProject1, Version=1.0.0.0, Culture=neutral, PublicKeyToken=null" name="RankTest1" />
    </UnitTest>
    <UnitTest name="MoveIfNeedTest1" storage="c:\users\vanderkorn\documents\visual studio 2010\projects\vanderkorn\testproject1\bin\debug\testproject1.dll" id="7ae7dd1f-e66b-8e07-df53-9271c8f3e0e5">
      <DeploymentItems>
        <DeploymentItem filename="Vanderkorn.dll" />
      </DeploymentItems>
      <Execution id="8fce5dc1-5f6e-4bdb-8bfe-2b5b80dcbbcd" />
      <TestMethod codeBase="C:/Users/vanderkorn/Documents/Visual Studio 2010/Projects/Vanderkorn/TestProject1/bin/Debug/TestProject1.DLL" adapterTypeName="Microsoft.VisualStudio.TestTools.TestTypes.Unit.UnitTestAdapter, Microsoft.VisualStudio.QualityTools.Tips.UnitTest.Adapter, Version=10.0.0.0, Culture=neutral, PublicKeyToken=b03f5f7f11d50a3a" className="TestProject1.MatrixTest, TestProject1, Version=1.0.0.0, Culture=neutral, PublicKeyToken=null" name="MoveIfNeedTest1" />
    </UnitTest>
    <UnitTest name="op_MultiplyTest4" storage="c:\users\vanderkorn\documents\visual studio 2010\projects\vanderkorn\testproject1\bin\debug\testproject1.dll" id="5698e536-8acd-0422-c98c-9be1583f9994">
      <Execution id="37738916-9590-4e4a-b054-f76489902e56" />
      <TestMethod codeBase="C:/Users/vanderkorn/Documents/Visual Studio 2010/Projects/Vanderkorn/TestProject1/bin/Debug/TestProject1.DLL" adapterTypeName="Microsoft.VisualStudio.TestTools.TestTypes.Unit.UnitTestAdapter, Microsoft.VisualStudio.QualityTools.Tips.UnitTest.Adapter, Version=10.0.0.0, Culture=neutral, PublicKeyToken=b03f5f7f11d50a3a" className="TestProject1.MatrixTest, TestProject1, Version=1.0.0.0, Culture=neutral, PublicKeyToken=null" name="op_MultiplyTest4" />
    </UnitTest>
    <UnitTest name="op_AdditionTest" storage="c:\users\vanderkorn\documents\visual studio 2010\projects\vanderkorn\testproject1\bin\debug\testproject1.dll" id="6bce6069-5b5d-c93f-553b-dcb95e67e7b4">
      <Execution id="f36d58bc-a212-48e4-b690-e68a385e6450" />
      <TestMethod codeBase="C:/Users/vanderkorn/Documents/Visual Studio 2010/Projects/Vanderkorn/TestProject1/bin/Debug/TestProject1.DLL" adapterTypeName="Microsoft.VisualStudio.TestTools.TestTypes.Unit.UnitTestAdapter, Microsoft.VisualStudio.QualityTools.Tips.UnitTest.Adapter, Version=10.0.0.0, Culture=neutral, PublicKeyToken=b03f5f7f11d50a3a" className="TestProject1.MatrixTest, TestProject1, Version=1.0.0.0, Culture=neutral, PublicKeyToken=null" name="op_AdditionTest" />
    </UnitTest>
    <UnitTest name="op_SubtractionTest3" storage="c:\users\vanderkorn\documents\visual studio 2010\projects\vanderkorn\testproject1\bin\debug\testproject1.dll" id="c2b7293c-fe40-c76c-2ee5-006e5ef5209d">
      <Execution id="2c7e0df5-f110-4a80-af82-02fc0d4cf37f" />
      <TestMethod codeBase="C:/Users/vanderkorn/Documents/Visual Studio 2010/Projects/Vanderkorn/TestProject1/bin/Debug/TestProject1.DLL" adapterTypeName="Microsoft.VisualStudio.TestTools.TestTypes.Unit.UnitTestAdapter, Microsoft.VisualStudio.QualityTools.Tips.UnitTest.Adapter, Version=10.0.0.0, Culture=neutral, PublicKeyToken=b03f5f7f11d50a3a" className="TestProject1.MatrixTest, TestProject1, Version=1.0.0.0, Culture=neutral, PublicKeyToken=null" name="op_SubtractionTest3" />
    </UnitTest>
    <UnitTest name="TraceTest" storage="c:\users\vanderkorn\documents\visual studio 2010\projects\vanderkorn\testproject1\bin\debug\testproject1.dll" id="2ccbb0bc-a647-a36c-66e8-ee0ebf18cd12">
      <Execution id="059a5d2f-72e1-4732-a10f-c6ac87e16c5d" />
      <TestMethod codeBase="C:/Users/vanderkorn/Documents/Visual Studio 2010/Projects/Vanderkorn/TestProject1/bin/Debug/TestProject1.DLL" adapterTypeName="Microsoft.VisualStudio.TestTools.TestTypes.Unit.UnitTestAdapter, Microsoft.VisualStudio.QualityTools.Tips.UnitTest.Adapter, Version=10.0.0.0, Culture=neutral, PublicKeyToken=b03f5f7f11d50a3a" className="TestProject1.MatrixTest, TestProject1, Version=1.0.0.0, Culture=neutral, PublicKeyToken=null" name="TraceTest" />
    </UnitTest>
    <UnitTest name="op_MultiplyTest3" storage="c:\users\vanderkorn\documents\visual studio 2010\projects\vanderkorn\testproject1\bin\debug\testproject1.dll" id="ff4c34aa-9de0-39c3-7aa9-a2b584f9b90e">
      <Execution id="d8c65f6b-fccf-46b1-b26a-bf5f53cbeaef" />
      <TestMethod codeBase="C:/Users/vanderkorn/Documents/Visual Studio 2010/Projects/Vanderkorn/TestProject1/bin/Debug/TestProject1.DLL" adapterTypeName="Microsoft.VisualStudio.TestTools.TestTypes.Unit.UnitTestAdapter, Microsoft.VisualStudio.QualityTools.Tips.UnitTest.Adapter, Version=10.0.0.0, Culture=neutral, PublicKeyToken=b03f5f7f11d50a3a" className="TestProject1.MatrixTest, TestProject1, Version=1.0.0.0, Culture=neutral, PublicKeyToken=null" name="op_MultiplyTest3" />
    </UnitTest>
    <UnitTest name="ExchangeTest" storage="c:\users\vanderkorn\documents\visual studio 2010\projects\vanderkorn\testproject1\bin\debug\testproject1.dll" id="f789ebd6-7671-3f6b-02db-7fc026478904">
      <Execution id="129ad872-4dec-435d-8e19-a34fccd7e938" />
      <TestMethod codeBase="C:/Users/vanderkorn/Documents/Visual Studio 2010/Projects/Vanderkorn/TestProject1/bin/Debug/TestProject1.DLL" adapterTypeName="Microsoft.VisualStudio.TestTools.TestTypes.Unit.UnitTestAdapter, Microsoft.VisualStudio.QualityTools.Tips.UnitTest.Adapter, Version=10.0.0.0, Culture=neutral, PublicKeyToken=b03f5f7f11d50a3a" className="TestProject1.MatrixTest, TestProject1, Version=1.0.0.0, Culture=neutral, PublicKeyToken=null" name="ExchangeTest" />
    </UnitTest>
    <UnitTest name="IsDiagonalTest" storage="c:\users\vanderkorn\documents\visual studio 2010\projects\vanderkorn\testproject1\bin\debug\testproject1.dll" id="8a5ecf5c-5004-ad3a-013c-dec5ed0fbdd9">
      <Execution id="a5ba2eff-11e2-4e38-b109-f68f44c3e168" />
      <TestMethod codeBase="C:/Users/vanderkorn/Documents/Visual Studio 2010/Projects/Vanderkorn/TestProject1/bin/Debug/TestProject1.DLL" adapterTypeName="Microsoft.VisualStudio.TestTools.TestTypes.Unit.UnitTestAdapter, Microsoft.VisualStudio.QualityTools.Tips.UnitTest.Adapter, Version=10.0.0.0, Culture=neutral, PublicKeyToken=b03f5f7f11d50a3a" className="TestProject1.MatrixTest, TestProject1, Version=1.0.0.0, Culture=neutral, PublicKeyToken=null" name="IsDiagonalTest" />
    </UnitTest>
    <UnitTest name="TTest1" storage="c:\users\vanderkorn\documents\visual studio 2010\projects\vanderkorn\testproject1\bin\debug\testproject1.dll" id="7cc639b2-5246-5b3a-4777-4f8e909f3902">
      <Execution id="04e2b9ba-3b78-407c-b105-3bc66bdd73ab" />
      <TestMethod codeBase="C:/Users/vanderkorn/Documents/Visual Studio 2010/Projects/Vanderkorn/TestProject1/bin/Debug/TestProject1.DLL" adapterTypeName="Microsoft.VisualStudio.TestTools.TestTypes.Unit.UnitTestAdapter, Microsoft.VisualStudio.QualityTools.Tips.UnitTest.Adapter, Version=10.0.0.0, Culture=neutral, PublicKeyToken=b03f5f7f11d50a3a" className="TestProject1.MatrixTest, TestProject1, Version=1.0.0.0, Culture=neutral, PublicKeyToken=null" name="TTest1" />
    </UnitTest>
    <UnitTest name="CloneTest" storage="c:\users\vanderkorn\documents\visual studio 2010\projects\vanderkorn\testproject1\bin\debug\testproject1.dll" id="b54f6477-0234-3ebd-6564-204d52e593bd">
      <Execution id="2bba6e00-7cee-4ab3-8c76-e3abd16499cf" />
      <TestMethod codeBase="C:/Users/vanderkorn/Documents/Visual Studio 2010/Projects/Vanderkorn/TestProject1/bin/Debug/TestProject1.DLL" adapterTypeName="Microsoft.VisualStudio.TestTools.TestTypes.Unit.UnitTestAdapter, Microsoft.VisualStudio.QualityTools.Tips.UnitTest.Adapter, Version=10.0.0.0, Culture=neutral, PublicKeyToken=b03f5f7f11d50a3a" className="TestProject1.MatrixTest, TestProject1, Version=1.0.0.0, Culture=neutral, PublicKeyToken=null" name="CloneTest" />
    </UnitTest>
    <UnitTest name="LowerShiftTest" storage="c:\users\vanderkorn\documents\visual studio 2010\projects\vanderkorn\testproject1\bin\debug\testproject1.dll" id="13662682-b8a8-1500-58bf-32234df94494">
      <Execution id="ca280d96-f39d-44c1-906d-4799a148f1e8" />
      <TestMethod codeBase="C:/Users/vanderkorn/Documents/Visual Studio 2010/Projects/Vanderkorn/TestProject1/bin/Debug/TestProject1.DLL" adapterTypeName="Microsoft.VisualStudio.TestTools.TestTypes.Unit.UnitTestAdapter, Microsoft.VisualStudio.QualityTools.Tips.UnitTest.Adapter, Version=10.0.0.0, Culture=neutral, PublicKeyToken=b03f5f7f11d50a3a" className="TestProject1.MatrixTest, TestProject1, Version=1.0.0.0, Culture=neutral, PublicKeyToken=null" name="LowerShiftTest" />
    </UnitTest>
    <UnitTest name="DeterminantTest1" storage="c:\users\vanderkorn\documents\visual studio 2010\projects\vanderkorn\testproject1\bin\debug\testproject1.dll" id="29b9b635-a9d8-6772-9f6f-cc129737a93b">
      <Execution id="8fad8385-3836-49c3-b3bc-4c0103fafe38" />
      <TestMethod codeBase="C:/Users/vanderkorn/Documents/Visual Studio 2010/Projects/Vanderkorn/TestProject1/bin/Debug/TestProject1.DLL" adapterTypeName="Microsoft.VisualStudio.TestTools.TestTypes.Unit.UnitTestAdapter, Microsoft.VisualStudio.QualityTools.Tips.UnitTest.Adapter, Version=10.0.0.0, Culture=neutral, PublicKeyToken=b03f5f7f11d50a3a" className="TestProject1.MatrixTest, TestProject1, Version=1.0.0.0, Culture=neutral, PublicKeyToken=null" name="DeterminantTest1" />
    </UnitTest>
    <UnitTest name="RowsCountTest" storage="c:\users\vanderkorn\documents\visual studio 2010\projects\vanderkorn\testproject1\bin\debug\testproject1.dll" id="85cc9ffd-8b0a-c0b7-bdeb-664a482027ac">
      <Execution id="b3986a8c-4d36-4813-bfdd-2cbb26218a6e" />
      <TestMethod codeBase="C:/Users/vanderkorn/Documents/Visual Studio 2010/Projects/Vanderkorn/TestProject1/bin/Debug/TestProject1.DLL" adapterTypeName="Microsoft.VisualStudio.TestTools.TestTypes.Unit.UnitTestAdapter, Microsoft.VisualStudio.QualityTools.Tips.UnitTest.Adapter, Version=10.0.0.0, Culture=neutral, PublicKeyToken=b03f5f7f11d50a3a" className="TestProject1.MatrixTest, TestProject1, Version=1.0.0.0, Culture=neutral, PublicKeyToken=null" name="RowsCountTest" />
    </UnitTest>
    <UnitTest name="MoveIfNeedTest" storage="c:\users\vanderkorn\documents\visual studio 2010\projects\vanderkorn\testproject1\bin\debug\testproject1.dll" id="15b8a582-65ef-8a94-ebb4-77ca9868956f">
      <DeploymentItems>
        <DeploymentItem filename="Vanderkorn.dll" />
      </DeploymentItems>
      <Execution id="6ed13bbd-7e07-4f3e-afb9-3bf351796a51" />
      <TestMethod codeBase="C:/Users/vanderkorn/Documents/Visual Studio 2010/Projects/Vanderkorn/TestProject1/bin/Debug/TestProject1.DLL" adapterTypeName="Microsoft.VisualStudio.TestTools.TestTypes.Unit.UnitTestAdapter, Microsoft.VisualStudio.QualityTools.Tips.UnitTest.Adapter, Version=10.0.0.0, Culture=neutral, PublicKeyToken=b03f5f7f11d50a3a" className="TestProject1.MatrixTest, TestProject1, Version=1.0.0.0, Culture=neutral, PublicKeyToken=null" name="MoveIfNeedTest" />
    </UnitTest>
    <UnitTest name="GetHashCodeTest" storage="c:\users\vanderkorn\documents\visual studio 2010\projects\vanderkorn\testproject1\bin\debug\testproject1.dll" id="f0d972d0-2946-39e7-d376-2160f9b265a3">
      <Execution id="d43a227a-a919-4f44-9b95-dce6041d05ff" />
      <TestMethod codeBase="C:/Users/vanderkorn/Documents/Visual Studio 2010/Projects/Vanderkorn/TestProject1/bin/Debug/TestProject1.DLL" adapterTypeName="Microsoft.VisualStudio.TestTools.TestTypes.Unit.UnitTestAdapter, Microsoft.VisualStudio.QualityTools.Tips.UnitTest.Adapter, Version=10.0.0.0, Culture=neutral, PublicKeyToken=b03f5f7f11d50a3a" className="TestProject1.MatrixTest, TestProject1, Version=1.0.0.0, Culture=neutral, PublicKeyToken=null" name="GetHashCodeTest" />
    </UnitTest>
    <UnitTest name="EqualsTest" storage="c:\users\vanderkorn\documents\visual studio 2010\projects\vanderkorn\testproject1\bin\debug\testproject1.dll" id="39b395ac-a538-34cc-7241-883c4bd4d7cc">
      <Execution id="4590a8a3-3b49-4eb9-bf55-df791147c044" />
      <TestMethod codeBase="C:/Users/vanderkorn/Documents/Visual Studio 2010/Projects/Vanderkorn/TestProject1/bin/Debug/TestProject1.DLL" adapterTypeName="Microsoft.VisualStudio.TestTools.TestTypes.Unit.UnitTestAdapter, Microsoft.VisualStudio.QualityTools.Tips.UnitTest.Adapter, Version=10.0.0.0, Culture=neutral, PublicKeyToken=b03f5f7f11d50a3a" className="TestProject1.MatrixTest, TestProject1, Version=1.0.0.0, Culture=neutral, PublicKeyToken=null" name="EqualsTest" />
    </UnitTest>
    <UnitTest name="op_AdditionTest4" storage="c:\users\vanderkorn\documents\visual studio 2010\projects\vanderkorn\testproject1\bin\debug\testproject1.dll" id="dc4bbeaf-270d-fab3-f8fa-c27aca4d9d18">
      <Execution id="a8fed33d-72b9-4def-aed6-6f579fed8ffe" />
      <TestMethod codeBase="C:/Users/vanderkorn/Documents/Visual Studio 2010/Projects/Vanderkorn/TestProject1/bin/Debug/TestProject1.DLL" adapterTypeName="Microsoft.VisualStudio.TestTools.TestTypes.Unit.UnitTestAdapter, Microsoft.VisualStudio.QualityTools.Tips.UnitTest.Adapter, Version=10.0.0.0, Culture=neutral, PublicKeyToken=b03f5f7f11d50a3a" className="TestProject1.MatrixTest, TestProject1, Version=1.0.0.0, Culture=neutral, PublicKeyToken=null" name="op_AdditionTest4" />
    </UnitTest>
    <UnitTest name="op_EqualityTest" storage="c:\users\vanderkorn\documents\visual studio 2010\projects\vanderkorn\testproject1\bin\debug\testproject1.dll" id="a495c45f-f14c-0aa1-5314-a88886572447">
      <Execution id="b8df1592-d1ad-4aab-8d37-20fef439fa32" />
      <TestMethod codeBase="C:/Users/vanderkorn/Documents/Visual Studio 2010/Projects/Vanderkorn/TestProject1/bin/Debug/TestProject1.DLL" adapterTypeName="Microsoft.VisualStudio.TestTools.TestTypes.Unit.UnitTestAdapter, Microsoft.VisualStudio.QualityTools.Tips.UnitTest.Adapter, Version=10.0.0.0, Culture=neutral, PublicKeyToken=b03f5f7f11d50a3a" className="TestProject1.MatrixTest, TestProject1, Version=1.0.0.0, Culture=neutral, PublicKeyToken=null" name="op_EqualityTest" />
    </UnitTest>
    <UnitTest name="EyeTest" storage="c:\users\vanderkorn\documents\visual studio 2010\projects\vanderkorn\testproject1\bin\debug\testproject1.dll" id="ccf9122f-266a-bad8-442b-07d1ab013364">
      <Execution id="6cac2751-5e37-4968-8cd7-d93e8f0cafb9" />
      <TestMethod codeBase="C:/Users/vanderkorn/Documents/Visual Studio 2010/Projects/Vanderkorn/TestProject1/bin/Debug/TestProject1.DLL" adapterTypeName="Microsoft.VisualStudio.TestTools.TestTypes.Unit.UnitTestAdapter, Microsoft.VisualStudio.QualityTools.Tips.UnitTest.Adapter, Version=10.0.0.0, Culture=neutral, PublicKeyToken=b03f5f7f11d50a3a" className="TestProject1.MatrixTest, TestProject1, Version=1.0.0.0, Culture=neutral, PublicKeyToken=null" name="EyeTest" />
    </UnitTest>
    <UnitTest name="MinorTest" storage="c:\users\vanderkorn\documents\visual studio 2010\projects\vanderkorn\testproject1\bin\debug\testproject1.dll" id="516cc571-d727-8d1e-d3eb-fcaf880951f0">
      <Execution id="6f86af35-ae0c-4a72-8223-9d5e5623014a" />
      <TestMethod codeBase="C:/Users/vanderkorn/Documents/Visual Studio 2010/Projects/Vanderkorn/TestProject1/bin/Debug/TestProject1.DLL" adapterTypeName="Microsoft.VisualStudio.TestTools.TestTypes.Unit.UnitTestAdapter, Microsoft.VisualStudio.QualityTools.Tips.UnitTest.Adapter, Version=10.0.0.0, Culture=neutral, PublicKeyToken=b03f5f7f11d50a3a" className="TestProject1.MatrixTest, TestProject1, Version=1.0.0.0, Culture=neutral, PublicKeyToken=null" name="MinorTest" />
    </UnitTest>
    <UnitTest name="RedhefferTest" storage="c:\users\vanderkorn\documents\visual studio 2010\projects\vanderkorn\testproject1\bin\debug\testproject1.dll" id="20c1d519-b61a-07d2-7337-9f0063246924">
      <Execution id="ed971b55-4f2c-408a-8f1f-26413cdfbe16" />
      <TestMethod codeBase="C:/Users/vanderkorn/Documents/Visual Studio 2010/Projects/Vanderkorn/TestProject1/bin/Debug/TestProject1.DLL" adapterTypeName="Microsoft.VisualStudio.TestTools.TestTypes.Unit.UnitTestAdapter, Microsoft.VisualStudio.QualityTools.Tips.UnitTest.Adapter, Version=10.0.0.0, Culture=neutral, PublicKeyToken=b03f5f7f11d50a3a" className="TestProject1.MatrixTest, TestProject1, Version=1.0.0.0, Culture=neutral, PublicKeyToken=null" name="RedhefferTest" />
    </UnitTest>
    <UnitTest name="LehmerElementTest" storage="c:\users\vanderkorn\documents\visual studio 2010\projects\vanderkorn\testproject1\bin\debug\testproject1.dll" id="f9c3c492-a711-1b56-31c6-5024acfce441">
      <DeploymentItems>
        <DeploymentItem filename="Vanderkorn.dll" />
      </DeploymentItems>
      <Execution id="6671c95a-0884-47e7-b97f-486a2ff37be5" />
      <TestMethod codeBase="C:/Users/vanderkorn/Documents/Visual Studio 2010/Projects/Vanderkorn/TestProject1/bin/Debug/TestProject1.DLL" adapterTypeName="Microsoft.VisualStudio.TestTools.TestTypes.Unit.UnitTestAdapter, Microsoft.VisualStudio.QualityTools.Tips.UnitTest.Adapter, Version=10.0.0.0, Culture=neutral, PublicKeyToken=b03f5f7f11d50a3a" className="TestProject1.MatrixTest, TestProject1, Version=1.0.0.0, Culture=neutral, PublicKeyToken=null" name="LehmerElementTest" />
    </UnitTest>
    <UnitTest name="ColumnsCountTest" storage="c:\users\vanderkorn\documents\visual studio 2010\projects\vanderkorn\testproject1\bin\debug\testproject1.dll" id="36413123-38dc-82e4-6cd7-4b68d5f72cce">
      <Execution id="8bbc9ab0-7881-4521-af27-69bece01b4c8" />
      <TestMethod codeBase="C:/Users/vanderkorn/Documents/Visual Studio 2010/Projects/Vanderkorn/TestProject1/bin/Debug/TestProject1.DLL" adapterTypeName="Microsoft.VisualStudio.TestTools.TestTypes.Unit.UnitTestAdapter, Microsoft.VisualStudio.QualityTools.Tips.UnitTest.Adapter, Version=10.0.0.0, Culture=neutral, PublicKeyToken=b03f5f7f11d50a3a" className="TestProject1.MatrixTest, TestProject1, Version=1.0.0.0, Culture=neutral, PublicKeyToken=null" name="ColumnsCountTest" />
    </UnitTest>
    <UnitTest name="DetTest1" storage="c:\users\vanderkorn\documents\visual studio 2010\projects\vanderkorn\testproject1\bin\debug\testproject1.dll" id="9fc94bba-4eeb-f8fa-ca9f-5cc295e26e7c">
      <Execution id="2f5bd2d5-561d-4b4d-a11c-3a33ee618701" />
      <TestMethod codeBase="C:/Users/vanderkorn/Documents/Visual Studio 2010/Projects/Vanderkorn/TestProject1/bin/Debug/TestProject1.DLL" adapterTypeName="Microsoft.VisualStudio.TestTools.TestTypes.Unit.UnitTestAdapter, Microsoft.VisualStudio.QualityTools.Tips.UnitTest.Adapter, Version=10.0.0.0, Culture=neutral, PublicKeyToken=b03f5f7f11d50a3a" className="TestProject1.MatrixTest, TestProject1, Version=1.0.0.0, Culture=neutral, PublicKeyToken=null" name="DetTest1" />
    </UnitTest>
    <UnitTest name="IsSymmetricTest" storage="c:\users\vanderkorn\documents\visual studio 2010\projects\vanderkorn\testproject1\bin\debug\testproject1.dll" id="d76f033e-3080-e631-0c04-ca1b2c7d8a2b">
      <Execution id="d91e3c19-3474-44d2-9cb0-118d0337a344" />
      <TestMethod codeBase="C:/Users/vanderkorn/Documents/Visual Studio 2010/Projects/Vanderkorn/TestProject1/bin/Debug/TestProject1.DLL" adapterTypeName="Microsoft.VisualStudio.TestTools.TestTypes.Unit.UnitTestAdapter, Microsoft.VisualStudio.QualityTools.Tips.UnitTest.Adapter, Version=10.0.0.0, Culture=neutral, PublicKeyToken=b03f5f7f11d50a3a" className="TestProject1.MatrixTest, TestProject1, Version=1.0.0.0, Culture=neutral, PublicKeyToken=null" name="IsSymmetricTest" />
    </UnitTest>
    <UnitTest name="MatrixConstructorTest" storage="c:\users\vanderkorn\documents\visual studio 2010\projects\vanderkorn\testproject1\bin\debug\testproject1.dll" id="729a178a-6527-bb4f-7f24-485ff980a0ba">
      <Execution id="428603fb-5f72-4281-af06-8d27d14e0049" />
      <TestMethod codeBase="C:/Users/vanderkorn/Documents/Visual Studio 2010/Projects/Vanderkorn/TestProject1/bin/Debug/TestProject1.DLL" adapterTypeName="Microsoft.VisualStudio.TestTools.TestTypes.Unit.UnitTestAdapter, Microsoft.VisualStudio.QualityTools.Tips.UnitTest.Adapter, Version=10.0.0.0, Culture=neutral, PublicKeyToken=b03f5f7f11d50a3a" className="TestProject1.MatrixTest, TestProject1, Version=1.0.0.0, Culture=neutral, PublicKeyToken=null" name="MatrixConstructorTest" />
    </UnitTest>
    <UnitTest name="RowsSubtractionTest1" storage="c:\users\vanderkorn\documents\visual studio 2010\projects\vanderkorn\testproject1\bin\debug\testproject1.dll" id="555bbc82-3e5b-415e-72fe-f77026a03170">
      <DeploymentItems>
        <DeploymentItem filename="Vanderkorn.dll" />
      </DeploymentItems>
      <Execution id="f97fe526-123c-4001-8761-288397984449" />
      <TestMethod codeBase="C:/Users/vanderkorn/Documents/Visual Studio 2010/Projects/Vanderkorn/TestProject1/bin/Debug/TestProject1.DLL" adapterTypeName="Microsoft.VisualStudio.TestTools.TestTypes.Unit.UnitTestAdapter, Microsoft.VisualStudio.QualityTools.Tips.UnitTest.Adapter, Version=10.0.0.0, Culture=neutral, PublicKeyToken=b03f5f7f11d50a3a" className="TestProject1.MatrixTest, TestProject1, Version=1.0.0.0, Culture=neutral, PublicKeyToken=null" name="RowsSubtractionTest1" />
    </UnitTest>
    <UnitTest name="op_MultiplyTest6" storage="c:\users\vanderkorn\documents\visual studio 2010\projects\vanderkorn\testproject1\bin\debug\testproject1.dll" id="8055da9e-6417-633f-8dbb-a89cbda2b8f2">
      <Execution id="5624c26b-3e2d-4471-b1be-d4bdaa6e5bc1" />
      <TestMethod codeBase="C:/Users/vanderkorn/Documents/Visual Studio 2010/Projects/Vanderkorn/TestProject1/bin/Debug/TestProject1.DLL" adapterTypeName="Microsoft.VisualStudio.TestTools.TestTypes.Unit.UnitTestAdapter, Microsoft.VisualStudio.QualityTools.Tips.UnitTest.Adapter, Version=10.0.0.0, Culture=neutral, PublicKeyToken=b03f5f7f11d50a3a" className="TestProject1.MatrixTest, TestProject1, Version=1.0.0.0, Culture=neutral, PublicKeyToken=null" name="op_MultiplyTest6" />
    </UnitTest>
    <UnitTest name="op_DivisionTest5" storage="c:\users\vanderkorn\documents\visual studio 2010\projects\vanderkorn\testproject1\bin\debug\testproject1.dll" id="797a4359-3202-2d38-5939-bcd3becebef7">
      <Execution id="29e0c883-780d-4f2a-ad80-7270a14f7eae" />
      <TestMethod codeBase="C:/Users/vanderkorn/Documents/Visual Studio 2010/Projects/Vanderkorn/TestProject1/bin/Debug/TestProject1.DLL" adapterTypeName="Microsoft.VisualStudio.TestTools.TestTypes.Unit.UnitTestAdapter, Microsoft.VisualStudio.QualityTools.Tips.UnitTest.Adapter, Version=10.0.0.0, Culture=neutral, PublicKeyToken=b03f5f7f11d50a3a" className="TestProject1.MatrixTest, TestProject1, Version=1.0.0.0, Culture=neutral, PublicKeyToken=null" name="op_DivisionTest5" />
    </UnitTest>
    <UnitTest name="IsElementOnAntiDiagonalTest" storage="c:\users\vanderkorn\documents\visual studio 2010\projects\vanderkorn\testproject1\bin\debug\testproject1.dll" id="4c705b9c-1e09-a9f4-0e1e-3629abe5d9ee">
      <Execution id="a6828afc-abb0-4e3c-9dfa-9a84f936becc" />
      <TestMethod codeBase="C:/Users/vanderkorn/Documents/Visual Studio 2010/Projects/Vanderkorn/TestProject1/bin/Debug/TestProject1.DLL" adapterTypeName="Microsoft.VisualStudio.TestTools.TestTypes.Unit.UnitTestAdapter, Microsoft.VisualStudio.QualityTools.Tips.UnitTest.Adapter, Version=10.0.0.0, Culture=neutral, PublicKeyToken=b03f5f7f11d50a3a" className="TestProject1.MatrixTest, TestProject1, Version=1.0.0.0, Culture=neutral, PublicKeyToken=null" name="IsElementOnAntiDiagonalTest" />
    </UnitTest>
    <UnitTest name="MatrixConstructorTest2" storage="c:\users\vanderkorn\documents\visual studio 2010\projects\vanderkorn\testproject1\bin\debug\testproject1.dll" id="69b5b108-097a-9df5-2a8e-49b6e3459666">
      <Execution id="d152c001-3f77-4a02-8b0f-b16a5f769047" />
      <TestMethod codeBase="C:/Users/vanderkorn/Documents/Visual Studio 2010/Projects/Vanderkorn/TestProject1/bin/Debug/TestProject1.DLL" adapterTypeName="Microsoft.VisualStudio.TestTools.TestTypes.Unit.UnitTestAdapter, Microsoft.VisualStudio.QualityTools.Tips.UnitTest.Adapter, Version=10.0.0.0, Culture=neutral, PublicKeyToken=b03f5f7f11d50a3a" className="TestProject1.MatrixTest, TestProject1, Version=1.0.0.0, Culture=neutral, PublicKeyToken=null" name="MatrixConstructorTest2" />
    </UnitTest>
    <UnitTest name="DetTest" storage="c:\users\vanderkorn\documents\visual studio 2010\projects\vanderkorn\testproject1\bin\debug\testproject1.dll" id="6bf3aab2-2e82-6ad5-5194-054098665004">
      <Execution id="32b4cebb-1ce1-4493-a8a5-11db63ed0c35" />
      <TestMethod codeBase="C:/Users/vanderkorn/Documents/Visual Studio 2010/Projects/Vanderkorn/TestProject1/bin/Debug/TestProject1.DLL" adapterTypeName="Microsoft.VisualStudio.TestTools.TestTypes.Unit.UnitTestAdapter, Microsoft.VisualStudio.QualityTools.Tips.UnitTest.Adapter, Version=10.0.0.0, Culture=neutral, PublicKeyToken=b03f5f7f11d50a3a" className="TestProject1.MatrixTest, TestProject1, Version=1.0.0.0, Culture=neutral, PublicKeyToken=null" name="DetTest" />
    </UnitTest>
    <UnitTest name="HilbertElementTest" storage="c:\users\vanderkorn\documents\visual studio 2010\projects\vanderkorn\testproject1\bin\debug\testproject1.dll" id="3f9cf068-34dc-9368-3d4a-4c3ffbcffa16">
      <DeploymentItems>
        <DeploymentItem filename="Vanderkorn.dll" />
      </DeploymentItems>
      <Execution id="1f6e3bb5-cddb-4afc-af88-8b65e746322a" />
      <TestMethod codeBase="C:/Users/vanderkorn/Documents/Visual Studio 2010/Projects/Vanderkorn/TestProject1/bin/Debug/TestProject1.DLL" adapterTypeName="Microsoft.VisualStudio.TestTools.TestTypes.Unit.UnitTestAdapter, Microsoft.VisualStudio.QualityTools.Tips.UnitTest.Adapter, Version=10.0.0.0, Culture=neutral, PublicKeyToken=b03f5f7f11d50a3a" className="TestProject1.MatrixTest, TestProject1, Version=1.0.0.0, Culture=neutral, PublicKeyToken=null" name="HilbertElementTest" />
    </UnitTest>
    <UnitTest name="op_MultiplyTest5" storage="c:\users\vanderkorn\documents\visual studio 2010\projects\vanderkorn\testproject1\bin\debug\testproject1.dll" id="8a203234-fee1-1ccf-1a44-abee672be7fe">
      <Execution id="97401ca9-3dcb-4bdb-ac24-2ffbfd1d81ff" />
      <TestMethod codeBase="C:/Users/vanderkorn/Documents/Visual Studio 2010/Projects/Vanderkorn/TestProject1/bin/Debug/TestProject1.DLL" adapterTypeName="Microsoft.VisualStudio.TestTools.TestTypes.Unit.UnitTestAdapter, Microsoft.VisualStudio.QualityTools.Tips.UnitTest.Adapter, Version=10.0.0.0, Culture=neutral, PublicKeyToken=b03f5f7f11d50a3a" className="TestProject1.MatrixTest, TestProject1, Version=1.0.0.0, Culture=neutral, PublicKeyToken=null" name="op_MultiplyTest5" />
    </UnitTest>
    <UnitTest name="op_DivisionTest1" storage="c:\users\vanderkorn\documents\visual studio 2010\projects\vanderkorn\testproject1\bin\debug\testproject1.dll" id="f98d0c38-682e-c60a-1593-15001c66f71e">
      <Execution id="c5e56e16-881f-48c5-b6a9-b16d9d94f289" />
      <TestMethod codeBase="C:/Users/vanderkorn/Documents/Visual Studio 2010/Projects/Vanderkorn/TestProject1/bin/Debug/TestProject1.DLL" adapterTypeName="Microsoft.VisualStudio.TestTools.TestTypes.Unit.UnitTestAdapter, Microsoft.VisualStudio.QualityTools.Tips.UnitTest.Adapter, Version=10.0.0.0, Culture=neutral, PublicKeyToken=b03f5f7f11d50a3a" className="TestProject1.MatrixTest, TestProject1, Version=1.0.0.0, Culture=neutral, PublicKeyToken=null" name="op_DivisionTest1" />
    </UnitTest>
    <UnitTest name="NormingTest1" storage="c:\users\vanderkorn\documents\visual studio 2010\projects\vanderkorn\testproject1\bin\debug\testproject1.dll" id="d9122ccb-696a-4243-918e-9bf5e27ddc63">
      <Execution id="18252ddf-f717-4a68-9237-eb278d6d57ab" />
      <TestMethod codeBase="C:/Users/vanderkorn/Documents/Visual Studio 2010/Projects/Vanderkorn/TestProject1/bin/Debug/TestProject1.DLL" adapterTypeName="Microsoft.VisualStudio.TestTools.TestTypes.Unit.UnitTestAdapter, Microsoft.VisualStudio.QualityTools.Tips.UnitTest.Adapter, Version=10.0.0.0, Culture=neutral, PublicKeyToken=b03f5f7f11d50a3a" className="TestProject1.MatrixTest, TestProject1, Version=1.0.0.0, Culture=neutral, PublicKeyToken=null" name="NormingTest1" />
    </UnitTest>
    <UnitTest name="PascalElementTest" storage="c:\users\vanderkorn\documents\visual studio 2010\projects\vanderkorn\testproject1\bin\debug\testproject1.dll" id="f4674a73-6199-18af-abf4-680a87bb0808">
      <DeploymentItems>
        <DeploymentItem filename="Vanderkorn.dll" />
      </DeploymentItems>
      <Execution id="c3f286eb-0252-4613-bd48-f386e6e1d578" />
      <TestMethod codeBase="C:/Users/vanderkorn/Documents/Visual Studio 2010/Projects/Vanderkorn/TestProject1/bin/Debug/TestProject1.DLL" adapterTypeName="Microsoft.VisualStudio.TestTools.TestTypes.Unit.UnitTestAdapter, Microsoft.VisualStudio.QualityTools.Tips.UnitTest.Adapter, Version=10.0.0.0, Culture=neutral, PublicKeyToken=b03f5f7f11d50a3a" className="TestProject1.MatrixTest, TestProject1, Version=1.0.0.0, Culture=neutral, PublicKeyToken=null" name="PascalElementTest" />
    </UnitTest>
    <UnitTest name="op_SubtractionTest4" storage="c:\users\vanderkorn\documents\visual studio 2010\projects\vanderkorn\testproject1\bin\debug\testproject1.dll" id="4990595f-872e-762a-cf7a-6c2521bd99e2">
      <Execution id="a40aa073-f1ba-477b-bb5c-5739817e627a" />
      <TestMethod codeBase="C:/Users/vanderkorn/Documents/Visual Studio 2010/Projects/Vanderkorn/TestProject1/bin/Debug/TestProject1.DLL" adapterTypeName="Microsoft.VisualStudio.TestTools.TestTypes.Unit.UnitTestAdapter, Microsoft.VisualStudio.QualityTools.Tips.UnitTest.Adapter, Version=10.0.0.0, Culture=neutral, PublicKeyToken=b03f5f7f11d50a3a" className="TestProject1.MatrixTest, TestProject1, Version=1.0.0.0, Culture=neutral, PublicKeyToken=null" name="op_SubtractionTest4" />
    </UnitTest>
    <UnitTest name="op_SubtractionTest5" storage="c:\users\vanderkorn\documents\visual studio 2010\projects\vanderkorn\testproject1\bin\debug\testproject1.dll" id="95035bfb-baf9-22f1-c701-934402669b80">
      <Execution id="3b6b41e2-25cf-4b86-83ca-61b773c33321" />
      <TestMethod codeBase="C:/Users/vanderkorn/Documents/Visual Studio 2010/Projects/Vanderkorn/TestProject1/bin/Debug/TestProject1.DLL" adapterTypeName="Microsoft.VisualStudio.TestTools.TestTypes.Unit.UnitTestAdapter, Microsoft.VisualStudio.QualityTools.Tips.UnitTest.Adapter, Version=10.0.0.0, Culture=neutral, PublicKeyToken=b03f5f7f11d50a3a" className="TestProject1.MatrixTest, TestProject1, Version=1.0.0.0, Culture=neutral, PublicKeyToken=null" name="op_SubtractionTest5" />
    </UnitTest>
    <UnitTest name="TraceTest1" storage="c:\users\vanderkorn\documents\visual studio 2010\projects\vanderkorn\testproject1\bin\debug\testproject1.dll" id="73c72c7d-9a1d-c4c5-838c-fa9eec167b29">
      <Execution id="71947b53-e79b-43e9-a45d-2b8ae997f106" />
      <TestMethod codeBase="C:/Users/vanderkorn/Documents/Visual Studio 2010/Projects/Vanderkorn/TestProject1/bin/Debug/TestProject1.DLL" adapterTypeName="Microsoft.VisualStudio.TestTools.TestTypes.Unit.UnitTestAdapter, Microsoft.VisualStudio.QualityTools.Tips.UnitTest.Adapter, Version=10.0.0.0, Culture=neutral, PublicKeyToken=b03f5f7f11d50a3a" className="TestProject1.MatrixTest, TestProject1, Version=1.0.0.0, Culture=neutral, PublicKeyToken=null" name="TraceTest1" />
    </UnitTest>
    <UnitTest name="IdentityTest" storage="c:\users\vanderkorn\documents\visual studio 2010\projects\vanderkorn\testproject1\bin\debug\testproject1.dll" id="43becc7c-704e-9e06-b5f9-d026d4c3eb81">
      <Execution id="d3b8e800-f5e8-4556-a49e-5036e1070c95" />
      <TestMethod codeBase="C:/Users/vanderkorn/Documents/Visual Studio 2010/Projects/Vanderkorn/TestProject1/bin/Debug/TestProject1.DLL" adapterTypeName="Microsoft.VisualStudio.TestTools.TestTypes.Unit.UnitTestAdapter, Microsoft.VisualStudio.QualityTools.Tips.UnitTest.Adapter, Version=10.0.0.0, Culture=neutral, PublicKeyToken=b03f5f7f11d50a3a" className="TestProject1.MatrixTest, TestProject1, Version=1.0.0.0, Culture=neutral, PublicKeyToken=null" name="IdentityTest" />
    </UnitTest>
    <UnitTest name="AbsTest" storage="c:\users\vanderkorn\documents\visual studio 2010\projects\vanderkorn\testproject1\bin\debug\testproject1.dll" id="d47775c4-4ec8-41db-807e-42d17a02b2a4">
      <Execution id="f90147a9-d158-4299-bfb1-a1df96434f47" />
      <TestMethod codeBase="C:/Users/vanderkorn/Documents/Visual Studio 2010/Projects/Vanderkorn/TestProject1/bin/Debug/TestProject1.DLL" adapterTypeName="Microsoft.VisualStudio.TestTools.TestTypes.Unit.UnitTestAdapter, Microsoft.VisualStudio.QualityTools.Tips.UnitTest.Adapter, Version=10.0.0.0, Culture=neutral, PublicKeyToken=b03f5f7f11d50a3a" className="TestProject1.MatrixTest, TestProject1, Version=1.0.0.0, Culture=neutral, PublicKeyToken=null" name="AbsTest" />
    </UnitTest>
    <UnitTest name="NormingTest" storage="c:\users\vanderkorn\documents\visual studio 2010\projects\vanderkorn\testproject1\bin\debug\testproject1.dll" id="343cf50b-a605-f5f4-a06b-e2cff348966d">
      <Execution id="e25518b6-a19d-49f6-baa4-d561024f9346" />
      <TestMethod codeBase="C:/Users/vanderkorn/Documents/Visual Studio 2010/Projects/Vanderkorn/TestProject1/bin/Debug/TestProject1.DLL" adapterTypeName="Microsoft.VisualStudio.TestTools.TestTypes.Unit.UnitTestAdapter, Microsoft.VisualStudio.QualityTools.Tips.UnitTest.Adapter, Version=10.0.0.0, Culture=neutral, PublicKeyToken=b03f5f7f11d50a3a" className="TestProject1.MatrixTest, TestProject1, Version=1.0.0.0, Culture=neutral, PublicKeyToken=null" name="NormingTest" />
    </UnitTest>
    <UnitTest name="op_MultiplyTest2" storage="c:\users\vanderkorn\documents\visual studio 2010\projects\vanderkorn\testproject1\bin\debug\testproject1.dll" id="b5345954-f142-cf87-9c21-451006d9e57b">
      <Execution id="8151eced-a9a9-479f-b2a3-e873bbbd59dc" />
      <TestMethod codeBase="C:/Users/vanderkorn/Documents/Visual Studio 2010/Projects/Vanderkorn/TestProject1/bin/Debug/TestProject1.DLL" adapterTypeName="Microsoft.VisualStudio.TestTools.TestTypes.Unit.UnitTestAdapter, Microsoft.VisualStudio.QualityTools.Tips.UnitTest.Adapter, Version=10.0.0.0, Culture=neutral, PublicKeyToken=b03f5f7f11d50a3a" className="TestProject1.MatrixTest, TestProject1, Version=1.0.0.0, Culture=neutral, PublicKeyToken=null" name="op_MultiplyTest2" />
    </UnitTest>
    <UnitTest name="op_DivisionTest" storage="c:\users\vanderkorn\documents\visual studio 2010\projects\vanderkorn\testproject1\bin\debug\testproject1.dll" id="fbd64c98-ba51-03ae-2f34-4bc2ac313480">
      <Execution id="9327d9b5-d6fc-46b8-addb-64fff52185a3" />
      <TestMethod codeBase="C:/Users/vanderkorn/Documents/Visual Studio 2010/Projects/Vanderkorn/TestProject1/bin/Debug/TestProject1.DLL" adapterTypeName="Microsoft.VisualStudio.TestTools.TestTypes.Unit.UnitTestAdapter, Microsoft.VisualStudio.QualityTools.Tips.UnitTest.Adapter, Version=10.0.0.0, Culture=neutral, PublicKeyToken=b03f5f7f11d50a3a" className="TestProject1.MatrixTest, TestProject1, Version=1.0.0.0, Culture=neutral, PublicKeyToken=null" name="op_DivisionTest" />
    </UnitTest>
    <UnitTest name="RowsTranspositionTest" storage="c:\users\vanderkorn\documents\visual studio 2010\projects\vanderkorn\testproject1\bin\debug\testproject1.dll" id="39f223aa-d3a9-66e8-a350-a93613838541">
      <Execution id="d37f15a5-51a0-4b03-9374-c38855b357ad" />
      <TestMethod codeBase="C:/Users/vanderkorn/Documents/Visual Studio 2010/Projects/Vanderkorn/TestProject1/bin/Debug/TestProject1.DLL" adapterTypeName="Microsoft.VisualStudio.TestTools.TestTypes.Unit.UnitTestAdapter, Microsoft.VisualStudio.QualityTools.Tips.UnitTest.Adapter, Version=10.0.0.0, Culture=neutral, PublicKeyToken=b03f5f7f11d50a3a" className="TestProject1.MatrixTest, TestProject1, Version=1.0.0.0, Culture=neutral, PublicKeyToken=null" name="RowsTranspositionTest" />
    </UnitTest>
    <UnitTest name="IsElementOnMainDiagonalTest" storage="c:\users\vanderkorn\documents\visual studio 2010\projects\vanderkorn\testproject1\bin\debug\testproject1.dll" id="5c18a0d9-76e2-db5d-9d52-903be4cd9297">
      <Execution id="9387b6ca-bb79-405e-b174-178c6ba72394" />
      <TestMethod codeBase="C:/Users/vanderkorn/Documents/Visual Studio 2010/Projects/Vanderkorn/TestProject1/bin/Debug/TestProject1.DLL" adapterTypeName="Microsoft.VisualStudio.TestTools.TestTypes.Unit.UnitTestAdapter, Microsoft.VisualStudio.QualityTools.Tips.UnitTest.Adapter, Version=10.0.0.0, Culture=neutral, PublicKeyToken=b03f5f7f11d50a3a" className="TestProject1.MatrixTest, TestProject1, Version=1.0.0.0, Culture=neutral, PublicKeyToken=null" name="IsElementOnMainDiagonalTest" />
    </UnitTest>
    <UnitTest name="NormTest1" storage="c:\users\vanderkorn\documents\visual studio 2010\projects\vanderkorn\testproject1\bin\debug\testproject1.dll" id="67d8b59d-feb7-2463-acb4-367e2f952e88">
      <Execution id="45367c2f-5a28-4516-a75a-fd1d23624e25" />
      <TestMethod codeBase="C:/Users/vanderkorn/Documents/Visual Studio 2010/Projects/Vanderkorn/TestProject1/bin/Debug/TestProject1.DLL" adapterTypeName="Microsoft.VisualStudio.TestTools.TestTypes.Unit.UnitTestAdapter, Microsoft.VisualStudio.QualityTools.Tips.UnitTest.Adapter, Version=10.0.0.0, Culture=neutral, PublicKeyToken=b03f5f7f11d50a3a" className="TestProject1.MatrixTest, TestProject1, Version=1.0.0.0, Culture=neutral, PublicKeyToken=null" name="NormTest1" />
    </UnitTest>
    <UnitTest name="op_AdditionTest2" storage="c:\users\vanderkorn\documents\visual studio 2010\projects\vanderkorn\testproject1\bin\debug\testproject1.dll" id="85952276-fb35-079e-ed9e-cd32d07cf640">
      <Execution id="e9167e0b-8e1d-47b2-9f69-ad080a8b9377" />
      <TestMethod codeBase="C:/Users/vanderkorn/Documents/Visual Studio 2010/Projects/Vanderkorn/TestProject1/bin/Debug/TestProject1.DLL" adapterTypeName="Microsoft.VisualStudio.TestTools.TestTypes.Unit.UnitTestAdapter, Microsoft.VisualStudio.QualityTools.Tips.UnitTest.Adapter, Version=10.0.0.0, Culture=neutral, PublicKeyToken=b03f5f7f11d50a3a" className="TestProject1.MatrixTest, TestProject1, Version=1.0.0.0, Culture=neutral, PublicKeyToken=null" name="op_AdditionTest2" />
    </UnitTest>
    <UnitTest name="IsLowerBiDiagonalTest" storage="c:\users\vanderkorn\documents\visual studio 2010\projects\vanderkorn\testproject1\bin\debug\testproject1.dll" id="f813f20e-f674-cf38-17e3-64e31960345c">
      <Execution id="fb85760c-e575-42f7-b68c-4f3b7dde63a7" />
      <TestMethod codeBase="C:/Users/vanderkorn/Documents/Visual Studio 2010/Projects/Vanderkorn/TestProject1/bin/Debug/TestProject1.DLL" adapterTypeName="Microsoft.VisualStudio.TestTools.TestTypes.Unit.UnitTestAdapter, Microsoft.VisualStudio.QualityTools.Tips.UnitTest.Adapter, Version=10.0.0.0, Culture=neutral, PublicKeyToken=b03f5f7f11d50a3a" className="TestProject1.MatrixTest, TestProject1, Version=1.0.0.0, Culture=neutral, PublicKeyToken=null" name="IsLowerBiDiagonalTest" />
    </UnitTest>
    <UnitTest name="op_DivisionTest3" storage="c:\users\vanderkorn\documents\visual studio 2010\projects\vanderkorn\testproject1\bin\debug\testproject1.dll" id="6dd00cea-5026-16d9-dea1-25c83e13b882">
      <Execution id="e55c97a2-3374-4f35-8cfb-49f2ac8a92a4" />
      <TestMethod codeBase="C:/Users/vanderkorn/Documents/Visual Studio 2010/Projects/Vanderkorn/TestProject1/bin/Debug/TestProject1.DLL" adapterTypeName="Microsoft.VisualStudio.TestTools.TestTypes.Unit.UnitTestAdapter, Microsoft.VisualStudio.QualityTools.Tips.UnitTest.Adapter, Version=10.0.0.0, Culture=neutral, PublicKeyToken=b03f5f7f11d50a3a" className="TestProject1.MatrixTest, TestProject1, Version=1.0.0.0, Culture=neutral, PublicKeyToken=null" name="op_DivisionTest3" />
    </UnitTest>
    <UnitTest name="RankTest" storage="c:\users\vanderkorn\documents\visual studio 2010\projects\vanderkorn\testproject1\bin\debug\testproject1.dll" id="43ad0cf5-616c-82fa-9bcb-1f85c1671cb5">
      <Execution id="d7ea04bb-abbc-4488-8ad8-d8cc0d7df319" />
      <TestMethod codeBase="C:/Users/vanderkorn/Documents/Visual Studio 2010/Projects/Vanderkorn/TestProject1/bin/Debug/TestProject1.DLL" adapterTypeName="Microsoft.VisualStudio.TestTools.TestTypes.Unit.UnitTestAdapter, Microsoft.VisualStudio.QualityTools.Tips.UnitTest.Adapter, Version=10.0.0.0, Culture=neutral, PublicKeyToken=b03f5f7f11d50a3a" className="TestProject1.MatrixTest, TestProject1, Version=1.0.0.0, Culture=neutral, PublicKeyToken=null" name="RankTest" />
    </UnitTest>
    <UnitTest name="RowDivisionTest" storage="c:\users\vanderkorn\documents\visual studio 2010\projects\vanderkorn\testproject1\bin\debug\testproject1.dll" id="2af2e75d-2feb-439d-2733-ebba6b83b65e">
      <Execution id="55c556af-1fe8-4602-93f3-08c46bb42e27" />
      <TestMethod codeBase="C:/Users/vanderkorn/Documents/Visual Studio 2010/Projects/Vanderkorn/TestProject1/bin/Debug/TestProject1.DLL" adapterTypeName="Microsoft.VisualStudio.TestTools.TestTypes.Unit.UnitTestAdapter, Microsoft.VisualStudio.QualityTools.Tips.UnitTest.Adapter, Version=10.0.0.0, Culture=neutral, PublicKeyToken=b03f5f7f11d50a3a" className="TestProject1.MatrixTest, TestProject1, Version=1.0.0.0, Culture=neutral, PublicKeyToken=null" name="RowDivisionTest" />
    </UnitTest>
    <UnitTest name="MinorTest1" storage="c:\users\vanderkorn\documents\visual studio 2010\projects\vanderkorn\testproject1\bin\debug\testproject1.dll" id="8ae4a461-40ff-e5df-52b8-92f096277bea">
      <Execution id="7445a56b-a56e-4876-a54b-b72bd93c7c1a" />
      <TestMethod codeBase="C:/Users/vanderkorn/Documents/Visual Studio 2010/Projects/Vanderkorn/TestProject1/bin/Debug/TestProject1.DLL" adapterTypeName="Microsoft.VisualStudio.TestTools.TestTypes.Unit.UnitTestAdapter, Microsoft.VisualStudio.QualityTools.Tips.UnitTest.Adapter, Version=10.0.0.0, Culture=neutral, PublicKeyToken=b03f5f7f11d50a3a" className="TestProject1.MatrixTest, TestProject1, Version=1.0.0.0, Culture=neutral, PublicKeyToken=null" name="MinorTest1" />
    </UnitTest>
    <UnitTest name="IsDiagonallyDominantTest" storage="c:\users\vanderkorn\documents\visual studio 2010\projects\vanderkorn\testproject1\bin\debug\testproject1.dll" id="bc4ec530-58d1-7c29-f0dc-1a557baf16f1">
      <Execution id="392d7811-2caf-4d4c-86b0-42cac8799ecd" />
      <TestMethod codeBase="C:/Users/vanderkorn/Documents/Visual Studio 2010/Projects/Vanderkorn/TestProject1/bin/Debug/TestProject1.DLL" adapterTypeName="Microsoft.VisualStudio.TestTools.TestTypes.Unit.UnitTestAdapter, Microsoft.VisualStudio.QualityTools.Tips.UnitTest.Adapter, Version=10.0.0.0, Culture=neutral, PublicKeyToken=b03f5f7f11d50a3a" className="TestProject1.MatrixTest, TestProject1, Version=1.0.0.0, Culture=neutral, PublicKeyToken=null" name="IsDiagonallyDominantTest" />
    </UnitTest>
    <UnitTest name="op_SubtractionTest1" storage="c:\users\vanderkorn\documents\visual studio 2010\projects\vanderkorn\testproject1\bin\debug\testproject1.dll" id="6c63ad41-13d4-9ec5-c7c9-87587954cad7">
      <Execution id="b6d37029-6ea2-45d0-b1c2-ff6185a63c5e" />
      <TestMethod codeBase="C:/Users/vanderkorn/Documents/Visual Studio 2010/Projects/Vanderkorn/TestProject1/bin/Debug/TestProject1.DLL" adapterTypeName="Microsoft.VisualStudio.TestTools.TestTypes.Unit.UnitTestAdapter, Microsoft.VisualStudio.QualityTools.Tips.UnitTest.Adapter, Version=10.0.0.0, Culture=neutral, PublicKeyToken=b03f5f7f11d50a3a" className="TestProject1.MatrixTest, TestProject1, Version=1.0.0.0, Culture=neutral, PublicKeyToken=null" name="op_SubtractionTest1" />
    </UnitTest>
    <UnitTest name="IsElementOnSuperDiagonalTest" storage="c:\users\vanderkorn\documents\visual studio 2010\projects\vanderkorn\testproject1\bin\debug\testproject1.dll" id="568beef0-0f7d-5971-6034-32929121e11e">
      <Execution id="02fb597b-3bd6-429e-8838-4ece7dc1de0e" />
      <TestMethod codeBase="C:/Users/vanderkorn/Documents/Visual Studio 2010/Projects/Vanderkorn/TestProject1/bin/Debug/TestProject1.DLL" adapterTypeName="Microsoft.VisualStudio.TestTools.TestTypes.Unit.UnitTestAdapter, Microsoft.VisualStudio.QualityTools.Tips.UnitTest.Adapter, Version=10.0.0.0, Culture=neutral, PublicKeyToken=b03f5f7f11d50a3a" className="TestProject1.MatrixTest, TestProject1, Version=1.0.0.0, Culture=neutral, PublicKeyToken=null" name="IsElementOnSuperDiagonalTest" />
    </UnitTest>
    <UnitTest name="InvertibleTest1" storage="c:\users\vanderkorn\documents\visual studio 2010\projects\vanderkorn\testproject1\bin\debug\testproject1.dll" id="6e18c476-cc0a-8bc9-b672-0b42cea4a53d">
      <Execution id="1e859998-6c44-44ed-b6ba-eef5be602d8d" />
      <TestMethod codeBase="C:/Users/vanderkorn/Documents/Visual Studio 2010/Projects/Vanderkorn/TestProject1/bin/Debug/TestProject1.DLL" adapterTypeName="Microsoft.VisualStudio.TestTools.TestTypes.Unit.UnitTestAdapter, Microsoft.VisualStudio.QualityTools.Tips.UnitTest.Adapter, Version=10.0.0.0, Culture=neutral, PublicKeyToken=b03f5f7f11d50a3a" className="TestProject1.MatrixTest, TestProject1, Version=1.0.0.0, Culture=neutral, PublicKeyToken=null" name="InvertibleTest1" />
    </UnitTest>
    <UnitTest name="IsSquareTest" storage="c:\users\vanderkorn\documents\visual studio 2010\projects\vanderkorn\testproject1\bin\debug\testproject1.dll" id="14810a38-2fce-3c22-4dea-4063539ace75">
      <Execution id="1e43a6a9-00ff-42a2-a282-2e2f3a1cf133" />
      <TestMethod codeBase="C:/Users/vanderkorn/Documents/Visual Studio 2010/Projects/Vanderkorn/TestProject1/bin/Debug/TestProject1.DLL" adapterTypeName="Microsoft.VisualStudio.TestTools.TestTypes.Unit.UnitTestAdapter, Microsoft.VisualStudio.QualityTools.Tips.UnitTest.Adapter, Version=10.0.0.0, Culture=neutral, PublicKeyToken=b03f5f7f11d50a3a" className="TestProject1.MatrixTest, TestProject1, Version=1.0.0.0, Culture=neutral, PublicKeyToken=null" name="IsSquareTest" />
    </UnitTest>
    <UnitTest name="InvertibleTest" storage="c:\users\vanderkorn\documents\visual studio 2010\projects\vanderkorn\testproject1\bin\debug\testproject1.dll" id="5e84da23-651a-9ba7-b319-935e9a609fd4">
      <Execution id="223ff35b-b262-4717-bb22-9b41442b823f" />
      <TestMethod codeBase="C:/Users/vanderkorn/Documents/Visual Studio 2010/Projects/Vanderkorn/TestProject1/bin/Debug/TestProject1.DLL" adapterTypeName="Microsoft.VisualStudio.TestTools.TestTypes.Unit.UnitTestAdapter, Microsoft.VisualStudio.QualityTools.Tips.UnitTest.Adapter, Version=10.0.0.0, Culture=neutral, PublicKeyToken=b03f5f7f11d50a3a" className="TestProject1.MatrixTest, TestProject1, Version=1.0.0.0, Culture=neutral, PublicKeyToken=null" name="InvertibleTest" />
    </UnitTest>
    <UnitTest name="op_SubtractionTest" storage="c:\users\vanderkorn\documents\visual studio 2010\projects\vanderkorn\testproject1\bin\debug\testproject1.dll" id="4d363514-f9c8-ed7e-111b-ae6e584c8128">
      <Execution id="d280396e-e137-4ddf-a692-e7bfa371eb1b" />
      <TestMethod codeBase="C:/Users/vanderkorn/Documents/Visual Studio 2010/Projects/Vanderkorn/TestProject1/bin/Debug/TestProject1.DLL" adapterTypeName="Microsoft.VisualStudio.TestTools.TestTypes.Unit.UnitTestAdapter, Microsoft.VisualStudio.QualityTools.Tips.UnitTest.Adapter, Version=10.0.0.0, Culture=neutral, PublicKeyToken=b03f5f7f11d50a3a" className="TestProject1.MatrixTest, TestProject1, Version=1.0.0.0, Culture=neutral, PublicKeyToken=null" name="op_SubtractionTest" />
    </UnitTest>
    <UnitTest name="TransposeTest1" storage="c:\users\vanderkorn\documents\visual studio 2010\projects\vanderkorn\testproject1\bin\debug\testproject1.dll" id="b0080fb5-25dc-25cd-2706-8a554d872a72">
      <Execution id="dd925a4f-afd3-4f16-85b3-2e50a3dbfbac" />
      <TestMethod codeBase="C:/Users/vanderkorn/Documents/Visual Studio 2010/Projects/Vanderkorn/TestProject1/bin/Debug/TestProject1.DLL" adapterTypeName="Microsoft.VisualStudio.TestTools.TestTypes.Unit.UnitTestAdapter, Microsoft.VisualStudio.QualityTools.Tips.UnitTest.Adapter, Version=10.0.0.0, Culture=neutral, PublicKeyToken=b03f5f7f11d50a3a" className="TestProject1.MatrixTest, TestProject1, Version=1.0.0.0, Culture=neutral, PublicKeyToken=null" name="TransposeTest1" />
    </UnitTest>
    <UnitTest name="IsUpperBiDiagonalTest" storage="c:\users\vanderkorn\documents\visual studio 2010\projects\vanderkorn\testproject1\bin\debug\testproject1.dll" id="a9f0fdff-9fb7-6604-fdec-fdce090da3d7">
      <Execution id="52ee7c52-aea3-4943-97bd-084d666191a3" />
      <TestMethod codeBase="C:/Users/vanderkorn/Documents/Visual Studio 2010/Projects/Vanderkorn/TestProject1/bin/Debug/TestProject1.DLL" adapterTypeName="Microsoft.VisualStudio.TestTools.TestTypes.Unit.UnitTestAdapter, Microsoft.VisualStudio.QualityTools.Tips.UnitTest.Adapter, Version=10.0.0.0, Culture=neutral, PublicKeyToken=b03f5f7f11d50a3a" className="TestProject1.MatrixTest, TestProject1, Version=1.0.0.0, Culture=neutral, PublicKeyToken=null" name="IsUpperBiDiagonalTest" />
    </UnitTest>
    <UnitTest name="PascalTest" storage="c:\users\vanderkorn\documents\visual studio 2010\projects\vanderkorn\testproject1\bin\debug\testproject1.dll" id="60964020-d2ec-0d2e-4def-9c2b4a089380">
      <Execution id="802d9ed2-3a37-4905-bb02-98803cc51a3e" />
      <TestMethod codeBase="C:/Users/vanderkorn/Documents/Visual Studio 2010/Projects/Vanderkorn/TestProject1/bin/Debug/TestProject1.DLL" adapterTypeName="Microsoft.VisualStudio.TestTools.TestTypes.Unit.UnitTestAdapter, Microsoft.VisualStudio.QualityTools.Tips.UnitTest.Adapter, Version=10.0.0.0, Culture=neutral, PublicKeyToken=b03f5f7f11d50a3a" className="TestProject1.MatrixTest, TestProject1, Version=1.0.0.0, Culture=neutral, PublicKeyToken=null" name="PascalTest" />
    </UnitTest>
    <UnitTest name="IsElementOnSubDiagonalTest" storage="c:\users\vanderkorn\documents\visual studio 2010\projects\vanderkorn\testproject1\bin\debug\testproject1.dll" id="8144ebb7-5808-ce78-44b3-b3a8276ae913">
      <Execution id="6f538a6a-9abc-4831-8711-22b0418e6b79" />
      <TestMethod codeBase="C:/Users/vanderkorn/Documents/Visual Studio 2010/Projects/Vanderkorn/TestProject1/bin/Debug/TestProject1.DLL" adapterTypeName="Microsoft.VisualStudio.TestTools.TestTypes.Unit.UnitTestAdapter, Microsoft.VisualStudio.QualityTools.Tips.UnitTest.Adapter, Version=10.0.0.0, Culture=neutral, PublicKeyToken=b03f5f7f11d50a3a" className="TestProject1.MatrixTest, TestProject1, Version=1.0.0.0, Culture=neutral, PublicKeyToken=null" name="IsElementOnSubDiagonalTest" />
    </UnitTest>
    <UnitTest name="ScalarTest" storage="c:\users\vanderkorn\documents\visual studio 2010\projects\vanderkorn\testproject1\bin\debug\testproject1.dll" id="818de38b-2e4a-a9ad-a429-5816126321fd">
      <Execution id="805c0a51-2744-457c-b0a0-3c545e661b2a" />
      <TestMethod codeBase="C:/Users/vanderkorn/Documents/Visual Studio 2010/Projects/Vanderkorn/TestProject1/bin/Debug/TestProject1.DLL" adapterTypeName="Microsoft.VisualStudio.TestTools.TestTypes.Unit.UnitTestAdapter, Microsoft.VisualStudio.QualityTools.Tips.UnitTest.Adapter, Version=10.0.0.0, Culture=neutral, PublicKeyToken=b03f5f7f11d50a3a" className="TestProject1.MatrixTest, TestProject1, Version=1.0.0.0, Culture=neutral, PublicKeyToken=null" name="ScalarTest" />
    </UnitTest>
    <UnitTest name="HilbertTest" storage="c:\users\vanderkorn\documents\visual studio 2010\projects\vanderkorn\testproject1\bin\debug\testproject1.dll" id="767a3daa-d366-7555-25f9-6cd649205c49">
      <Execution id="37cb1118-de94-41df-84d4-945e3e4b0095" />
      <TestMethod codeBase="C:/Users/vanderkorn/Documents/Visual Studio 2010/Projects/Vanderkorn/TestProject1/bin/Debug/TestProject1.DLL" adapterTypeName="Microsoft.VisualStudio.TestTools.TestTypes.Unit.UnitTestAdapter, Microsoft.VisualStudio.QualityTools.Tips.UnitTest.Adapter, Version=10.0.0.0, Culture=neutral, PublicKeyToken=b03f5f7f11d50a3a" className="TestProject1.MatrixTest, TestProject1, Version=1.0.0.0, Culture=neutral, PublicKeyToken=null" name="HilbertTest" />
    </UnitTest>
    <UnitTest name="RowsAdditionTest" storage="c:\users\vanderkorn\documents\visual studio 2010\projects\vanderkorn\testproject1\bin\debug\testproject1.dll" id="87ff32f2-01cf-5ffd-3d95-32fb2da95d79">
      <Execution id="3155644a-24af-4d79-8b79-772710b520d4" />
      <TestMethod codeBase="C:/Users/vanderkorn/Documents/Visual Studio 2010/Projects/Vanderkorn/TestProject1/bin/Debug/TestProject1.DLL" adapterTypeName="Microsoft.VisualStudio.TestTools.TestTypes.Unit.UnitTestAdapter, Microsoft.VisualStudio.QualityTools.Tips.UnitTest.Adapter, Version=10.0.0.0, Culture=neutral, PublicKeyToken=b03f5f7f11d50a3a" className="TestProject1.MatrixTest, TestProject1, Version=1.0.0.0, Culture=neutral, PublicKeyToken=null" name="RowsAdditionTest" />
    </UnitTest>
    <UnitTest name="IsStrictDiagonallyDominantTest" storage="c:\users\vanderkorn\documents\visual studio 2010\projects\vanderkorn\testproject1\bin\debug\testproject1.dll" id="2a4a2d25-e813-c56d-ac99-617e68b74e08">
      <Execution id="d2271c64-556b-47c6-8e00-5737faca2ade" />
      <TestMethod codeBase="C:/Users/vanderkorn/Documents/Visual Studio 2010/Projects/Vanderkorn/TestProject1/bin/Debug/TestProject1.DLL" adapterTypeName="Microsoft.VisualStudio.TestTools.TestTypes.Unit.UnitTestAdapter, Microsoft.VisualStudio.QualityTools.Tips.UnitTest.Adapter, Version=10.0.0.0, Culture=neutral, PublicKeyToken=b03f5f7f11d50a3a" className="TestProject1.MatrixTest, TestProject1, Version=1.0.0.0, Culture=neutral, PublicKeyToken=null" name="IsStrictDiagonallyDominantTest" />
    </UnitTest>
    <UnitTest name="IsBiDiagonalTest" storage="c:\users\vanderkorn\documents\visual studio 2010\projects\vanderkorn\testproject1\bin\debug\testproject1.dll" id="4579bc99-0e24-c782-228c-576c3b8fd5d3">
      <Execution id="8596603d-014e-46ed-9fbf-3b6a35742600" />
      <TestMethod codeBase="C:/Users/vanderkorn/Documents/Visual Studio 2010/Projects/Vanderkorn/TestProject1/bin/Debug/TestProject1.DLL" adapterTypeName="Microsoft.VisualStudio.TestTools.TestTypes.Unit.UnitTestAdapter, Microsoft.VisualStudio.QualityTools.Tips.UnitTest.Adapter, Version=10.0.0.0, Culture=neutral, PublicKeyToken=b03f5f7f11d50a3a" className="TestProject1.MatrixTest, TestProject1, Version=1.0.0.0, Culture=neutral, PublicKeyToken=null" name="IsBiDiagonalTest" />
    </UnitTest>
    <UnitTest name="op_MultiplyTest1" storage="c:\users\vanderkorn\documents\visual studio 2010\projects\vanderkorn\testproject1\bin\debug\testproject1.dll" id="5c662302-4227-0896-c7e6-498123301155">
      <Execution id="e3375781-ebf6-4725-a606-f45aa1a70e0d" />
      <TestMethod codeBase="C:/Users/vanderkorn/Documents/Visual Studio 2010/Projects/Vanderkorn/TestProject1/bin/Debug/TestProject1.DLL" adapterTypeName="Microsoft.VisualStudio.TestTools.TestTypes.Unit.UnitTestAdapter, Microsoft.VisualStudio.QualityTools.Tips.UnitTest.Adapter, Version=10.0.0.0, Culture=neutral, PublicKeyToken=b03f5f7f11d50a3a" className="TestProject1.MatrixTest, TestProject1, Version=1.0.0.0, Culture=neutral, PublicKeyToken=null" name="op_MultiplyTest1" />
    </UnitTest>
    <UnitTest name="op_AdditionTest3" storage="c:\users\vanderkorn\documents\visual studio 2010\projects\vanderkorn\testproject1\bin\debug\testproject1.dll" id="22721632-6b44-068a-5dfb-07b05b326cf4">
      <Execution id="b4455390-81d0-42d8-8ee1-bcc05ab4865e" />
      <TestMethod codeBase="C:/Users/vanderkorn/Documents/Visual Studio 2010/Projects/Vanderkorn/TestProject1/bin/Debug/TestProject1.DLL" adapterTypeName="Microsoft.VisualStudio.TestTools.TestTypes.Unit.UnitTestAdapter, Microsoft.VisualStudio.QualityTools.Tips.UnitTest.Adapter, Version=10.0.0.0, Culture=neutral, PublicKeyToken=b03f5f7f11d50a3a" className="TestProject1.MatrixTest, TestProject1, Version=1.0.0.0, Culture=neutral, PublicKeyToken=null" name="op_AdditionTest3" />
    </UnitTest>
    <UnitTest name="RowsSubtractionTest" storage="c:\users\vanderkorn\documents\visual studio 2010\projects\vanderkorn\testproject1\bin\debug\testproject1.dll" id="c23278b6-aee6-9901-a23b-e2959c48e495">
      <Execution id="423df7bf-28b9-4567-a39c-4f4bd28c52c5" />
      <TestMethod codeBase="C:/Users/vanderkorn/Documents/Visual Studio 2010/Projects/Vanderkorn/TestProject1/bin/Debug/TestProject1.DLL" adapterTypeName="Microsoft.VisualStudio.TestTools.TestTypes.Unit.UnitTestAdapter, Microsoft.VisualStudio.QualityTools.Tips.UnitTest.Adapter, Version=10.0.0.0, Culture=neutral, PublicKeyToken=b03f5f7f11d50a3a" className="TestProject1.MatrixTest, TestProject1, Version=1.0.0.0, Culture=neutral, PublicKeyToken=null" name="RowsSubtractionTest" />
    </UnitTest>
    <UnitTest name="op_AdditionTest5" storage="c:\users\vanderkorn\documents\visual studio 2010\projects\vanderkorn\testproject1\bin\debug\testproject1.dll" id="ddfa8f98-c484-daf2-13e0-b29a27a36693">
      <Execution id="946921e3-7708-4bfe-97b2-7a9591844f61" />
      <TestMethod codeBase="C:/Users/vanderkorn/Documents/Visual Studio 2010/Projects/Vanderkorn/TestProject1/bin/Debug/TestProject1.DLL" adapterTypeName="Microsoft.VisualStudio.TestTools.TestTypes.Unit.UnitTestAdapter, Microsoft.VisualStudio.QualityTools.Tips.UnitTest.Adapter, Version=10.0.0.0, Culture=neutral, PublicKeyToken=b03f5f7f11d50a3a" className="TestProject1.MatrixTest, TestProject1, Version=1.0.0.0, Culture=neutral, PublicKeyToken=null" name="op_AdditionTest5" />
    </UnitTest>
    <UnitTest name="ToArrayTest" storage="c:\users\vanderkorn\documents\visual studio 2010\projects\vanderkorn\testproject1\bin\debug\testproject1.dll" id="e3352cf3-f505-e212-a487-2a019ecebf10">
      <Execution id="06bc9771-53a0-4f9a-9758-2127e9a008c2" />
      <TestMethod codeBase="C:/Users/vanderkorn/Documents/Visual Studio 2010/Projects/Vanderkorn/TestProject1/bin/Debug/TestProject1.DLL" adapterTypeName="Microsoft.VisualStudio.TestTools.TestTypes.Unit.UnitTestAdapter, Microsoft.VisualStudio.QualityTools.Tips.UnitTest.Adapter, Version=10.0.0.0, Culture=neutral, PublicKeyToken=b03f5f7f11d50a3a" className="TestProject1.MatrixTest, TestProject1, Version=1.0.0.0, Culture=neutral, PublicKeyToken=null" name="ToArrayTest" />
    </UnitTest>
    <UnitTest name="FactorialTest" storage="c:\users\vanderkorn\documents\visual studio 2010\projects\vanderkorn\testproject1\bin\debug\testproject1.dll" id="34c16369-77b1-9123-bfb3-07e1c80972b7">
      <DeploymentItems>
        <DeploymentItem filename="Vanderkorn.dll" />
      </DeploymentItems>
      <Execution id="4ebc430a-52e5-47dd-bcb0-b3e1f3997fb6" />
      <TestMethod codeBase="C:/Users/vanderkorn/Documents/Visual Studio 2010/Projects/Vanderkorn/TestProject1/bin/Debug/TestProject1.DLL" adapterTypeName="Microsoft.VisualStudio.TestTools.TestTypes.Unit.UnitTestAdapter, Microsoft.VisualStudio.QualityTools.Tips.UnitTest.Adapter, Version=10.0.0.0, Culture=neutral, PublicKeyToken=b03f5f7f11d50a3a" className="TestProject1.MatrixTest, TestProject1, Version=1.0.0.0, Culture=neutral, PublicKeyToken=null" name="FactorialTest" />
    </UnitTest>
    <UnitTest name="op_MultiplyTest" storage="c:\users\vanderkorn\documents\visual studio 2010\projects\vanderkorn\testproject1\bin\debug\testproject1.dll" id="ff33e67c-6225-2ccf-e101-1116c9d85fc7">
      <Execution id="498bceda-e37e-40ac-ab32-3edc8995d2be" />
      <TestMethod codeBase="C:/Users/vanderkorn/Documents/Visual Studio 2010/Projects/Vanderkorn/TestProject1/bin/Debug/TestProject1.DLL" adapterTypeName="Microsoft.VisualStudio.TestTools.TestTypes.Unit.UnitTestAdapter, Microsoft.VisualStudio.QualityTools.Tips.UnitTest.Adapter, Version=10.0.0.0, Culture=neutral, PublicKeyToken=b03f5f7f11d50a3a" className="TestProject1.MatrixTest, TestProject1, Version=1.0.0.0, Culture=neutral, PublicKeyToken=null" name="op_MultiplyTest" />
    </UnitTest>
    <UnitTest name="LehmerTest" storage="c:\users\vanderkorn\documents\visual studio 2010\projects\vanderkorn\testproject1\bin\debug\testproject1.dll" id="41d14748-27fe-3cbc-5d96-c8abd62202d2">
      <Execution id="0a337c12-1c47-440f-ae31-6b5c7d903928" />
      <TestMethod codeBase="C:/Users/vanderkorn/Documents/Visual Studio 2010/Projects/Vanderkorn/TestProject1/bin/Debug/TestProject1.DLL" adapterTypeName="Microsoft.VisualStudio.TestTools.TestTypes.Unit.UnitTestAdapter, Microsoft.VisualStudio.QualityTools.Tips.UnitTest.Adapter, Version=10.0.0.0, Culture=neutral, PublicKeyToken=b03f5f7f11d50a3a" className="TestProject1.MatrixTest, TestProject1, Version=1.0.0.0, Culture=neutral, PublicKeyToken=null" name="LehmerTest" />
    </UnitTest>
    <UnitTest name="RedhefferElementTest" storage="c:\users\vanderkorn\documents\visual studio 2010\projects\vanderkorn\testproject1\bin\debug\testproject1.dll" id="eb54bf00-75a2-592b-df7d-fc90e7deb1f8">
      <DeploymentItems>
        <DeploymentItem filename="Vanderkorn.dll" />
      </DeploymentItems>
      <Execution id="e289e616-980e-41c8-a558-14f9d1323ca3" />
      <TestMethod codeBase="C:/Users/vanderkorn/Documents/Visual Studio 2010/Projects/Vanderkorn/TestProject1/bin/Debug/TestProject1.DLL" adapterTypeName="Microsoft.VisualStudio.TestTools.TestTypes.Unit.UnitTestAdapter, Microsoft.VisualStudio.QualityTools.Tips.UnitTest.Adapter, Version=10.0.0.0, Culture=neutral, PublicKeyToken=b03f5f7f11d50a3a" className="TestProject1.MatrixTest, TestProject1, Version=1.0.0.0, Culture=neutral, PublicKeyToken=null" name="RedhefferElementTest" />
    </UnitTest>
    <UnitTest name="IsAntiDiagonalTest" storage="c:\users\vanderkorn\documents\visual studio 2010\projects\vanderkorn\testproject1\bin\debug\testproject1.dll" id="7574ba8b-b94b-e425-d423-6591648e3a8c">
      <Execution id="cc9b7081-5bcf-4f26-a1cc-d657cf762aac" />
      <TestMethod codeBase="C:/Users/vanderkorn/Documents/Visual Studio 2010/Projects/Vanderkorn/TestProject1/bin/Debug/TestProject1.DLL" adapterTypeName="Microsoft.VisualStudio.TestTools.TestTypes.Unit.UnitTestAdapter, Microsoft.VisualStudio.QualityTools.Tips.UnitTest.Adapter, Version=10.0.0.0, Culture=neutral, PublicKeyToken=b03f5f7f11d50a3a" className="TestProject1.MatrixTest, TestProject1, Version=1.0.0.0, Culture=neutral, PublicKeyToken=null" name="IsAntiDiagonalTest" />
    </UnitTest>
    <UnitTest name="MatrixConstructorTest1" storage="c:\users\vanderkorn\documents\visual studio 2010\projects\vanderkorn\testproject1\bin\debug\testproject1.dll" id="71a33cf9-6d86-b402-bd3c-eda3d9099cfa">
      <Execution id="e94e75a5-9d12-41ff-90fe-ae66b88c8a99" />
      <TestMethod codeBase="C:/Users/vanderkorn/Documents/Visual Studio 2010/Projects/Vanderkorn/TestProject1/bin/Debug/TestProject1.DLL" adapterTypeName="Microsoft.VisualStudio.TestTools.TestTypes.Unit.UnitTestAdapter, Microsoft.VisualStudio.QualityTools.Tips.UnitTest.Adapter, Version=10.0.0.0, Culture=neutral, PublicKeyToken=b03f5f7f11d50a3a" className="TestProject1.MatrixTest, TestProject1, Version=1.0.0.0, Culture=neutral, PublicKeyToken=null" name="MatrixConstructorTest1" />
    </UnitTest>
    <UnitTest name="ZeroTest1" storage="c:\users\vanderkorn\documents\visual studio 2010\projects\vanderkorn\testproject1\bin\debug\testproject1.dll" id="df13f748-ead8-9367-11cd-50a4449eb6f2">
      <Execution id="b1a24e15-b789-42db-9817-bb07ebbfc4e3" />
      <TestMethod codeBase="C:/Users/vanderkorn/Documents/Visual Studio 2010/Projects/Vanderkorn/TestProject1/bin/Debug/TestProject1.DLL" adapterTypeName="Microsoft.VisualStudio.TestTools.TestTypes.Unit.UnitTestAdapter, Microsoft.VisualStudio.QualityTools.Tips.UnitTest.Adapter, Version=10.0.0.0, Culture=neutral, PublicKeyToken=b03f5f7f11d50a3a" className="TestProject1.MatrixTest, TestProject1, Version=1.0.0.0, Culture=neutral, PublicKeyToken=null" name="ZeroTest1" />
    </UnitTest>
    <UnitTest name="IsZeroTest" storage="c:\users\vanderkorn\documents\visual studio 2010\projects\vanderkorn\testproject1\bin\debug\testproject1.dll" id="311ffe7b-addd-a213-ff2e-a135d7a001d2">
      <Execution id="5f13376c-37ce-4760-9cb8-d0d3efc97d5b" />
      <TestMethod codeBase="C:/Users/vanderkorn/Documents/Visual Studio 2010/Projects/Vanderkorn/TestProject1/bin/Debug/TestProject1.DLL" adapterTypeName="Microsoft.VisualStudio.TestTools.TestTypes.Unit.UnitTestAdapter, Microsoft.VisualStudio.QualityTools.Tips.UnitTest.Adapter, Version=10.0.0.0, Culture=neutral, PublicKeyToken=b03f5f7f11d50a3a" className="TestProject1.MatrixTest, TestProject1, Version=1.0.0.0, Culture=neutral, PublicKeyToken=null" name="IsZeroTest" />
    </UnitTest>
  </TestDefinitions>
  <TestLists>
    <TestList name="Отсутствующие в списке результаты" id="8c84fa94-04c1-424b-9868-57a2d4851a1d" />
    <TestList name="Все загруженные результаты" id="19431567-8539-422a-85d7-44ee4e166bda" />
  </TestLists>
  <TestEntries>
    <TestEntry testId="41d14748-27fe-3cbc-5d96-c8abd62202d2" executionId="0a337c12-1c47-440f-ae31-6b5c7d903928" testListId="8c84fa94-04c1-424b-9868-57a2d4851a1d" />
    <TestEntry testId="71a33cf9-6d86-b402-bd3c-eda3d9099cfa" executionId="e94e75a5-9d12-41ff-90fe-ae66b88c8a99" testListId="8c84fa94-04c1-424b-9868-57a2d4851a1d" />
    <TestEntry testId="36413123-38dc-82e4-6cd7-4b68d5f72cce" executionId="8bbc9ab0-7881-4521-af27-69bece01b4c8" testListId="8c84fa94-04c1-424b-9868-57a2d4851a1d" />
    <TestEntry testId="2af2e75d-2feb-439d-2733-ebba6b83b65e" executionId="55c556af-1fe8-4602-93f3-08c46bb42e27" testListId="8c84fa94-04c1-424b-9868-57a2d4851a1d" />
    <TestEntry testId="2a4a2d25-e813-c56d-ac99-617e68b74e08" executionId="d2271c64-556b-47c6-8e00-5737faca2ade" testListId="8c84fa94-04c1-424b-9868-57a2d4851a1d" />
    <TestEntry testId="9bc2a3b1-a16f-60be-cad1-0bc661a1e754" executionId="2d4a3c50-aaa5-4647-9381-cf0dc561f5f3" testListId="8c84fa94-04c1-424b-9868-57a2d4851a1d" />
    <TestEntry testId="4990595f-872e-762a-cf7a-6c2521bd99e2" executionId="a40aa073-f1ba-477b-bb5c-5739817e627a" testListId="8c84fa94-04c1-424b-9868-57a2d4851a1d" />
[...]
      <Output>
        <ErrorInfo>
          <Message>Метод проверки TestProject1.MatrixTest.AbsTest выдал исключение: System.Exception: Array null.</Message>
          <StackTrace>    в Vanderkorn.Matrixes.Matrix..ctor(Double[,] data) в C:\Users\vanderkorn\Documents\Visual Studio 2010\Projects\Vanderkorn\Vanderkorn\Matrixes\Matrix.cs:строка 70
   в TestProject1.MatrixTest.AbsTest() в C:\Users\vanderkorn\Documents\Visual Studio 2010\Projects\Vanderkorn\TestProject1\MatrixTest.cs:строка 108
</StackTrace>
        </ErrorInfo>
      </Output>
    </UnitTestResult>
    <UnitTestResult executionId="d280396e-e137-4ddf-a692-e7bfa371eb1b" testId="4d363514-f9c8-ed7e-111b-ae6e584c8128" testName="op_SubtractionTest" computerName="VANDERKORN-PC" duration="00:00:00.0037860" startTime="2012-07-01T20:38:13.6532184+05:00" endTime="2012-07-01T20:38:13.6662189+05:00" testType="13cdc9d9-ddb5-4fa4-a97d-d965ccfc6d4b" outcome="Failed" testListId="8c84fa94-04c1-424b-9868-57a2d4851a1d" relativeResultsDirectory="d280396e-e137-4ddf-a692-e7bfa371eb1b">
      <Output>
        <ErrorInfo>
          <Message>Метод проверки TestProject1.MatrixTest.op_SubtractionTest выдал исключение: System.NullReferenceException: Ссылка на объект не указывает на экземпляр объекта..</Message>
          <StackTrace>    в Vanderkorn.Matrixes.Matrix.op_Addition(Matrix matrix, Double a) в C:\Users\vanderkorn\Documents\Visual Studio 2010\Projects\Vanderkorn\Vanderkorn\Matrixes\Matrix.cs:строка 1084
   в Vanderkorn.Matrixes.Matrix.op_Subtraction(Matrix matrix, Double a) в C:\Users\vanderkorn\Documents\Visual Studio 2010\Projects\Vanderkorn\Vanderkorn\Matrixes\Matrix.cs:строка 1128
   в Vanderkorn.Matrixes.Matrix.op_Subtraction(Matrix matrix, UInt32 a) в C:\Users\vanderkorn\Documents\Visual Studio 2010\Projects\Vanderkorn\Vanderkorn\Matrixes\Matrix.cs:строка 1136
   в TestProject1.MatrixTest.op_SubtractionTest() в C:\Users\vanderkorn\Documents\Visual Studio 2010\Projects\Vanderkorn\TestProject1\MatrixTest.cs:строка 1423
</StackTrace>
        </ErrorInfo>
      </Output>
    </UnitTestResult>
    <UnitTestResult executionId="6ed13bbd-7e07-4f3e-afb9-3bf351796a51" testId="15b8a582-65ef-8a94-ebb4-77ca9868956f" testName="MoveIfNeedTest" computerName="VANDERKORN-PC" duration="00:00:00.0036968" startTime="2012-07-01T20:38:13.6722191+05:00" endTime="2012-07-01T20:38:13.6852195+05:00" testType="13cdc9d9-ddb5-4fa4-a97d-d965ccfc6d4b" outcome="Failed" testListId="8c84fa94-04c1-424b-9868-57a2d4851a1d" relativeResultsDirectory="6ed13bbd-7e07-4f3e-afb9-3bf351796a51">
      <Output>
        <ErrorInfo>
          <Message>Метод проверки TestProject1.MatrixTest.MoveIfNeedTest выдал исключение: System.NullReferenceException: Ссылка на объект не указывает на экземпляр объекта..</Message>
          <StackTrace>   в Vanderkorn.Matrixes.Matrix_Accessor.MoveIfNeed(UInt64 row, UInt64 column, Matrix I)
   в TestProject1.MatrixTest.MoveIfNeedTest() в C:\Users\vanderkorn\Documents\Visual Studio 2010\Projects\Vanderkorn\TestProject1\MatrixTest.cs:строка 653
</StackTrace>
        </ErrorInfo>
      </Output>
    </UnitTestResult>
    <UnitTestResult executionId="1e5db361-26c7-4330-bfd0-4bd1b9e2b993" testId="8a076334-ed9b-9218-85c9-3dfa9f1fabd7" testName="op_SubtractionTest2" computerName="VANDERKORN-PC" duration="00:00:00.0030820" startTime="2012-07-01T20:38:13.6922197+05:00" endTime="2012-07-01T20:38:13.7092203+05:00" testType="13cdc9d9-ddb5-4fa4-a97d-d965ccfc6d4b" outcome="Failed" testListId="8c84fa94-04c1-424b-9868-57a2d4851a1d" relativeResultsDirectory="1e5db361-26c7-4330-bfd0-4bd1b9e2b993">
      <Output>
        <ErrorInfo>
          <Message>Метод проверки TestProject1.MatrixTest.op_SubtractionTest2 выдал исключение: System.NullReferenceException: Ссылка на объект не указывает на экземпляр объекта..</Message>
          <StackTrace>    в Vanderkorn.Matrixes.Matrix.op_Addition(Matrix matrix, Double a) в C:\Users\vanderkorn\Documents\Visual Studio 2010\Projects\Vanderkorn\Vanderkorn\Matrixes\Matrix.cs:строка 1084
   в Vanderkorn.Matrixes.Matrix.op_Subtraction(Matrix matrix, Double a) в C:\Users\vanderkorn\Documents\Visual Studio 2010\Projects\Vanderkorn\Vanderkorn\Matrixes\Matrix.cs:строка 1128
   в TestProject1.MatrixTest.op_SubtractionTest2() в C:\Users\vanderkorn\Documents\Visual Studio 2010\Projects\Vanderkorn\TestProject1\MatrixTest.cs:строка 1453
</StackTrace>
        </ErrorInfo>
      </Output>
    </UnitTestResult>
    <UnitTestResult executionId="6f538a6a-9abc-4831-8711-22b0418e6b79" testId="8144ebb7-5808-ce78-44b3-b3a8276ae913" testName="IsElementOnSubDiagonalTest" computerName="VANDERKORN-PC" duration="00:00:00.0036407" startTime="2012-07-01T20:38:13.7142204+05:00" endTime="2012-07-01T20:38:13.7352211+05:00" testType="13cdc9d9-ddb5-4fa4-a97d-d965ccfc6d4b" outcome="Failed" testListId="8c84fa94-04c1-424b-9868-57a2d4851a1d" relativeResultsDirectory="6f538a6a-9abc-4831-8711-22b0418e6b79">
      <Output>
        <ErrorInfo>
          <Message>Метод проверки TestProject1.MatrixTest.IsElementOnSubDiagonalTest выдал исключение: System.Exception: Array null.</Message>
          <StackTrace>    в Vanderkorn.Matrixes.Matrix..ctor(Double[,] data) в C:\Users\vanderkorn\Documents\Visual Studio 2010\Projects\Vanderkorn\Vanderkorn\Matrixes\Matrix.cs:строка 70
   в TestProject1.MatrixTest.IsElementOnSubDiagonalTest() в C:\Users\vanderkorn\Documents\Visual Studio 2010\Projects\Vanderkorn\TestProject1\MatrixTest.cs:строка 445
</StackTrace>
        </ErrorInfo>
      </Output>
    </UnitTestResult>
    <UnitTestResult executionId="2bba6e00-7cee-4ab3-8c76-e3abd16499cf" testId="b54f6477-0234-3ebd-6564-204d52e593bd" testName="CloneTest" computerName="VANDERKORN-PC" duration="00:00:00.0031819" startTime="2012-07-01T20:38:13.7412213+05:00" endTime="2012-07-01T20:38:13.7532217+05:00" testType="13cdc9d9-ddb5-4fa4-a97d-d965ccfc6d4b" outcome="Failed" testListId="8c84fa94-04c1-424b-9868-57a2d4851a1d" relativeResultsDirectory="2bba6e00-7cee-4ab3-8c76-e3abd16499cf">
      <Output>
        <ErrorInfo>
          <Message>Метод проверки TestProject1.MatrixTest.CloneTest выдал исключение: System.Exception: Array null.</Message>
          <StackTrace>    в Vanderkorn.Matrixes.Matrix..ctor(Double[,] data) в C:\Users\vanderkorn\Documents\Visual Studio 2010\Projects\Vanderkorn\Vanderkorn\Matrixes\Matrix.cs:строка 70
   в TestProject1.MatrixTest.CloneTest() в C:\Users\vanderkorn\Documents\Visual Studio 2010\Projects\Vanderkorn\TestProject1\MatrixTest.cs:строка 134
</StackTrace>
        </ErrorInfo>
      </Output>
    </UnitTestResult>
    <UnitTestResult executionId="6cac2751-5e37-4968-8cd7-d93e8f0cafb9" testId="ccf9122f-266a-bad8-442b-07d1ab013364" testName="EyeTest" computerName="VANDERKORN-PC" duration="00:00:00.0034764" startTime="2012-07-01T20:38:13.7582218+05:00" endTime="2012-07-01T20:38:13.7702222+05:00" testType="13cdc9d9-ddb5-4fa4-a97d-d965ccfc6d4b" outcome="Failed" testListId="8c84fa94-04c1-424b-9868-57a2d4851a1d" relativeResultsDirectory="6cac2751-5e37-4968-8cd7-d93e8f0cafb9">
      <Output>
        <ErrorInfo>
          <Message>Метод проверки TestProject1.MatrixTest.EyeTest выдал исключение: System.Exception: Matrix must be positive size.</Message>
          <StackTrace>    в Vanderkorn.Matrixes.Matrix..ctor(UInt64 rowsCount, UInt64 columnsCount) в C:\Users\vanderkorn\Documents\Visual Studio 2010\Projects\Vanderkorn\Vanderkorn\Matrixes\Matrix.cs:строка 56
   в Vanderkorn.Matrixes.Matrix.Identity(UInt64 size) в C:\Users\vanderkorn\Documents\Visual Studio 2010\Projects\Vanderkorn\Vanderkorn\Matrixes\Matrix.cs:строка 760
   в Vanderkorn.Matrixes.Matrix.Eye(UInt64 size) в C:\Users\vanderkorn\Documents\Visual Studio 2010\Projects\Vanderkorn\Vanderkorn\Matrixes\Matrix.cs:строка 779
   в TestProject1.MatrixTest.EyeTest() в C:\Users\vanderkorn\Documents\Visual Studio 2010\Projects\Vanderkorn\TestProject1\MatrixTest.cs:строка 239
</StackTrace>
        </ErrorInfo>
      </Output>
    </UnitTestResult>
    <UnitTestResult executionId="d37f15a5-51a0-4b03-9374-c38855b357ad" testId="39f223aa-d3a9-66e8-a350-a93613838541" testName="RowsTranspositionTest" computerName="VANDERKORN-PC" duration="00:00:00.0027168" startTime="2012-07-01T20:38:13.7732223+05:00" endTime="2012-07-01T20:38:13.7832226+05:00" testType="13cdc9d9-ddb5-4fa4-a97d-d965ccfc6d4b" outcome="Failed" testListId="8c84fa94-04c1-424b-9868-57a2d4851a1d" relativeResultsDirectory="d37f15a5-51a0-4b03-9374-c38855b357ad">
      <Output>
        <ErrorInfo>
          <Message>Метод проверки TestProject1.MatrixTest.RowsTranspositionTest выдал исключение: System.Exception: Array null.</Message>
          <StackTrace>    в Vanderkorn.Matrixes.Matrix..ctor(Double[,] data) в C:\Users\vanderkorn\Documents\Visual Studio 2010\Projects\Vanderkorn\Vanderkorn\Matrixes\Matrix.cs:строка 70
   в TestProject1.MatrixTest.RowsTranspositionTest() в C:\Users\vanderkorn\Documents\Visual Studio 2010\Projects\Vanderkorn\TestProject1\MatrixTest.cs:строка 922
</StackTrace>
        </ErrorInfo>
      </Output>
    </UnitTestResult>
    <UnitTestResult executionId="62291787-8bba-4e6e-9550-75c119998da8" testId="e3f9a2b1-d282-72db-e07c-ed612981e2ba" testName="RowMultiplicationTest" computerName="VANDERKORN-PC" duration="00:00:00.0027304" startTime="2012-07-01T20:38:13.7872228+05:00" endTime="2012-07-01T20:38:13.7962231+05:00" testType="13cdc9d9-ddb5-4fa4-a97d-d965ccfc6d4b" outcome="Failed" testListId="8c84fa94-04c1-424b-9868-57a2d4851a1d" relativeResultsDirectory="62291787-8bba-4e6e-9550-75c119998da8">
      <Output>
        <ErrorInfo>
          <Message>Метод проверки TestProject1.MatrixTest.RowMultiplicationTest выдал исключение: System.Exception: Array null.</Message>
          <StackTrace>    в Vanderkorn.Matrixes.Matrix..ctor(Double[,] data) в C:\Users\vanderkorn\Documents\Visual Studio 2010\Projects\Vanderkorn\Vanderkorn\Matrixes\Matrix.cs:строка 70
   в TestProject1.MatrixTest.RowMultiplicationTest() в C:\Users\vanderkorn\Documents\Visual Studio 2010\Projects\Vanderkorn\TestProject1\MatrixTest.cs:строка 864
</StackTrace>
        </ErrorInfo>
      </Output>
    </UnitTestResult>
    <UnitTestResult executionId="e55c97a2-3374-4f35-8cfb-49f2ac8a92a4" testId="6dd00cea-5026-16d9-dea1-25c83e13b882" testName="op_DivisionTest3" computerName="VANDERKORN-PC" duration="00:00:00.0034067" startTime="2012-07-01T20:38:13.8072234+05:00" endTime="2012-07-01T20:38:13.8352243+05:00" testType="13cdc9d9-ddb5-4fa4-a97d-d965ccfc6d4b" outcome="Failed" testListId="8c84fa94-04c1-424b-9868-57a2d4851a1d" relativeResultsDirectory="e55c97a2-3374-4f35-8cfb-49f2ac8a92a4">
      <Output>
        <ErrorInfo>
          <Message>Метод проверки TestProject1.MatrixTest.op_DivisionTest3 выдал исключение: System.NullReferenceException: Ссылка на объект не указывает на экземпляр объекта..</Message>
          <StackTrace>    в Vanderkorn.Matrixes.Matrix.op_Division(Matrix matrix, Double a) в C:\Users\vanderkorn\Documents\Visual Studio 2010\Projects\Vanderkorn\Vanderkorn\Matrixes\Matrix.cs:строка 1212
   в Vanderkorn.Matrixes.Matrix.op_Division(Matrix matrix, Int32 a) в C:\Users\vanderkorn\Documents\Visual Studio 2010\Projects\Vanderkorn\Vanderkorn\Matrixes\Matrix.cs:строка 1222
   в TestProject1.MatrixTest.op_DivisionTest3() в C:\Users\vanderkorn\Documents\Visual Studio 2010\Projects\Vanderkorn\TestProject1\MatrixTest.cs:строка 1243
</StackTrace>
        </ErrorInfo>
      </Output>
    </UnitTestResult>
    <UnitTestResult executionId="428603fb-5f72-4281-af06-8d27d14e0049" testId="729a178a-6527-bb4f-7f24-485ff980a0ba" testName="MatrixConstructorTest" computerName="VANDERKORN-PC" duration="00:00:00.0029240" startTime="2012-07-01T20:38:13.8432246+05:00" endTime="2012-07-01T20:38:13.8572250+05:00" testType="13cdc9d9-ddb5-4fa4-a97d-d965ccfc6d4b" outcome="Failed" testListId="8c84fa94-04c1-424b-9868-57a2d4851a1d" relativeResultsDirectory="428603fb-5f72-4281-af06-8d27d14e0049">
      <Output>
        <ErrorInfo>
          <Message>Метод проверки TestProject1.MatrixTest.MatrixConstructorTest выдал исключение: System.Exception: Array null.</Message>
          <StackTrace>    в Vanderkorn.Matrixes.Matrix..ctor(Double[,] data) в C:\Users\vanderkorn\Documents\Visual Studio 2010\Projects\Vanderkorn\Vanderkorn\Matrixes\Matrix.cs:строка 70
   в TestProject1.MatrixTest.MatrixConstructorTest() в C:\Users\vanderkorn\Documents\Visual Studio 2010\Projects\Vanderkorn\TestProject1\MatrixTest.cs:строка 74
</StackTrace>
        </ErrorInfo>
      </Output>
    </UnitTestResult>
    <UnitTestResult executionId="cc9b7081-5bcf-4f26-a1cc-d657cf762aac" testId="7574ba8b-b94b-e425-d423-6591648e3a8c" testName="IsAntiDiagonalTest" computerName="VANDERKORN-PC" duration="00:00:00.0027309" startTime="2012-07-01T20:38:13.8652253+05:00" endTime="2012-07-01T20:38:13.8862260+05:00" testType="13cdc9d9-ddb5-4fa4-a97d-d965ccfc6d4b" outcome="Failed" testListId="8c84fa94-04c1-424b-9868-57a2d4851a1d" relativeResultsDirectory="cc9b7081-5bcf-4f26-a1cc-d657cf762aac">
      <Output>
        <ErrorInfo>
          <Message>Метод проверки TestProject1.MatrixTest.IsAntiDiagonalTest выдал исключение: System.Exception: Array null.</Message>
          <StackTrace>    в Vanderkorn.Matrixes.Matrix..ctor(Double[,] data) в C:\Users\vanderkorn\Documents\Visual Studio 2010\Projects\Vanderkorn\Vanderkorn\Matrixes\Matrix.cs:строка 70
   в TestProject1.MatrixTest.IsAntiDiagonalTest() в C:\Users\vanderkorn\Documents\Visual Studio 2010\Projects\Vanderkorn\TestProject1\MatrixTest.cs:строка 351
</StackTrace>
        </ErrorInfo>
      </Output>
    </UnitTestResult>
    <UnitTestResult executionId="c5e56e16-881f-48c5-b6a9-b16d9d94f289" testId="f98d0c38-682e-c60a-1593-15001c66f71e" testName="op_DivisionTest1" computerName="VANDERKORN-PC" duration="00:00:00.0032716" startTime="2012-07-01T20:38:13.9082267+05:00" endTime="2012-07-01T20:38:13.9302274+05:00" testType="13cdc9d9-ddb5-4fa4-a97d-d965ccfc6d4b" outcome="Failed" testListId="8c84fa94-04c1-424b-9868-57a2d4851a1d" relativeResultsDirectory="c5e56e16-881f-48c5-b6a9-b16d9d94f289">
      <Output>
        <ErrorInfo>
          <Message>Метод проверки TestProject1.MatrixTest.op_DivisionTest1 выдал исключение: System.NullReferenceException: Ссылка на объект не указывает на экземпляр объекта..</Message>
          <StackTrace>    в Vanderkorn.Matrixes.Matrix.op_Division(Matrix matrix, Double a) в C:\Users\vanderkorn\Documents\Visual Studio 2010\Projects\Vanderkorn\Vanderkorn\Matrixes\Matrix.cs:строка 1212
   в Vanderkorn.Matrixes.Matrix.op_Division(Matrix matrix, UInt32 a) в C:\Users\vanderkorn\Documents\Visual Studio 2010\Projects\Vanderkorn\Vanderkorn\Matrixes\Matrix.cs:строка 1226
   в TestProject1.MatrixTest.op_DivisionTest1() в C:\Users\vanderkorn\Documents\Visual Studio 2010\Projects\Vanderkorn\TestProject1\MatrixTest.cs:строка 1213
</StackTrace>
        </ErrorInfo>
      </Output>
    </UnitTestResult>
    <UnitTestResult executionId="6ecb7b90-372b-4e21-a7a9-25814092451c" testId="1d795ad3-1884-4dde-7cf2-60beb0811a4a" testName="op_AdditionTest6" computerName="VANDERKORN-PC" duration="00:00:00.0030132" startTime="2012-07-01T20:38:13.9362276+05:00" endTime="2012-07-01T20:38:13.9562283+05:00" testType="13cdc9d9-ddb5-4fa4-a97d-d965ccfc6d4b" outcome="Failed" testListId="8c84fa94-04c1-424b-9868-57a2d4851a1d" relativeResultsDirectory="6ecb7b90-372b-4e21-a7a9-25814092451c">
      <Output>
        <ErrorInfo>
          <Message>Метод проверки TestProject1.MatrixTest.op_AdditionTest6 выдал исключение: System.NullReferenceException: Ссылка на объект не указывает на экземпляр объекта..</Message>
          <StackTrace>    в Vanderkorn.Matrixes.Matrix.op_Addition(Matrix matrix, Double a) в C:\Users\vanderkorn\Documents\Visual Studio 2010\Projects\Vanderkorn\Vanderkorn\Matrixes\Matrix.cs:строка 1084
   в Vanderkorn.Matrixes.Matrix.op_Addition(Matrix matrix, UInt64 a) в C:\Users\vanderkorn\Documents\Visual Studio 2010\Projects\Vanderkorn\Vanderkorn\Matrixes\Matrix.cs:строка 1105
   в TestProject1.MatrixTest.op_AdditionTest6() в C:\Users\vanderkorn\Documents\Visual Studio 2010\Projects\Vanderkorn\TestProject1\MatrixTest.cs:строка 1183
</StackTrace>
        </ErrorInfo>
      </Output>
    </UnitTestResult>
    <UnitTestResult executionId="3155644a-24af-4d79-8b79-772710b520d4" testId="87ff32f2-01cf-5ffd-3d95-32fb2da95d79" testName="RowsAdditionTest" computerName="VANDERKORN-PC" duration="00:00:00.0027138" startTime="2012-07-01T20:38:13.9642285+05:00" endTime="2012-07-01T20:38:13.9832291+05:00" testType="13cdc9d9-ddb5-4fa4-a97d-d965ccfc6d4b" outcome="Failed" testListId="8c84fa94-04c1-424b-9868-57a2d4851a1d" relativeResultsDirectory="3155644a-24af-4d79-8b79-772710b520d4">
      <Output>
        <ErrorInfo>
          <Message>Метод проверки TestProject1.MatrixTest.RowsAdditionTest выдал исключение: System.Exception: Array null.</Message>
          <StackTrace>    в Vanderkorn.Matrixes.Matrix..ctor(Double[,] data) в C:\Users\vanderkorn\Documents\Visual Studio 2010\Projects\Vanderkorn\Vanderkorn\Matrixes\Matrix.cs:строка 70
   в TestProject1.MatrixTest.RowsAdditionTest() в C:\Users\vanderkorn\Documents\Visual Studio 2010\Projects\Vanderkorn\TestProject1\MatrixTest.cs:строка 878
</StackTrace>
        </ErrorInfo>
      </Output>
    </UnitTestResult>
    <UnitTestResult executionId="b1a24e15-b789-42db-9817-bb07ebbfc4e3" testId="df13f748-ead8-9367-11cd-50a4449eb6f2" testName="ZeroTest1" computerName="VANDERKORN-PC" duration="00:00:00.0029411" startTime="2012-07-01T20:38:13.9882293+05:00" endTime="2012-07-01T20:38:14.0122301+05:00" testType="13cdc9d9-ddb5-4fa4-a97d-d965ccfc6d4b" outcome="Failed" testListId="8c84fa94-04c1-424b-9868-57a2d4851a1d" relativeResultsDirectory="b1a24e15-b789-42db-9817-bb07ebbfc4e3">
      <Output>
        <ErrorInfo>
          <Message>Метод проверки TestProject1.MatrixTest.ZeroTest1 выдал исключение: System.Exception: Matrix must be positive size.</Message>
          <StackTrace>    в Vanderkorn.Matrixes.Matrix..ctor(UInt64 rowsCount, UInt64 columnsCount) в C:\Users\vanderkorn\Documents\Visual Studio 2010\Projects\Vanderkorn\Vanderkorn\Matrixes\Matrix.cs:строка 56
   в Vanderkorn.Matrixes.Matrix.Zero(UInt64 rowsCount, UInt64 columnsCount) в C:\Users\vanderkorn\Documents\Visual Studio 2010\Projects\Vanderkorn\Vanderkorn\Matrixes\Matrix.cs:строка 790
   в TestProject1.MatrixTest.ZeroTest1() в C:\Users\vanderkorn\Documents\Visual Studio 2010\Projects\Vanderkorn\TestProject1\MatrixTest.cs:строка 1078
</StackTrace>
        </ErrorInfo>
      </Output>
    </UnitTestResult>
    <UnitTestResult executionId="a6288458-3cd8-4dac-b8fb-dea7df340386" testId="1106e1d5-f387-bbad-aa94-e8c0753c45a1" testName="TransposeTest" computerName="VANDERKORN-PC" duration="00:00:00.0027392" startTime="2012-07-01T20:38:14.0172302+05:00" endTime="2012-07-01T20:38:14.0392309+05:00" testType="13cdc9d9-ddb5-4fa4-a97d-d965ccfc6d4b" outcome="Failed" testListId="8c84fa94-04c1-424b-9868-57a2d4851a1d" relativeResultsDirectory="a6288458-3cd8-4dac-b8fb-dea7df340386">
      <Output>
        <ErrorInfo>
          <Message>Метод проверки TestProject1.MatrixTest.TransposeTest выдал исключение: System.Exception: Array null.</Message>
          <StackTrace>    в Vanderkorn.Matrixes.Matrix..ctor(Double[,] data) в C:\Users\vanderkorn\Documents\Visual Studio 2010\Projects\Vanderkorn\Vanderkorn\Matrixes\Matrix.cs:строка 70
   в TestProject1.MatrixTest.TransposeTest() в C:\Users\vanderkorn\Documents\Visual Studio 2010\Projects\Vanderkorn\TestProject1\MatrixTest.cs:строка 1021
</StackTrace>
        </ErrorInfo>
      </Output>
    </UnitTestResult>
  </Results>
</TestRun>